00000009	1.94263518	[18220] gil-taken|<frozen importlib._bootstrap_external>:_path_stat:87|1	
00000010	1.94280839	[18220] gil-taken|<frozen importlib._bootstrap_external>:_path_stat:87|1	
00000011	1.94293201	[18220] gil-taken|<frozen importlib._bootstrap_external>:_path_stat:87|1	
00000012	1.94303858	[18220] gil-taken|<frozen importlib._bootstrap_external>:_path_stat:87|1	
00000013	1.94321561	[18220] gil-taken|<frozen importlib._bootstrap_external>:_path_stat:87|1	
00000014	1.94335020	[18220] gil-taken|<frozen importlib._bootstrap_external>:_path_stat:87|1	
00000015	1.94347882	[18220] gil-taken|<frozen importlib._bootstrap_external>:_path_stat:87|1	
00000016	1.94354022	[18220] gil-taken|<frozen importlib._bootstrap_external>:_path_stat:87|1	
00000017	1.94369400	[18220] gil-taken|<frozen importlib._bootstrap_external>:_path_stat:87|1	
00000018	1.94374824	[18220] gil-taken|<frozen importlib._bootstrap_external>:_fill_cache:1483|1	
00000019	1.94378078	[18220] gil-taken|<frozen importlib._bootstrap_external>:_fill_cache:1483|1	
00000020	1.94379795	[18220] gil-taken|<frozen importlib._bootstrap_external>:_fill_cache:1483|1	
00000021	1.94382322	[18220] gil-taken|<frozen importlib._bootstrap_external>:_fill_cache:1483|1	
00000022	1.94387317	[18220] gil-taken|<frozen importlib._bootstrap_external>:_fill_cache:1483|1	
00000023	1.94394445	[18220] gil-taken|<frozen importlib._bootstrap_external>:_fill_cache:1483|1	
00000024	1.94402277	[18220] gil-taken|<frozen importlib._bootstrap_external>:_fill_cache:1483|1	
00000025	1.94411397	[18220] gil-taken|<frozen importlib._bootstrap_external>:_fill_cache:1483|1	
00000026	1.94418657	[18220] gil-taken|<frozen importlib._bootstrap_external>:_fill_cache:1483|1	
00000027	1.94419837	[18220] gil-taken|<frozen importlib._bootstrap_external>:_fill_cache:1483|1	
00000028	1.94424760	[18220] gil-taken|<frozen importlib._bootstrap_external>:_fill_cache:1483|1	
00000029	1.94431758	[18220] gil-taken|<frozen importlib._bootstrap_external>:_fill_cache:1483|1	
00000030	1.94439042	[18220] gil-taken|<frozen importlib._bootstrap_external>:_fill_cache:1483|1	
00000031	1.94446421	[18220] gil-taken|<frozen importlib._bootstrap_external>:_fill_cache:1483|1	
00000032	1.94447243	[18220] gil-taken|<frozen importlib._bootstrap_external>:_fill_cache:1483|1	
00000033	1.94453120	[18220] gil-taken|<frozen importlib._bootstrap_external>:_fill_cache:1483|1	
00000034	1.94459903	[18220] gil-taken|<frozen importlib._bootstrap_external>:_fill_cache:1483|1	
00000035	1.94467342	[18220] gil-taken|<frozen importlib._bootstrap_external>:_fill_cache:1483|1	
00000036	1.94471622	[18220] gil-taken|<frozen importlib._bootstrap_external>:_fill_cache:1483|1	
00000037	1.94474840	[18220] gil-taken|<frozen importlib._bootstrap_external>:_fill_cache:1483|1	
00000038	1.94476724	[18220] gil-taken|<frozen importlib._bootstrap_external>:_fill_cache:1483|1	
00000039	1.94478405	[18220] gil-taken|<frozen importlib._bootstrap_external>:_fill_cache:1483|1	
00000040	1.94480181	[18220] gil-taken|<frozen importlib._bootstrap_external>:_fill_cache:1483|1	
00000041	1.94482517	[18220] gil-taken|<frozen importlib._bootstrap_external>:_fill_cache:1483|1	
00000042	1.94484317	[18220] gil-taken|<frozen importlib._bootstrap_external>:_fill_cache:1483|1	
00000043	1.94486237	[18220] gil-taken|<frozen importlib._bootstrap_external>:_fill_cache:1483|1	
00000044	1.94491518	[18220] gil-taken|<frozen importlib._bootstrap_external>:_fill_cache:1483|1	
00000045	1.94498682	[18220] gil-taken|<frozen importlib._bootstrap_external>:_fill_cache:1483|1	
00000046	1.94504118	[18220] gil-taken|<frozen importlib._bootstrap_external>:_fill_cache:1483|1	
00000047	1.94511235	[18220] gil-taken|<frozen importlib._bootstrap_external>:_fill_cache:1483|1	
00000048	1.94519365	[18220] gil-taken|<frozen importlib._bootstrap_external>:_fill_cache:1483|1	
00000049	1.94526803	[18220] gil-taken|<frozen importlib._bootstrap_external>:_fill_cache:1483|1	
00000050	1.94534183	[18220] gil-taken|<frozen importlib._bootstrap_external>:_fill_cache:1483|1	
00000051	1.94541478	[18220] gil-taken|<frozen importlib._bootstrap_external>:_fill_cache:1483|1	
00000052	1.94549465	[18220] gil-taken|<frozen importlib._bootstrap_external>:_fill_cache:1483|1	
00000053	1.94556558	[18220] gil-taken|<frozen importlib._bootstrap_external>:_fill_cache:1483|1	
00000054	1.94557905	[18220] gil-taken|<frozen importlib._bootstrap_external>:_fill_cache:1483|1	
00000055	1.94562685	[18220] gil-taken|<frozen importlib._bootstrap_external>:_fill_cache:1483|1	
00000056	1.94569886	[18220] gil-taken|<frozen importlib._bootstrap_external>:_fill_cache:1483|1	
00000057	1.94571865	[18220] gil-taken|<frozen importlib._bootstrap_external>:_fill_cache:1483|1	
00000058	1.94576836	[18220] gil-taken|<frozen importlib._bootstrap_external>:_fill_cache:1483|1	
00000059	1.94582236	[18220] gil-taken|<frozen importlib._bootstrap_external>:_fill_cache:1483|1	
00000060	1.94587684	[18220] gil-taken|<frozen importlib._bootstrap_external>:_fill_cache:1483|1	
00000061	1.94595516	[18220] gil-taken|<frozen importlib._bootstrap_external>:_fill_cache:1483|1	
00000062	1.94603062	[18220] gil-taken|<frozen importlib._bootstrap_external>:_fill_cache:1483|1	
00000063	1.94604838	[18220] gil-taken|<frozen importlib._bootstrap_external>:_fill_cache:1483|1	
00000064	1.94609797	[18220] gil-taken|<frozen importlib._bootstrap_external>:_fill_cache:1483|1	
00000065	1.94616878	[18220] gil-taken|<frozen importlib._bootstrap_external>:_fill_cache:1483|1	
00000066	1.94624519	[18220] gil-taken|<frozen importlib._bootstrap_external>:_fill_cache:1483|1	
00000067	1.94632757	[18220] gil-taken|<frozen importlib._bootstrap_external>:_fill_cache:1483|1	
00000068	1.94640756	[18220] gil-taken|<frozen importlib._bootstrap_external>:_fill_cache:1483|1	
00000069	1.94648886	[18220] gil-taken|<frozen importlib._bootstrap_external>:_fill_cache:1483|1	
00000070	1.94656444	[18220] gil-taken|<frozen importlib._bootstrap_external>:_fill_cache:1483|1	
00000071	1.94664598	[18220] gil-taken|<frozen importlib._bootstrap_external>:_fill_cache:1483|1	
00000072	1.94672644	[18220] gil-taken|<frozen importlib._bootstrap_external>:_fill_cache:1483|1	
00000073	1.94674921	[18220] gil-taken|<frozen importlib._bootstrap_external>:_fill_cache:1483|1	
00000074	1.94680119	[18220] gil-taken|<frozen importlib._bootstrap_external>:_fill_cache:1483|1	
00000075	1.94682324	[18220] gil-taken|<frozen importlib._bootstrap_external>:_fill_cache:1483|1	
00000076	1.94689155	[18220] gil-taken|<frozen importlib._bootstrap_external>:_fill_cache:1483|1	
00000077	1.94696879	[18220] gil-taken|<frozen importlib._bootstrap_external>:_fill_cache:1483|1	
00000078	1.94705260	[18220] gil-taken|<frozen importlib._bootstrap_external>:_fill_cache:1483|1	
00000079	1.94713819	[18220] gil-taken|<frozen importlib._bootstrap_external>:_fill_cache:1483|1	
00000080	1.94721794	[18220] gil-taken|<frozen importlib._bootstrap_external>:_fill_cache:1483|1	
00000081	1.94729602	[18220] gil-taken|<frozen importlib._bootstrap_external>:_fill_cache:1483|1	
00000082	1.94736719	[18220] gil-taken|<frozen importlib._bootstrap_external>:_fill_cache:1483|1	
00000083	1.94744563	[18220] gil-taken|<frozen importlib._bootstrap_external>:_fill_cache:1483|1	
00000084	1.94751763	[18220] gil-taken|<frozen importlib._bootstrap_external>:_fill_cache:1483|1	
00000085	1.94759762	[18220] gil-taken|<frozen importlib._bootstrap_external>:_fill_cache:1483|1	
00000086	1.94767237	[18220] gil-taken|<frozen importlib._bootstrap_external>:_fill_cache:1483|1	
00000087	1.94774878	[18220] gil-taken|<frozen importlib._bootstrap_external>:_fill_cache:1483|1	
00000088	1.94780040	[18220] gil-taken|<frozen importlib._bootstrap_external>:_fill_cache:1483|1	
00000089	1.94782078	[18220] gil-taken|<frozen importlib._bootstrap_external>:_fill_cache:1483|1	
00000090	1.94784725	[18220] gil-taken|<frozen importlib._bootstrap_external>:_fill_cache:1483|1	
00000091	1.94789565	[18220] gil-taken|<frozen importlib._bootstrap_external>:_fill_cache:1483|1	
00000092	1.94794881	[18220] gil-taken|<frozen importlib._bootstrap_external>:_fill_cache:1483|1	
00000093	1.94803119	[18220] gil-taken|<frozen importlib._bootstrap_external>:_fill_cache:1483|1	
00000094	1.94805205	[18220] gil-taken|<frozen importlib._bootstrap_external>:_fill_cache:1483|1	
00000095	1.94810486	[18220] gil-taken|<frozen importlib._bootstrap_external>:_fill_cache:1483|1	
00000096	1.94812560	[18220] gil-taken|<frozen importlib._bootstrap_external>:_fill_cache:1483|1	
00000097	1.94817495	[18220] gil-taken|<frozen importlib._bootstrap_external>:_fill_cache:1483|1	
00000098	1.94819880	[18220] gil-taken|<frozen importlib._bootstrap_external>:_fill_cache:1483|1	
00000099	1.94825244	[18220] gil-taken|<frozen importlib._bootstrap_external>:_fill_cache:1483|1	
00000100	1.94832802	[18220] gil-taken|<frozen importlib._bootstrap_external>:_fill_cache:1483|1	
00000101	1.94839740	[18220] gil-taken|<frozen importlib._bootstrap_external>:_fill_cache:1483|1	
00000102	1.94847155	[18220] gil-taken|<frozen importlib._bootstrap_external>:_fill_cache:1483|1	
00000103	1.94855201	[18220] gil-taken|<frozen importlib._bootstrap_external>:_fill_cache:1483|1	
00000104	1.94863415	[18220] gil-taken|<frozen importlib._bootstrap_external>:_fill_cache:1483|1	
00000105	1.94871116	[18220] gil-taken|<frozen importlib._bootstrap_external>:_fill_cache:1483|1	
00000106	1.94878399	[18220] gil-taken|<frozen importlib._bootstrap_external>:_fill_cache:1483|1	
00000107	1.94885743	[18220] gil-taken|<frozen importlib._bootstrap_external>:_fill_cache:1483|1	
00000108	1.94893718	[18220] gil-taken|<frozen importlib._bootstrap_external>:_fill_cache:1483|1	
00000109	1.94901323	[18220] gil-taken|<frozen importlib._bootstrap_external>:_fill_cache:1483|1	
00000110	1.94909298	[18220] gil-taken|<frozen importlib._bootstrap_external>:_fill_cache:1483|1	
00000111	1.94911242	[18220] gil-taken|<frozen importlib._bootstrap_external>:_fill_cache:1483|1	
00000112	1.94916236	[18220] gil-taken|<frozen importlib._bootstrap_external>:_fill_cache:1483|1	
00000113	1.94918644	[18220] gil-taken|<frozen importlib._bootstrap_external>:_fill_cache:1483|1	
00000114	1.94923878	[18220] gil-taken|<frozen importlib._bootstrap_external>:_fill_cache:1483|1	
00000115	1.94931841	[18220] gil-taken|<frozen importlib._bootstrap_external>:_fill_cache:1483|1	
00000116	1.94937599	[18220] gil-taken|<frozen importlib._bootstrap_external>:_fill_cache:1483|1	
00000117	1.94945204	[18220] gil-taken|<frozen importlib._bootstrap_external>:_fill_cache:1483|1	
00000118	1.94953203	[18220] gil-taken|<frozen importlib._bootstrap_external>:_fill_cache:1483|1	
00000119	1.94960594	[18220] gil-taken|<frozen importlib._bootstrap_external>:_fill_cache:1483|1	
00000120	1.94968438	[18220] gil-taken|<frozen importlib._bootstrap_external>:_fill_cache:1483|1	
00000121	1.94975579	[18220] gil-taken|<frozen importlib._bootstrap_external>:_fill_cache:1483|1	
00000122	1.94983256	[18220] gil-taken|<frozen importlib._bootstrap_external>:_fill_cache:1483|1	
00000123	1.94990921	[18220] gil-taken|<frozen importlib._bootstrap_external>:_fill_cache:1483|1	
00000124	1.94992876	[18220] gil-taken|<frozen importlib._bootstrap_external>:_fill_cache:1483|1	
00000125	1.94997799	[18220] gil-taken|<frozen importlib._bootstrap_external>:_fill_cache:1483|1	
00000126	1.95005560	[18220] gil-taken|<frozen importlib._bootstrap_external>:_fill_cache:1483|1	
00000127	1.95007718	[18220] gil-taken|<frozen importlib._bootstrap_external>:_fill_cache:1483|1	
00000128	1.95012760	[18220] gil-taken|<frozen importlib._bootstrap_external>:_fill_cache:1483|1	
00000129	1.95014834	[18220] gil-taken|<frozen importlib._bootstrap_external>:_fill_cache:1483|1	
00000130	1.95019996	[18220] gil-taken|<frozen importlib._bootstrap_external>:_fill_cache:1483|1	
00000131	1.95027101	[18220] gil-taken|<frozen importlib._bootstrap_external>:_fill_cache:1483|1	
00000132	1.95032275	[18220] gil-taken|<frozen importlib._bootstrap_external>:_fill_cache:1483|1	
00000133	1.95039904	[18220] gil-taken|<frozen importlib._bootstrap_external>:_fill_cache:1483|1	
00000134	1.95045197	[18220] gil-taken|<frozen importlib._bootstrap_external>:_fill_cache:1483|1	
00000135	1.95053065	[18220] gil-taken|<frozen importlib._bootstrap_external>:_fill_cache:1483|1	
00000136	1.95060837	[18220] gil-taken|<frozen importlib._bootstrap_external>:_fill_cache:1483|1	
00000137	1.95068944	[18220] gil-taken|<frozen importlib._bootstrap_external>:_fill_cache:1483|1	
00000138	1.95076978	[18220] gil-taken|<frozen importlib._bootstrap_external>:_fill_cache:1483|1	
00000139	1.95084834	[18220] gil-taken|<frozen importlib._bootstrap_external>:_fill_cache:1483|1	
00000140	1.95093036	[18220] gil-taken|<frozen importlib._bootstrap_external>:_fill_cache:1483|1	
00000141	1.95101261	[18220] gil-taken|<frozen importlib._bootstrap_external>:_fill_cache:1483|1	
00000142	1.95103514	[18220] gil-taken|<frozen importlib._bootstrap_external>:_fill_cache:1483|1	
00000143	1.95108235	[18220] gil-taken|<frozen importlib._bootstrap_external>:_fill_cache:1483|1	
00000144	1.95110500	[18220] gil-taken|<frozen importlib._bootstrap_external>:_fill_cache:1483|1	
00000145	1.95115638	[18220] gil-taken|<frozen importlib._bootstrap_external>:_fill_cache:1483|1	
00000146	1.95117879	[18220] gil-taken|<frozen importlib._bootstrap_external>:_fill_cache:1483|1	
00000147	1.95123303	[18220] gil-taken|<frozen importlib._bootstrap_external>:_fill_cache:1483|1	
00000148	1.95131004	[18220] gil-taken|<frozen importlib._bootstrap_external>:_fill_cache:1483|1	
00000149	1.95138681	[18220] gil-taken|<frozen importlib._bootstrap_external>:_fill_cache:1483|1	
00000150	1.95146561	[18220] gil-taken|<frozen importlib._bootstrap_external>:_fill_cache:1483|1	
00000151	1.95153737	[18220] gil-taken|<frozen importlib._bootstrap_external>:_fill_cache:1483|1	
00000152	1.95161343	[18220] gil-taken|<frozen importlib._bootstrap_external>:_fill_cache:1483|1	
00000153	1.95168841	[18220] gil-taken|<frozen importlib._bootstrap_external>:_fill_cache:1483|1	
00000154	1.95176518	[18220] gil-taken|<frozen importlib._bootstrap_external>:_fill_cache:1483|1	
00000155	1.95184040	[18220] gil-taken|<frozen importlib._bootstrap_external>:_fill_cache:1483|1	
00000156	1.95191479	[18220] gil-taken|<frozen importlib._bootstrap_external>:_fill_cache:1483|1	
00000157	1.95198703	[18220] gil-taken|<frozen importlib._bootstrap_external>:_fill_cache:1483|1	
00000158	1.95203984	[18220] gil-taken|<frozen importlib._bootstrap_external>:_fill_cache:1483|1	
00000159	1.95209122	[18220] gil-taken|<frozen importlib._bootstrap_external>:_fill_cache:1483|1	
00000160	1.95211077	[18220] gil-taken|<frozen importlib._bootstrap_external>:_fill_cache:1483|1	
00000161	1.95216405	[18220] gil-taken|<frozen importlib._bootstrap_external>:_fill_cache:1483|1	
00000162	1.95218539	[18220] gil-taken|<frozen importlib._bootstrap_external>:_fill_cache:1483|1	
00000163	1.95223939	[18220] gil-taken|<frozen importlib._bootstrap_external>:_fill_cache:1483|1	
00000164	1.95231318	[18220] gil-taken|<frozen importlib._bootstrap_external>:_fill_cache:1483|1	
00000165	1.95239043	[18220] gil-taken|<frozen importlib._bootstrap_external>:_fill_cache:1483|1	
00000166	1.95246279	[18220] gil-taken|<frozen importlib._bootstrap_external>:_fill_cache:1483|1	
00000167	1.95253599	[18220] gil-taken|<frozen importlib._bootstrap_external>:_fill_cache:1483|1	
00000168	1.95261836	[18220] gil-taken|<frozen importlib._bootstrap_external>:_fill_cache:1483|1	
00000169	1.95270216	[18220] gil-taken|<frozen importlib._bootstrap_external>:_fill_cache:1483|1	
00000170	1.95277846	[18220] gil-taken|<frozen importlib._bootstrap_external>:_fill_cache:1483|1	
00000171	1.95284796	[18220] gil-taken|<frozen importlib._bootstrap_external>:_fill_cache:1483|1	
00000172	1.95292664	[18220] gil-taken|<frozen importlib._bootstrap_external>:_fill_cache:1483|1	
00000173	1.95299995	[18220] gil-taken|<frozen importlib._bootstrap_external>:_fill_cache:1483|1	
00000174	1.95307446	[18220] gil-taken|<frozen importlib._bootstrap_external>:_fill_cache:1483|1	
00000175	1.95313001	[18220] gil-taken|<frozen importlib._bootstrap_external>:_fill_cache:1483|1	
00000176	1.95314956	[18220] gil-taken|<frozen importlib._bootstrap_external>:_fill_cache:1483|1	
00000177	1.95320165	[18220] gil-taken|<frozen importlib._bootstrap_external>:_fill_cache:1483|1	
00000178	1.95327604	[18220] gil-taken|<frozen importlib._bootstrap_external>:_fill_cache:1483|1	
00000179	1.95334959	[18220] gil-taken|<frozen importlib._bootstrap_external>:_fill_cache:1483|1	
00000180	1.95343077	[18220] gil-taken|<frozen importlib._bootstrap_external>:_fill_cache:1483|1	
00000181	1.95350397	[18220] gil-taken|<frozen importlib._bootstrap_external>:_fill_cache:1483|1	
00000182	1.95357585	[18220] gil-taken|<frozen importlib._bootstrap_external>:_fill_cache:1483|1	
00000183	1.95365155	[18220] gil-taken|<frozen importlib._bootstrap_external>:_fill_cache:1483|1	
00000184	1.95372641	[18220] gil-taken|<frozen importlib._bootstrap_external>:_fill_cache:1483|1	
00000185	1.95381236	[18220] gil-taken|<frozen importlib._bootstrap_external>:_fill_cache:1483|1	
00000186	1.95388663	[18220] gil-taken|<frozen importlib._bootstrap_external>:_fill_cache:1483|1	
00000187	1.95396042	[18220] gil-taken|<frozen importlib._bootstrap_external>:_fill_cache:1483|1	
00000188	1.95404315	[18220] gil-taken|<frozen importlib._bootstrap_external>:_fill_cache:1483|1	
00000189	1.95406282	[18220] gil-taken|<frozen importlib._bootstrap_external>:_fill_cache:1483|1	
00000190	1.95411325	[18220] gil-taken|<frozen importlib._bootstrap_external>:_fill_cache:1483|1	
00000191	1.95413435	[18220] gil-taken|<frozen importlib._bootstrap_external>:_fill_cache:1483|1	
00000192	1.95418763	[18220] gil-taken|<frozen importlib._bootstrap_external>:_fill_cache:1483|1	
00000193	1.95430398	[18220] gil-taken|<frozen importlib._bootstrap_external>:_fill_cache:1483|1	
00000194	1.95446718	[18220] gil-taken|<frozen importlib._bootstrap_external>:_fill_cache:1483|1	
00000195	1.95460165	[18220] gil-taken|<frozen importlib._bootstrap_external>:_fill_cache:1483|1	
00000196	1.95473921	[18220] gil-taken|<frozen importlib._bootstrap_external>:_fill_cache:1483|1	
00000197	1.95487463	[18220] gil-taken|<frozen importlib._bootstrap_external>:_fill_cache:1483|1	
00000198	1.95496285	[18220] gil-taken|<frozen importlib._bootstrap_external>:_fill_cache:1483|1	
00000199	1.95504141	[18220] gil-taken|<frozen importlib._bootstrap_external>:_fill_cache:1483|1	
00000200	1.95508361	[18220] gil-taken|<frozen importlib._bootstrap_external>:_fill_cache:1483|1	
00000201	1.95510721	[18220] gil-taken|<frozen importlib._bootstrap_external>:_fill_cache:1483|1	
00000202	1.95512486	[18220] gil-taken|<frozen importlib._bootstrap_external>:_fill_cache:1483|1	
00000203	1.95514286	[18220] gil-taken|<frozen importlib._bootstrap_external>:_fill_cache:1483|1	
00000204	1.95516038	[18220] gil-taken|<frozen importlib._bootstrap_external>:_fill_cache:1483|1	
00000205	1.95518422	[18220] gil-taken|<frozen importlib._bootstrap_external>:_fill_cache:1483|1	
00000206	1.95520163	[18220] gil-taken|<frozen importlib._bootstrap_external>:_fill_cache:1483|1	
00000207	1.95522237	[18220] gil-taken|<frozen importlib._bootstrap_external>:_fill_cache:1483|1	
00000208	1.95532119	[18220] gil-taken|<frozen importlib._bootstrap_external>:_fill_cache:1483|1	
00000209	1.95545006	[18220] gil-taken|<frozen importlib._bootstrap_external>:_fill_cache:1483|1	
00000210	1.95552361	[18220] gil-taken|<frozen importlib._bootstrap_external>:_fill_cache:1483|1	
00000211	1.95560062	[18220] gil-taken|<frozen importlib._bootstrap_external>:_fill_cache:1483|1	
00000212	1.95567703	[18220] gil-taken|<frozen importlib._bootstrap_external>:_fill_cache:1483|1	
00000213	1.95575166	[18220] gil-taken|<frozen importlib._bootstrap_external>:_fill_cache:1483|1	
00000214	1.95583320	[18220] gil-taken|<frozen importlib._bootstrap_external>:_fill_cache:1483|1	
00000215	1.95590723	[18220] gil-taken|<frozen importlib._bootstrap_external>:_fill_cache:1483|1	
00000216	1.95598638	[18220] gil-taken|<frozen importlib._bootstrap_external>:_fill_cache:1483|1	
00000217	1.95606279	[18220] gil-taken|<frozen importlib._bootstrap_external>:_fill_cache:1483|1	
00000218	1.95610964	[18220] gil-taken|<frozen importlib._bootstrap_external>:_fill_cache:1483|1	
00000219	1.95613265	[18220] gil-taken|<frozen importlib._bootstrap_external>:_fill_cache:1483|1	
00000220	1.95615935	[18220] gil-taken|<frozen importlib._bootstrap_external>:_fill_cache:1483|1	
00000221	1.95618224	[18220] gil-taken|<frozen importlib._bootstrap_external>:_fill_cache:1483|1	
00000222	1.95623696	[18220] gil-taken|<frozen importlib._bootstrap_external>:_fill_cache:1483|1	
00000223	1.95631576	[18220] gil-taken|<frozen importlib._bootstrap_external>:_fill_cache:1483|1	
00000224	1.95719182	[18220] gil-taken|<frozen importlib._bootstrap_external>:_path_stat:87|1	
00000225	1.95726395	[18220] gil-taken|<frozen importlib._bootstrap_external>:_path_stat:87|1	
00000226	1.95735157	[18220] gil-taken|<frozen importlib._bootstrap_external>:_path_stat:87|1	
00000227	1.95758176	[18220] gil-taken|<frozen importlib._bootstrap_external>:_path_stat:87|1	
00000228	1.95769346	[18220] gil-taken|<frozen importlib._bootstrap_external>:get_data:972|1	
00000229	1.95774376	[18220] gil-taken|<frozen importlib._bootstrap_external>:get_data:972|1	
00000230	1.95779455	[18220] gil-taken|<frozen importlib._bootstrap_external>:get_data:972|1	
00000231	1.95784378	[18220] gil-taken|<frozen importlib._bootstrap_external>:get_data:972|1	
00000232	1.95789635	[18220] gil-taken|<frozen importlib._bootstrap_external>:get_data:973|1	
00000233	1.95795560	[18220] gil-taken|<frozen importlib._bootstrap_external>:get_data:973|1	
00000234	1.95803058	[18220] gil-taken|<frozen importlib._bootstrap_external>:get_data:973|1	
00000235	1.95809555	[18220] gil-taken|<frozen importlib._bootstrap_external>:get_data:973|1	
00000236	1.95836484	[18220] gil-taken|<frozen importlib._bootstrap_external>:_path_stat:87|1	
00000237	1.95846558	[18220] gil-taken|<frozen importlib._bootstrap_external>:_path_stat:87|1	
00000238	1.95863724	[18220] gil-taken|<frozen importlib._bootstrap_external>:_path_stat:87|1	
00000239	1.95872581	[18220] gil-taken|<frozen importlib._bootstrap_external>:get_data:972|1	
00000240	1.95880759	[18220] gil-taken|<frozen importlib._bootstrap_external>:get_data:972|1	
00000241	1.95887995	[18220] gil-taken|<frozen importlib._bootstrap_external>:get_data:972|1	
00000242	1.95893514	[18220] gil-taken|<frozen importlib._bootstrap_external>:get_data:972|1	
00000243	1.95902479	[18220] gil-taken|<frozen importlib._bootstrap_external>:get_data:973|1	
00000244	1.95905244	[18220] gil-taken|<frozen importlib._bootstrap_external>:get_data:973|1	
00000245	1.95907879	[18220] gil-taken|<frozen importlib._bootstrap_external>:get_data:973|1	
00000246	1.95914638	[18220] gil-taken|<frozen importlib._bootstrap_external>:get_data:973|1	
00000247	1.96040201	[18220] gil-taken|<frozen importlib._bootstrap_external>:_path_stat:87|1	
00000248	1.96047962	[18220] gil-taken|<frozen importlib._bootstrap_external>:_path_stat:87|1	
00000249	1.96058083	[18220] gil-taken|<frozen importlib._bootstrap_external>:_path_stat:87|1	
00000250	1.96065116	[18220] gil-taken|<frozen importlib._bootstrap_external>:_fill_cache:1483|1	
00000251	1.96074939	[18220] gil-taken|<frozen importlib._bootstrap_external>:_fill_cache:1483|1	
00000252	1.96082997	[18220] gil-taken|<frozen importlib._bootstrap_external>:_fill_cache:1483|1	
00000253	1.96090555	[18220] gil-taken|<frozen importlib._bootstrap_external>:_fill_cache:1483|1	
00000254	1.96098197	[18220] gil-taken|<frozen importlib._bootstrap_external>:_fill_cache:1483|1	
00000255	1.96106136	[18220] gil-taken|<frozen importlib._bootstrap_external>:_fill_cache:1483|1	
00000256	1.96108198	[18220] gil-taken|<frozen importlib._bootstrap_external>:_fill_cache:1483|1	
00000257	1.96113265	[18220] gil-taken|<frozen importlib._bootstrap_external>:_fill_cache:1483|1	
00000258	1.96115518	[18220] gil-taken|<frozen importlib._bootstrap_external>:_fill_cache:1483|1	
00000259	1.96120524	[18220] gil-taken|<frozen importlib._bootstrap_external>:_fill_cache:1483|1	
00000260	1.96128523	[18220] gil-taken|<frozen importlib._bootstrap_external>:_fill_cache:1483|1	
00000261	1.96135938	[18220] gil-taken|<frozen importlib._bootstrap_external>:_fill_cache:1483|1	
00000262	1.96143246	[18220] gil-taken|<frozen importlib._bootstrap_external>:_fill_cache:1483|1	
00000263	1.96150982	[18220] gil-taken|<frozen importlib._bootstrap_external>:_fill_cache:1483|1	
00000264	1.96158254	[18220] gil-taken|<frozen importlib._bootstrap_external>:_fill_cache:1483|1	
00000265	1.96166360	[18220] gil-taken|<frozen importlib._bootstrap_external>:_fill_cache:1483|1	
00000266	1.96174681	[18220] gil-taken|<frozen importlib._bootstrap_external>:_fill_cache:1483|1	
00000267	1.96181965	[18220] gil-taken|<frozen importlib._bootstrap_external>:_fill_cache:1483|1	
00000268	1.96189320	[18220] gil-taken|<frozen importlib._bootstrap_external>:_fill_cache:1483|1	
00000269	1.96196401	[18220] gil-taken|<frozen importlib._bootstrap_external>:_fill_cache:1483|1	
00000270	1.96203840	[18220] gil-taken|<frozen importlib._bootstrap_external>:_fill_cache:1483|1	
00000271	1.96209025	[18220] gil-taken|<frozen importlib._bootstrap_external>:_fill_cache:1483|1	
00000272	1.96211064	[18220] gil-taken|<frozen importlib._bootstrap_external>:_fill_cache:1483|1	
00000273	1.96216345	[18220] gil-taken|<frozen importlib._bootstrap_external>:_fill_cache:1483|1	
00000274	1.96218598	[18220] gil-taken|<frozen importlib._bootstrap_external>:_fill_cache:1483|1	
00000275	1.96224463	[18220] gil-taken|<frozen importlib._bootstrap_external>:_fill_cache:1483|1	
00000276	1.96231484	[18220] gil-taken|<frozen importlib._bootstrap_external>:_fill_cache:1483|1	
00000277	1.96232677	[18220] gil-taken|<frozen importlib._bootstrap_external>:_fill_cache:1483|1	
00000278	1.96238279	[18220] gil-taken|<frozen importlib._bootstrap_external>:_fill_cache:1483|1	
00000279	1.96246004	[18220] gil-taken|<frozen importlib._bootstrap_external>:_fill_cache:1483|1	
00000280	1.96253955	[18220] gil-taken|<frozen importlib._bootstrap_external>:_fill_cache:1483|1	
00000281	1.96261764	[18220] gil-taken|<frozen importlib._bootstrap_external>:_fill_cache:1483|1	
00000282	1.96268761	[18220] gil-taken|<frozen importlib._bootstrap_external>:_fill_cache:1483|1	
00000283	1.96276224	[18220] gil-taken|<frozen importlib._bootstrap_external>:_fill_cache:1483|1	
00000284	1.96284080	[18220] gil-taken|<frozen importlib._bootstrap_external>:_fill_cache:1483|1	
00000285	1.96291542	[18220] gil-taken|<frozen importlib._bootstrap_external>:_fill_cache:1483|1	
00000286	1.96299481	[18220] gil-taken|<frozen importlib._bootstrap_external>:_fill_cache:1483|1	
00000287	1.96301460	[18220] gil-taken|<frozen importlib._bootstrap_external>:_fill_cache:1483|1	
00000288	1.96306515	[18220] gil-taken|<frozen importlib._bootstrap_external>:_fill_cache:1483|1	
00000289	1.96308625	[18220] gil-taken|<frozen importlib._bootstrap_external>:_fill_cache:1483|1	
00000290	1.96310675	[18220] gil-taken|<frozen importlib._bootstrap_external>:_fill_cache:1483|1	
00000291	1.96312594	[18220] gil-taken|<frozen importlib._bootstrap_external>:_fill_cache:1483|1	
00000292	1.96317577	[18220] gil-taken|<frozen importlib._bootstrap_external>:_fill_cache:1483|1	
00000293	1.96319902	[18220] gil-taken|<frozen importlib._bootstrap_external>:_fill_cache:1483|1	
00000294	1.96325397	[18220] gil-taken|<frozen importlib._bootstrap_external>:_fill_cache:1483|1	
00000295	1.96334302	[18220] gil-taken|<frozen importlib._bootstrap_external>:_fill_cache:1483|1	
00000296	1.96342039	[18220] gil-taken|<frozen importlib._bootstrap_external>:_fill_cache:1483|1	
00000297	1.96350002	[18220] gil-taken|<frozen importlib._bootstrap_external>:_fill_cache:1483|1	
00000298	1.96357405	[18220] gil-taken|<frozen importlib._bootstrap_external>:_fill_cache:1483|1	
00000299	1.96365261	[18220] gil-taken|<frozen importlib._bootstrap_external>:_fill_cache:1483|1	
00000300	1.96372604	[18220] gil-taken|<frozen importlib._bootstrap_external>:_fill_cache:1483|1	
00000301	1.96380079	[18220] gil-taken|<frozen importlib._bootstrap_external>:_fill_cache:1483|1	
00000302	1.96388185	[18220] gil-taken|<frozen importlib._bootstrap_external>:_fill_cache:1483|1	
00000303	1.96395957	[18220] gil-taken|<frozen importlib._bootstrap_external>:_fill_cache:1483|1	
00000304	1.96403885	[18220] gil-taken|<frozen importlib._bootstrap_external>:_fill_cache:1483|1	
00000305	1.96411979	[18220] gil-taken|<frozen importlib._bootstrap_external>:_fill_cache:1483|1	
00000306	1.96419954	[18220] gil-taken|<frozen importlib._bootstrap_external>:_fill_cache:1483|1	
00000307	1.96427321	[18220] gil-taken|<frozen importlib._bootstrap_external>:_fill_cache:1483|1	
00000308	1.96429443	[18220] gil-taken|<frozen importlib._bootstrap_external>:_fill_cache:1483|1	
00000309	1.96434700	[18220] gil-taken|<frozen importlib._bootstrap_external>:_fill_cache:1483|1	
00000310	1.96439719	[18220] gil-taken|<frozen importlib._bootstrap_external>:_fill_cache:1483|1	
00000311	1.96447217	[18220] gil-taken|<frozen importlib._bootstrap_external>:_fill_cache:1483|1	
00000312	1.96454406	[18220] gil-taken|<frozen importlib._bootstrap_external>:_fill_cache:1483|1	
00000313	1.96462822	[18220] gil-taken|<frozen importlib._bootstrap_external>:_fill_cache:1483|1	
00000314	1.96470082	[18220] gil-taken|<frozen importlib._bootstrap_external>:_fill_cache:1483|1	
00000315	1.96476960	[18220] gil-taken|<frozen importlib._bootstrap_external>:_fill_cache:1483|1	
00000316	1.96482217	[18220] gil-taken|<frozen importlib._bootstrap_external>:_fill_cache:1483|1	
00000317	1.96489418	[18220] gil-taken|<frozen importlib._bootstrap_external>:_fill_cache:1483|1	
00000318	1.96496761	[18220] gil-taken|<frozen importlib._bootstrap_external>:_fill_cache:1483|1	
00000319	1.96504784	[18220] gil-taken|<frozen importlib._bootstrap_external>:_fill_cache:1483|1	
00000320	1.96512234	[18220] gil-taken|<frozen importlib._bootstrap_external>:_fill_cache:1483|1	
00000321	1.96520376	[18220] gil-taken|<frozen importlib._bootstrap_external>:_fill_cache:1483|1	
00000322	1.96528602	[18220] gil-taken|<frozen importlib._bootstrap_external>:_fill_cache:1483|1	
00000323	1.96533823	[18220] gil-taken|<frozen importlib._bootstrap_external>:_fill_cache:1483|1	
00000324	1.96535921	[18220] gil-taken|<frozen importlib._bootstrap_external>:_fill_cache:1483|1	
00000325	1.96541119	[18220] gil-taken|<frozen importlib._bootstrap_external>:_fill_cache:1483|1	
00000326	1.96548736	[18220] gil-taken|<frozen importlib._bootstrap_external>:_fill_cache:1483|1	
00000327	1.96553886	[18220] gil-taken|<frozen importlib._bootstrap_external>:_fill_cache:1483|1	
00000328	1.96558738	[18220] gil-taken|<frozen importlib._bootstrap_external>:_fill_cache:1483|1	
00000329	1.96560824	[18220] gil-taken|<frozen importlib._bootstrap_external>:_fill_cache:1483|1	
00000330	1.96567237	[18220] gil-taken|<frozen importlib._bootstrap_external>:_fill_cache:1483|1	
00000331	1.96575201	[18220] gil-taken|<frozen importlib._bootstrap_external>:_fill_cache:1483|1	
00000332	1.96582878	[18220] gil-taken|<frozen importlib._bootstrap_external>:_fill_cache:1483|1	
00000333	1.96590304	[18220] gil-taken|<frozen importlib._bootstrap_external>:_fill_cache:1483|1	
00000334	1.96597922	[18220] gil-taken|<frozen importlib._bootstrap_external>:_fill_cache:1483|1	
00000335	1.96605277	[18220] gil-taken|<frozen importlib._bootstrap_external>:_fill_cache:1483|1	
00000336	1.96613002	[18220] gil-taken|<frozen importlib._bootstrap_external>:_fill_cache:1483|1	
00000337	1.96620560	[18220] gil-taken|<frozen importlib._bootstrap_external>:_fill_cache:1483|1	
00000338	1.96627498	[18220] gil-taken|<frozen importlib._bootstrap_external>:_fill_cache:1483|1	
00000339	1.96632802	[18220] gil-taken|<frozen importlib._bootstrap_external>:_fill_cache:1483|1	
00000340	1.96634877	[18220] gil-taken|<frozen importlib._bootstrap_external>:_fill_cache:1483|1	
00000341	1.96640122	[18220] gil-taken|<frozen importlib._bootstrap_external>:_fill_cache:1483|1	
00000342	1.96647918	[18220] gil-taken|<frozen importlib._bootstrap_external>:_fill_cache:1483|1	
00000343	1.96655595	[18220] gil-taken|<frozen importlib._bootstrap_external>:_fill_cache:1483|1	
00000344	1.96662903	[18220] gil-taken|<frozen importlib._bootstrap_external>:_fill_cache:1483|1	
00000345	1.96669960	[18220] gil-taken|<frozen importlib._bootstrap_external>:_fill_cache:1483|1	
00000346	1.96677566	[18220] gil-taken|<frozen importlib._bootstrap_external>:_fill_cache:1483|1	
00000347	1.96685505	[18220] gil-taken|<frozen importlib._bootstrap_external>:_fill_cache:1483|1	
00000348	1.96693003	[18220] gil-taken|<frozen importlib._bootstrap_external>:_fill_cache:1483|1	
00000349	1.96700120	[18220] gil-taken|<frozen importlib._bootstrap_external>:_fill_cache:1483|1	
00000350	1.96708083	[18220] gil-taken|<frozen importlib._bootstrap_external>:_fill_cache:1483|1	
00000351	1.96715546	[18220] gil-taken|<frozen importlib._bootstrap_external>:_fill_cache:1483|1	
00000352	1.96723342	[18220] gil-taken|<frozen importlib._bootstrap_external>:_fill_cache:1483|1	
00000353	1.96725595	[18220] gil-taken|<frozen importlib._bootstrap_external>:_fill_cache:1483|1	
00000354	1.96730435	[18220] gil-taken|<frozen importlib._bootstrap_external>:_fill_cache:1483|1	
00000355	1.96735680	[18220] gil-taken|<frozen importlib._bootstrap_external>:_fill_cache:1483|1	
00000356	1.96740878	[18220] gil-taken|<frozen importlib._bootstrap_external>:_fill_cache:1483|1	
00000357	1.96751082	[18220] gil-taken|<frozen importlib._bootstrap_external>:_fill_cache:1483|1	
00000358	1.96759081	[18220] gil-taken|<frozen importlib._bootstrap_external>:_fill_cache:1483|1	
00000359	1.96761525	[18220] gil-taken|<frozen importlib._bootstrap_external>:_fill_cache:1483|1	
00000360	1.96763480	[18220] gil-taken|<frozen importlib._bootstrap_external>:_fill_cache:1483|1	
00000361	1.96765196	[18220] gil-taken|<frozen importlib._bootstrap_external>:_fill_cache:1483|1	
00000362	1.96767104	[18220] gil-taken|<frozen importlib._bootstrap_external>:_fill_cache:1483|1	
00000363	1.96769083	[18220] gil-taken|<frozen importlib._bootstrap_external>:_fill_cache:1483|1	
00000364	1.96771419	[18220] gil-taken|<frozen importlib._bootstrap_external>:_fill_cache:1483|1	
00000365	1.96776402	[18220] gil-taken|<frozen importlib._bootstrap_external>:_fill_cache:1483|1	
00000366	1.96784163	[18220] gil-taken|<frozen importlib._bootstrap_external>:_fill_cache:1483|1	
00000367	1.96791840	[18220] gil-taken|<frozen importlib._bootstrap_external>:_fill_cache:1483|1	
00000368	1.96799242	[18220] gil-taken|<frozen importlib._bootstrap_external>:_fill_cache:1483|1	
00000369	1.96806657	[18220] gil-taken|<frozen importlib._bootstrap_external>:_fill_cache:1483|1	
00000370	1.96814680	[18220] gil-taken|<frozen importlib._bootstrap_external>:_fill_cache:1483|1	
00000371	1.96821678	[18220] gil-taken|<frozen importlib._bootstrap_external>:_fill_cache:1483|1	
00000372	1.96825886	[18220] gil-taken|<frozen importlib._bootstrap_external>:_fill_cache:1483|1	
00000373	1.96828234	[18220] gil-taken|<frozen importlib._bootstrap_external>:_fill_cache:1483|1	
00000374	1.96830034	[18220] gil-taken|<frozen importlib._bootstrap_external>:_fill_cache:1483|1	
00000375	1.96831763	[18220] gil-taken|<frozen importlib._bootstrap_external>:_fill_cache:1483|1	
00000376	1.96834481	[18220] gil-taken|<frozen importlib._bootstrap_external>:_fill_cache:1483|1	
00000377	1.96900201	[18220] gil-taken|<frozen importlib._bootstrap_external>:_path_stat:87|1	
00000378	1.96918762	[18220] gil-taken|<frozen importlib._bootstrap_external>:_path_stat:87|1	
00000379	1.96927798	[18220] gil-taken|<frozen importlib._bootstrap_external>:get_data:972|1	
00000380	1.96932840	[18220] gil-taken|<frozen importlib._bootstrap_external>:get_data:972|1	
00000381	1.96935761	[18220] gil-taken|<frozen importlib._bootstrap_external>:get_data:972|1	
00000382	1.96941435	[18220] gil-taken|<frozen importlib._bootstrap_external>:get_data:972|1	
00000383	1.96942782	[18220] gil-taken|<frozen importlib._bootstrap_external>:get_data:973|1	
00000384	1.96954644	[18220] gil-taken|<frozen importlib._bootstrap_external>:get_data:973|1	
00000385	1.96962082	[18220] gil-taken|<frozen importlib._bootstrap_external>:get_data:973|1	
00000386	1.96963835	[18220] gil-taken|<frozen importlib._bootstrap_external>:get_data:973|1	
00000387	1.97027683	[18220] gil-taken|<frozen importlib._bootstrap_external>:_path_stat:87|1	
00000388	1.97034478	[18220] gil-taken|<frozen importlib._bootstrap_external>:_path_stat:87|1	
00000389	1.97055364	[18220] gil-taken|<frozen importlib._bootstrap_external>:_path_stat:87|1	
00000390	1.97063839	[18220] gil-taken|<frozen importlib._bootstrap_external>:get_data:972|1	
00000391	1.97071743	[18220] gil-taken|<frozen importlib._bootstrap_external>:get_data:972|1	
00000392	1.97079122	[18220] gil-taken|<frozen importlib._bootstrap_external>:get_data:972|1	
00000393	1.97084439	[18220] gil-taken|<frozen importlib._bootstrap_external>:get_data:972|1	
00000394	1.97092116	[18220] gil-taken|<frozen importlib._bootstrap_external>:get_data:973|1	
00000395	1.97097814	[18220] gil-taken|<frozen importlib._bootstrap_external>:get_data:973|1	
00000396	1.97104239	[18220] gil-taken|<frozen importlib._bootstrap_external>:get_data:973|1	
00000397	1.97109962	[18220] gil-taken|<frozen importlib._bootstrap_external>:get_data:973|1	
00000398	1.97152317	[18220] gil-taken|<frozen importlib._bootstrap_external>:_path_stat:87|1	
00000399	1.97163200	[18220] gil-taken|<frozen importlib._bootstrap_external>:_path_stat:87|1	
00000400	1.97180438	[18220] gil-taken|<frozen importlib._bootstrap_external>:_path_stat:87|1	
00000401	1.97188997	[18220] gil-taken|<frozen importlib._bootstrap_external>:get_data:972|1	
00000402	1.97197521	[18220] gil-taken|<frozen importlib._bootstrap_external>:get_data:972|1	
00000403	1.97205341	[18220] gil-taken|<frozen importlib._bootstrap_external>:get_data:972|1	
00000404	1.97212684	[18220] gil-taken|<frozen importlib._bootstrap_external>:get_data:972|1	
00000405	1.97214663	[18220] gil-taken|<frozen importlib._bootstrap_external>:get_data:973|1	
00000406	1.97221398	[18220] gil-taken|<frozen importlib._bootstrap_external>:get_data:973|1	
00000407	1.97229397	[18220] gil-taken|<frozen importlib._bootstrap_external>:get_data:973|1	
00000408	1.97231519	[18220] gil-taken|<frozen importlib._bootstrap_external>:get_data:973|1	
00000409	1.97320116	[18220] gil-taken|<frozen importlib._bootstrap_external>:_path_stat:87|1	
00000410	1.97330225	[18220] gil-taken|<frozen importlib._bootstrap_external>:_path_stat:87|1	
00000411	1.97347760	[18220] gil-taken|<frozen importlib._bootstrap_external>:_path_stat:87|1	
00000412	1.97356474	[18220] gil-taken|<frozen importlib._bootstrap_external>:get_data:972|1	
00000413	1.97364724	[18220] gil-taken|<frozen importlib._bootstrap_external>:get_data:972|1	
00000414	1.97369826	[18220] gil-taken|<frozen importlib._bootstrap_external>:get_data:972|1	
00000415	1.97377563	[18220] gil-taken|<frozen importlib._bootstrap_external>:get_data:972|1	
00000416	1.97382402	[18220] gil-taken|<frozen importlib._bootstrap_external>:get_data:973|1	
00000417	1.97387540	[18220] gil-taken|<frozen importlib._bootstrap_external>:get_data:973|1	
00000418	1.97395182	[18220] gil-taken|<frozen importlib._bootstrap_external>:get_data:973|1	
00000419	1.97399580	[18220] gil-taken|<frozen importlib._bootstrap_external>:get_data:973|1	
00000420	1.97448802	[18220] gil-taken|<frozen importlib._bootstrap_external>:_path_stat:87|1	
00000421	1.97458398	[18220] gil-taken|<frozen importlib._bootstrap_external>:_path_stat:87|1	
00000422	1.97476566	[18220] gil-taken|<frozen importlib._bootstrap_external>:_path_stat:87|1	
00000423	1.97484243	[18220] gil-taken|<frozen importlib._bootstrap_external>:get_data:972|1	
00000424	1.97492325	[18220] gil-taken|<frozen importlib._bootstrap_external>:get_data:972|1	
00000425	1.97497678	[18220] gil-taken|<frozen importlib._bootstrap_external>:get_data:972|1	
00000426	1.97503483	[18220] gil-taken|<frozen importlib._bootstrap_external>:get_data:972|1	
00000427	1.97511685	[18220] gil-taken|<frozen importlib._bootstrap_external>:get_data:973|1	
00000428	1.97517276	[18220] gil-taken|<frozen importlib._bootstrap_external>:get_data:973|1	
00000429	1.97525358	[18220] gil-taken|<frozen importlib._bootstrap_external>:get_data:973|1	
00000430	1.97530377	[18220] gil-taken|<frozen importlib._bootstrap_external>:get_data:973|1	
00000431	1.97552276	[18220] gil-taken|<frozen importlib._bootstrap_external>:_path_stat:87|1	
00000432	1.97561598	[18220] gil-taken|<frozen importlib._bootstrap_external>:_path_stat:87|1	
00000433	1.97578359	[18220] gil-taken|<frozen importlib._bootstrap_external>:_path_stat:87|1	
00000434	1.97586405	[18220] gil-taken|<frozen importlib._bootstrap_external>:get_data:972|1	
00000435	1.97594285	[18220] gil-taken|<frozen importlib._bootstrap_external>:get_data:972|1	
00000436	1.97602797	[18220] gil-taken|<frozen importlib._bootstrap_external>:get_data:972|1	
00000437	1.97610903	[18220] gil-taken|<frozen importlib._bootstrap_external>:get_data:972|1	
00000438	1.97617280	[18220] gil-taken|<frozen importlib._bootstrap_external>:get_data:973|1	
00000439	1.97622621	[18220] gil-taken|<frozen importlib._bootstrap_external>:get_data:973|1	
00000440	1.97624660	[18220] gil-taken|<frozen importlib._bootstrap_external>:get_data:973|1	
00000441	1.97630882	[18220] gil-taken|<frozen importlib._bootstrap_external>:get_data:973|1	
00000442	1.97847116	[18220] gil-taken|<frozen importlib._bootstrap_external>:_path_stat:87|1	
00000443	1.97857404	[18220] gil-taken|<frozen importlib._bootstrap_external>:_path_stat:87|1	
00000444	1.97875524	[18220] gil-taken|<frozen importlib._bootstrap_external>:_path_stat:87|1	
00000445	1.97884059	[18220] gil-taken|<frozen importlib._bootstrap_external>:get_data:972|1	
00000446	1.97892380	[18220] gil-taken|<frozen importlib._bootstrap_external>:get_data:972|1	
00000447	1.97897685	[18220] gil-taken|<frozen importlib._bootstrap_external>:get_data:972|1	
00000448	1.97906160	[18220] gil-taken|<frozen importlib._bootstrap_external>:get_data:972|1	
00000449	1.97906685	[18220] gil-taken|<frozen importlib._bootstrap_external>:get_data:973|1	
00000450	1.97915435	[18220] gil-taken|<frozen importlib._bootstrap_external>:get_data:973|1	
00000451	1.97916806	[18220] gil-taken|<frozen importlib._bootstrap_external>:get_data:973|1	
00000452	1.97924042	[18220] gil-taken|<frozen importlib._bootstrap_external>:get_data:973|1	
00000453	1.97967422	[18220] gil-taken|<frozen importlib._bootstrap_external>:_path_stat:87|1	
00000454	1.97976923	[18220] gil-taken|<frozen importlib._bootstrap_external>:_path_stat:87|1	
00000455	1.97994399	[18220] gil-taken|<frozen importlib._bootstrap_external>:_path_stat:87|1	
00000456	1.98002374	[18220] gil-taken|<frozen importlib._bootstrap_external>:get_data:972|1	
00000457	1.98010278	[18220] gil-taken|<frozen importlib._bootstrap_external>:get_data:972|1	
00000458	1.98015845	[18220] gil-taken|<frozen importlib._bootstrap_external>:get_data:972|1	
00000459	1.98021162	[18220] gil-taken|<frozen importlib._bootstrap_external>:get_data:972|1	
00000460	1.98026836	[18220] gil-taken|<frozen importlib._bootstrap_external>:get_data:973|1	
00000461	1.98032904	[18220] gil-taken|<frozen importlib._bootstrap_external>:get_data:973|1	
00000462	1.98040640	[18220] gil-taken|<frozen importlib._bootstrap_external>:get_data:973|1	
00000463	1.98045921	[18220] gil-taken|<frozen importlib._bootstrap_external>:get_data:973|1	
00000464	1.98108339	[18220] gil-taken|<frozen importlib._bootstrap_external>:_path_stat:87|1	
00000465	1.98118114	[18220] gil-taken|<frozen importlib._bootstrap_external>:_path_stat:87|1	
00000466	1.98136556	[18220] gil-taken|<frozen importlib._bootstrap_external>:_path_stat:87|1	
00000467	1.98145115	[18220] gil-taken|<frozen importlib._bootstrap_external>:get_data:972|1	
00000468	1.98154199	[18220] gil-taken|<frozen importlib._bootstrap_external>:get_data:972|1	
00000469	1.98162436	[18220] gil-taken|<frozen importlib._bootstrap_external>:get_data:972|1	
00000470	1.98167777	[18220] gil-taken|<frozen importlib._bootstrap_external>:get_data:972|1	
00000471	1.98168504	[18220] gil-taken|<frozen importlib._bootstrap_external>:get_data:973|1	
00000472	1.98175836	[18220] gil-taken|<frozen importlib._bootstrap_external>:get_data:973|1	
00000473	1.98184395	[18220] gil-taken|<frozen importlib._bootstrap_external>:get_data:973|1	
00000474	1.98189485	[18220] gil-taken|<frozen importlib._bootstrap_external>:get_data:973|1	
00000475	1.98255086	[18220] gil-taken|<frozen importlib._bootstrap_external>:_path_stat:87|1	
00000476	1.98265159	[18220] gil-taken|<frozen importlib._bootstrap_external>:_path_stat:87|1	
00000477	1.98281503	[18220] gil-taken|<frozen importlib._bootstrap_external>:_path_stat:87|1	
00000478	1.98289919	[18220] gil-taken|<frozen importlib._bootstrap_external>:get_data:972|1	
00000479	1.98298120	[18220] gil-taken|<frozen importlib._bootstrap_external>:get_data:972|1	
00000480	1.98299599	[18220] gil-taken|<frozen importlib._bootstrap_external>:get_data:972|1	
00000481	1.98305857	[18220] gil-taken|<frozen importlib._bootstrap_external>:get_data:972|1	
00000482	1.98311186	[18220] gil-taken|<frozen importlib._bootstrap_external>:get_data:973|1	
00000483	1.98316765	[18220] gil-taken|<frozen importlib._bootstrap_external>:get_data:973|1	
00000484	1.98324561	[18220] gil-taken|<frozen importlib._bootstrap_external>:get_data:973|1	
00000485	1.98329675	[18220] gil-taken|<frozen importlib._bootstrap_external>:get_data:973|1	
00000486	1.98384559	[18220] gil-taken|<frozen importlib._bootstrap_external>:_path_stat:87|1	
00000487	1.98394656	[18220] gil-taken|<frozen importlib._bootstrap_external>:_path_stat:87|1	
00000488	1.98412645	[18220] gil-taken|<frozen importlib._bootstrap_external>:_path_stat:87|1	
00000489	1.98421037	[18220] gil-taken|<frozen importlib._bootstrap_external>:get_data:972|1	
00000490	1.98429084	[18220] gil-taken|<frozen importlib._bootstrap_external>:get_data:972|1	
00000491	1.98434365	[18220] gil-taken|<frozen importlib._bootstrap_external>:get_data:972|1	
00000492	1.98435616	[18220] gil-taken|<frozen importlib._bootstrap_external>:get_data:972|1	
00000493	1.98441923	[18220] gil-taken|<frozen importlib._bootstrap_external>:get_data:973|1	
00000494	1.98443604	[18220] gil-taken|<frozen importlib._bootstrap_external>:get_data:973|1	
00000495	1.98449004	[18220] gil-taken|<frozen importlib._bootstrap_external>:get_data:973|1	
00000496	1.98454916	[18220] gil-taken|<frozen importlib._bootstrap_external>:get_data:973|1	
00000497	1.98483360	[18220] gil-taken|D:\repos\cpython-profiled\lib\ntpath.py:<module>:643|1	
00000498	1.98548377	[18220] gil-taken|<frozen importlib._bootstrap_external>:_path_stat:87|1	
00000499	1.98558319	[18220] gil-taken|<frozen importlib._bootstrap_external>:_path_stat:87|1	
00000500	1.98578155	[18220] gil-taken|<frozen importlib._bootstrap_external>:_path_stat:87|1	
00000501	1.98586285	[18220] gil-taken|<frozen importlib._bootstrap_external>:get_data:972|1	
00000502	1.98594046	[18220] gil-taken|<frozen importlib._bootstrap_external>:get_data:972|1	
00000503	1.98602319	[18220] gil-taken|<frozen importlib._bootstrap_external>:get_data:972|1	
00000504	1.98608279	[18220] gil-taken|<frozen importlib._bootstrap_external>:get_data:972|1	
00000505	1.98616481	[18220] gil-taken|<frozen importlib._bootstrap_external>:get_data:973|1	
00000506	1.98622763	[18220] gil-taken|<frozen importlib._bootstrap_external>:get_data:973|1	
00000507	1.98630762	[18220] gil-taken|<frozen importlib._bootstrap_external>:get_data:973|1	
00000508	1.98634481	[18220] gil-taken|<frozen importlib._bootstrap_external>:get_data:973|1	
00000509	1.98925483	[18220] gil-taken|<frozen importlib._bootstrap_external>:_path_stat:87|1	
00000510	1.98935521	[18220] gil-taken|<frozen importlib._bootstrap_external>:_path_stat:87|1	
00000511	1.98953640	[18220] gil-taken|<frozen importlib._bootstrap_external>:_path_stat:87|1	
00000512	1.98962045	[18220] gil-taken|<frozen importlib._bootstrap_external>:get_data:972|1	
00000513	1.98969698	[18220] gil-taken|<frozen importlib._bootstrap_external>:get_data:972|1	
00000514	1.98970163	[18220] gil-taken|<frozen importlib._bootstrap_external>:get_data:972|1	
00000515	1.98976564	[18220] gil-taken|<frozen importlib._bootstrap_external>:get_data:972|1	
00000516	1.98982322	[18220] gil-taken|<frozen importlib._bootstrap_external>:get_data:973|1	
00000517	1.98983121	[18220] gil-taken|<frozen importlib._bootstrap_external>:get_data:973|1	
00000518	1.98990154	[18220] gil-taken|<frozen importlib._bootstrap_external>:get_data:973|1	
00000519	1.98997736	[18220] gil-taken|<frozen importlib._bootstrap_external>:get_data:973|1	
00000520	1.99057436	[18220] gil-taken|D:\repos\cpython-profiled\lib\genericpath.py:isfile:30|1	
00000521	1.99064744	[18220] gil-taken|D:\repos\cpython-profiled\lib\genericpath.py:isfile:30|1	
00000522	1.99080634	[18220] gil-taken|D:\repos\cpython-profiled\lib\genericpath.py:isdir:42|1	
00000523	1.99095166	[18220] gil-taken|D:\repos\cpython-profiled\lib\site.py:addsitedir:203|1	
00000524	1.99100065	[18220] gil-taken|D:\repos\cpython-profiled\lib\site.py:addsitedir:203|1	
00000525	1.99107802	[18220] gil-taken|D:\repos\cpython-profiled\lib\site.py:addsitedir:203|1	
00000526	1.99115646	[18220] gil-taken|D:\repos\cpython-profiled\lib\site.py:addsitedir:203|1	
00000527	1.99123037	[18220] gil-taken|D:\repos\cpython-profiled\lib\site.py:addsitedir:203|1	
00000528	1.99130821	[18220] gil-taken|D:\repos\cpython-profiled\lib\site.py:addsitedir:203|1	
00000529	1.99137843	[18220] gil-taken|D:\repos\cpython-profiled\lib\site.py:addsitedir:203|1	
00000530	1.99145520	[18220] gil-taken|D:\repos\cpython-profiled\lib\site.py:addsitedir:203|1	
00000531	1.99147761	[18220] gil-taken|D:\repos\cpython-profiled\lib\site.py:addsitedir:203|1	
00000532	1.99153256	[18220] gil-taken|D:\repos\cpython-profiled\lib\site.py:addsitedir:203|1	
00000533	1.99155283	[18220] gil-taken|D:\repos\cpython-profiled\lib\site.py:addsitedir:203|1	
00000534	1.99160278	[18220] gil-taken|D:\repos\cpython-profiled\lib\site.py:addsitedir:203|1	
00000535	1.99168038	[18220] gil-taken|D:\repos\cpython-profiled\lib\site.py:addsitedir:203|1	
00000536	1.99175966	[18220] gil-taken|D:\repos\cpython-profiled\lib\site.py:addsitedir:203|1	
00000537	1.99183154	[18220] gil-taken|D:\repos\cpython-profiled\lib\site.py:addsitedir:203|1	
00000538	1.99190605	[18220] gil-taken|D:\repos\cpython-profiled\lib\site.py:addsitedir:203|1	
00000539	1.99198437	[18220] gil-taken|D:\repos\cpython-profiled\lib\site.py:addsitedir:203|1	
00000540	1.99205840	[18220] gil-taken|D:\repos\cpython-profiled\lib\site.py:addsitedir:203|1	
00000541	1.99213564	[18220] gil-taken|D:\repos\cpython-profiled\lib\site.py:addsitedir:203|1	
00000542	1.99221277	[18220] gil-taken|D:\repos\cpython-profiled\lib\site.py:addsitedir:203|1	
00000543	1.99229240	[18220] gil-taken|D:\repos\cpython-profiled\lib\site.py:addsitedir:203|1	
00000544	1.99237204	[18220] gil-taken|D:\repos\cpython-profiled\lib\site.py:addsitedir:203|1	
00000545	1.99244475	[18220] gil-taken|D:\repos\cpython-profiled\lib\site.py:addsitedir:203|1	
00000546	1.99251056	[18220] gil-taken|D:\repos\cpython-profiled\lib\site.py:addsitedir:203|1	
00000547	1.99255645	[18220] gil-taken|D:\repos\cpython-profiled\lib\site.py:addsitedir:203|1	
00000548	1.99259317	[18220] gil-taken|D:\repos\cpython-profiled\lib\site.py:addsitedir:203|1	
00000549	1.99275506	[18220] gil-taken|D:\repos\cpython-profiled\lib\site.py:addsitedir:203|1	
00000550	1.99295521	[18220] gil-taken|D:\repos\cpython-profiled\lib\site.py:addsitedir:203|1	
00000551	1.99324238	[18220] gil-taken|D:\repos\cpython-profiled\lib\site.py:addsitedir:203|1	
00000552	1.99355197	[18220] gil-taken|D:\repos\cpython-profiled\lib\site.py:addsitedir:203|1	
00000553	1.99387002	[18220] gil-taken|D:\repos\cpython-profiled\lib\site.py:addsitedir:203|1	
00000554	1.99416518	[18220] gil-taken|D:\repos\cpython-profiled\lib\site.py:addsitedir:203|1	
00000555	1.99429965	[18220] gil-taken|D:\repos\cpython-profiled\lib\genericpath.py:isdir:42|1	
00000556	1.99443305	[18220] gil-taken|D:\repos\cpython-profiled\lib\site.py:addsitedir:203|1	
00000557	1.99456525	[18220] gil-taken|D:\repos\cpython-profiled\lib\site.py:addsitedir:203|1	
00000558	1.99469805	[18220] gil-taken|D:\repos\cpython-profiled\lib\site.py:addsitedir:203|1	
00000559	1.99487674	[18220] gil-taken|D:\repos\cpython-profiled\lib\site.py:addsitedir:203|1	
00000560	1.99511361	[18220] gil-taken|D:\repos\cpython-profiled\lib\site.py:addsitedir:203|1	
00000561	1.99521816	[18220] gil-taken|D:\repos\cpython-profiled\lib\site.py:addsitedir:203|1	
00000562	1.99526644	[18220] gil-taken|D:\repos\cpython-profiled\lib\site.py:addsitedir:203|1	
00000563	1.99531186	[18220] gil-taken|D:\repos\cpython-profiled\lib\site.py:addsitedir:203|1	
00000564	1.99533236	[18220] gil-taken|D:\repos\cpython-profiled\lib\site.py:addsitedir:203|1	
00000565	1.99535000	[18220] gil-taken|D:\repos\cpython-profiled\lib\site.py:addsitedir:203|1	
00000566	1.99536765	[18220] gil-taken|D:\repos\cpython-profiled\lib\site.py:addsitedir:203|1	
00000567	1.99538565	[18220] gil-taken|D:\repos\cpython-profiled\lib\site.py:addsitedir:203|1	
00000568	1.99540281	[18220] gil-taken|D:\repos\cpython-profiled\lib\site.py:addsitedir:203|1	
00000569	1.99542046	[18220] gil-taken|D:\repos\cpython-profiled\lib\site.py:addsitedir:203|1	
00000570	1.99543798	[18220] gil-taken|D:\repos\cpython-profiled\lib\site.py:addsitedir:203|1	
00000571	1.99545574	[18220] gil-taken|D:\repos\cpython-profiled\lib\site.py:addsitedir:203|1	
00000572	1.99547362	[18220] gil-taken|D:\repos\cpython-profiled\lib\site.py:addsitedir:203|1	
00000573	1.99549043	[18220] gil-taken|D:\repos\cpython-profiled\lib\site.py:addsitedir:203|1	
00000574	1.99550796	[18220] gil-taken|D:\repos\cpython-profiled\lib\site.py:addsitedir:203|1	
00000575	1.99553359	[18220] gil-taken|D:\repos\cpython-profiled\lib\site.py:addsitedir:203|1	
00000576	1.99555075	[18220] gil-taken|D:\repos\cpython-profiled\lib\site.py:addsitedir:203|1	
00000577	1.99556875	[18220] gil-taken|D:\repos\cpython-profiled\lib\site.py:addsitedir:203|1	
00000578	1.99559045	[18220] gil-taken|D:\repos\cpython-profiled\lib\site.py:addsitedir:203|1	
00000579	1.99560595	[18220] gil-taken|D:\repos\cpython-profiled\lib\site.py:addsitedir:203|1	
00000580	1.99562418	[18220] gil-taken|D:\repos\cpython-profiled\lib\site.py:addsitedir:203|1	
00000581	1.99564159	[18220] gil-taken|D:\repos\cpython-profiled\lib\site.py:addsitedir:203|1	
00000582	1.99565876	[18220] gil-taken|D:\repos\cpython-profiled\lib\site.py:addsitedir:203|1	
00000583	1.99567676	[18220] gil-taken|D:\repos\cpython-profiled\lib\site.py:addsitedir:203|1	
00000584	1.99569416	[18220] gil-taken|D:\repos\cpython-profiled\lib\site.py:addsitedir:203|1	
00000585	1.99571157	[18220] gil-taken|D:\repos\cpython-profiled\lib\site.py:addsitedir:203|1	
00000586	1.99572885	[18220] gil-taken|D:\repos\cpython-profiled\lib\site.py:addsitedir:203|1	
00000587	1.99574542	[18220] gil-taken|D:\repos\cpython-profiled\lib\site.py:addsitedir:203|1	
00000588	1.99576318	[18220] gil-taken|D:\repos\cpython-profiled\lib\site.py:addsitedir:203|1	
00000589	1.99578035	[18220] gil-taken|D:\repos\cpython-profiled\lib\site.py:addsitedir:203|1	
00000590	1.99580538	[18220] gil-taken|D:\repos\cpython-profiled\lib\site.py:addsitedir:203|1	
00000591	1.99582374	[18220] gil-taken|D:\repos\cpython-profiled\lib\site.py:addsitedir:203|1	
00000592	1.99585462	[18220] gil-taken|D:\repos\cpython-profiled\lib\site.py:addsitedir:203|1	
00000593	1.99587321	[18220] gil-taken|D:\repos\cpython-profiled\lib\site.py:addsitedir:203|1	
00000594	1.99589181	[18220] gil-taken|D:\repos\cpython-profiled\lib\site.py:addsitedir:203|1	
00000595	1.99591422	[18220] gil-taken|D:\repos\cpython-profiled\lib\site.py:addsitedir:203|1	
00000596	1.99601197	[18220] gil-taken|D:\repos\cpython-profiled\lib\genericpath.py:isdir:42|1	
00000597	1.99613655	[18220] gil-taken|D:\repos\cpython-profiled\lib\site.py:addsitedir:203|1	
00000598	1.99616575	[18220] gil-taken|D:\repos\cpython-profiled\lib\site.py:addsitedir:203|1	
00000599	1.99618435	[18220] gil-taken|D:\repos\cpython-profiled\lib\site.py:addsitedir:203|1	
00000600	1.99620223	[18220] gil-taken|D:\repos\cpython-profiled\lib\site.py:addsitedir:203|1	
00000601	1.99621999	[18220] gil-taken|D:\repos\cpython-profiled\lib\site.py:addsitedir:203|1	
00000602	1.99623764	[18220] gil-taken|D:\repos\cpython-profiled\lib\site.py:addsitedir:203|1	
00000603	1.99626195	[18220] gil-taken|D:\repos\cpython-profiled\lib\site.py:addsitedir:203|1	
00000604	1.99628079	[18220] gil-taken|D:\repos\cpython-profiled\lib\site.py:addsitedir:203|1	
00000605	1.99629843	[18220] gil-taken|D:\repos\cpython-profiled\lib\site.py:addsitedir:203|1	
00000606	1.99631643	[18220] gil-taken|D:\repos\cpython-profiled\lib\site.py:addsitedir:203|1	
00000607	1.99634075	[18220] gil-taken|D:\repos\cpython-profiled\lib\site.py:addsitedir:203|1	
00000608	1.99664795	[18220] gil-taken|<frozen importlib._bootstrap_external>:_path_stat:87|1	
00000609	1.99676096	[18220] gil-taken|<frozen importlib._bootstrap_external>:_path_stat:87|1	
00000610	1.99683559	[18220] gil-taken|<frozen importlib._bootstrap_external>:_path_stat:87|1	
00000611	1.99692357	[18220] gil-taken|<frozen importlib._bootstrap_external>:_path_stat:87|1	
00000612	1.99698615	[18220] gil-taken|<frozen importlib._bootstrap_external>:_fill_cache:1483|1	
00000613	1.99701822	[18220] gil-taken|<frozen importlib._bootstrap_external>:_fill_cache:1483|1	
00000614	1.99703562	[18220] gil-taken|<frozen importlib._bootstrap_external>:_fill_cache:1483|1	
00000615	1.99706101	[18220] gil-taken|<frozen importlib._bootstrap_external>:_fill_cache:1483|1	
00000616	1.99707937	[18220] gil-taken|<frozen importlib._bootstrap_external>:_fill_cache:1483|1	
00000617	1.99709642	[18220] gil-taken|<frozen importlib._bootstrap_external>:_fill_cache:1483|1	
00000618	1.99711394	[18220] gil-taken|<frozen importlib._bootstrap_external>:_fill_cache:1483|1	
00000619	1.99713194	[18220] gil-taken|<frozen importlib._bootstrap_external>:_fill_cache:1483|1	
00000620	1.99714935	[18220] gil-taken|<frozen importlib._bootstrap_external>:_fill_cache:1483|1	
00000621	1.99716723	[18220] gil-taken|<frozen importlib._bootstrap_external>:_fill_cache:1483|1	
00000622	1.99718404	[18220] gil-taken|<frozen importlib._bootstrap_external>:_fill_cache:1483|1	
00000623	1.99720204	[18220] gil-taken|<frozen importlib._bootstrap_external>:_fill_cache:1483|1	
00000624	1.99721956	[18220] gil-taken|<frozen importlib._bootstrap_external>:_fill_cache:1483|1	
00000625	1.99724674	[18220] gil-taken|<frozen importlib._bootstrap_external>:_fill_cache:1483|1	
00000626	1.99726605	[18220] gil-taken|<frozen importlib._bootstrap_external>:_fill_cache:1483|1	
00000627	1.99728358	[18220] gil-taken|<frozen importlib._bootstrap_external>:_fill_cache:1483|1	
00000628	1.99730766	[18220] gil-taken|<frozen importlib._bootstrap_external>:_fill_cache:1483|1	
00000629	1.99732602	[18220] gil-taken|<frozen importlib._bootstrap_external>:_fill_cache:1483|1	
00000630	1.99734282	[18220] gil-taken|<frozen importlib._bootstrap_external>:_fill_cache:1483|1	
00000631	1.99736118	[18220] gil-taken|<frozen importlib._bootstrap_external>:_fill_cache:1483|1	
00000632	1.99737835	[18220] gil-taken|<frozen importlib._bootstrap_external>:_fill_cache:1483|1	
00000633	1.99739516	[18220] gil-taken|<frozen importlib._bootstrap_external>:_fill_cache:1483|1	
00000634	1.99741316	[18220] gil-taken|<frozen importlib._bootstrap_external>:_fill_cache:1483|1	
00000635	1.99743044	[18220] gil-taken|<frozen importlib._bootstrap_external>:_fill_cache:1483|1	
00000636	1.99744761	[18220] gil-taken|<frozen importlib._bootstrap_external>:_fill_cache:1483|1	
00000637	1.99746537	[18220] gil-taken|<frozen importlib._bootstrap_external>:_fill_cache:1483|1	
00000638	1.99748194	[18220] gil-taken|<frozen importlib._bootstrap_external>:_fill_cache:1483|1	
00000639	1.99749959	[18220] gil-taken|<frozen importlib._bootstrap_external>:_fill_cache:1483|1	
00000640	1.99751735	[18220] gil-taken|<frozen importlib._bootstrap_external>:_fill_cache:1483|1	
00000641	1.99753416	[18220] gil-taken|<frozen importlib._bootstrap_external>:_fill_cache:1483|1	
00000642	1.99755180	[18220] gil-taken|<frozen importlib._bootstrap_external>:_fill_cache:1483|1	
00000643	1.99756920	[18220] gil-taken|<frozen importlib._bootstrap_external>:_fill_cache:1483|1	
00000644	1.99759579	[18220] gil-taken|<frozen importlib._bootstrap_external>:_fill_cache:1483|1	
00000645	1.99761379	[18220] gil-taken|<frozen importlib._bootstrap_external>:_fill_cache:1483|1	
00000646	1.99764383	[18220] gil-taken|<frozen importlib._bootstrap_external>:_fill_cache:1483|1	
00000647	1.99766159	[18220] gil-taken|<frozen importlib._bootstrap_external>:_fill_cache:1483|1	
00000648	1.99767959	[18220] gil-taken|<frozen importlib._bootstrap_external>:_fill_cache:1483|1	
00000649	1.99769640	[18220] gil-taken|<frozen importlib._bootstrap_external>:_fill_cache:1483|1	
00000650	1.99771440	[18220] gil-taken|<frozen importlib._bootstrap_external>:_fill_cache:1483|1	
00000651	1.99773240	[18220] gil-taken|<frozen importlib._bootstrap_external>:_fill_cache:1483|1	
00000652	1.99774861	[18220] gil-taken|<frozen importlib._bootstrap_external>:_fill_cache:1483|1	
00000653	1.99776602	[18220] gil-taken|<frozen importlib._bootstrap_external>:_fill_cache:1483|1	
00000654	1.99778318	[18220] gil-taken|<frozen importlib._bootstrap_external>:_fill_cache:1483|1	
00000655	1.99781680	[18220] gil-taken|<frozen importlib._bootstrap_external>:_fill_cache:1483|1	
00000656	1.99783623	[18220] gil-taken|<frozen importlib._bootstrap_external>:_fill_cache:1483|1	
00000657	1.99789524	[18220] gil-taken|<frozen importlib._bootstrap_external>:_fill_cache:1483|1	
00000658	1.99791396	[18220] gil-taken|<frozen importlib._bootstrap_external>:_fill_cache:1483|1	
00000659	1.99796462	[18220] gil-taken|<frozen importlib._bootstrap_external>:_fill_cache:1483|1	
00000660	1.99798524	[18220] gil-taken|<frozen importlib._bootstrap_external>:_fill_cache:1483|1	
00000661	1.99800575	[18220] gil-taken|<frozen importlib._bootstrap_external>:_fill_cache:1483|1	
00000662	1.99802494	[18220] gil-taken|<frozen importlib._bootstrap_external>:_fill_cache:1483|1	
00000663	1.99804282	[18220] gil-taken|<frozen importlib._bootstrap_external>:_fill_cache:1483|1	
00000664	1.99809217	[18220] gil-taken|<frozen importlib._bootstrap_external>:_fill_cache:1483|1	
00000665	1.99811280	[18220] gil-taken|<frozen importlib._bootstrap_external>:_fill_cache:1483|1	
00000666	1.99816203	[18220] gil-taken|<frozen importlib._bootstrap_external>:_fill_cache:1483|1	
00000667	1.99817824	[18220] gil-taken|<frozen importlib._bootstrap_external>:_fill_cache:1483|1	
00000668	1.99823225	[18220] gil-taken|<frozen importlib._bootstrap_external>:_fill_cache:1483|1	
00000669	1.99824941	[18220] gil-taken|<frozen importlib._bootstrap_external>:_fill_cache:1483|1	
00000670	1.99829936	[18220] gil-taken|<frozen importlib._bootstrap_external>:_fill_cache:1483|1	
00000671	1.99831879	[18220] gil-taken|<frozen importlib._bootstrap_external>:_fill_cache:1483|1	
00000672	1.99836481	[18220] gil-taken|<frozen importlib._bootstrap_external>:_fill_cache:1483|1	
00000673	1.99838877	[18220] gil-taken|<frozen importlib._bootstrap_external>:_fill_cache:1483|1	
00000674	1.99843836	[18220] gil-taken|<frozen importlib._bootstrap_external>:_fill_cache:1483|1	
00000675	1.99845564	[18220] gil-taken|<frozen importlib._bootstrap_external>:_fill_cache:1483|1	
00000676	1.99851596	[18220] gil-taken|<frozen importlib._bootstrap_external>:_fill_cache:1483|1	
00000677	1.99853277	[18220] gil-taken|<frozen importlib._bootstrap_external>:_fill_cache:1483|1	
00000678	1.99858403	[18220] gil-taken|<frozen importlib._bootstrap_external>:_fill_cache:1483|1	
00000679	1.99860585	[18220] gil-taken|<frozen importlib._bootstrap_external>:_fill_cache:1483|1	
00000680	1.99865925	[18220] gil-taken|<frozen importlib._bootstrap_external>:_fill_cache:1483|1	
00000681	1.99867380	[18220] gil-taken|<frozen importlib._bootstrap_external>:_fill_cache:1483|1	
00000682	1.99872339	[18220] gil-taken|<frozen importlib._bootstrap_external>:_fill_cache:1483|1	
00000683	1.99874282	[18220] gil-taken|<frozen importlib._bootstrap_external>:_fill_cache:1483|1	
00000684	1.99879277	[18220] gil-taken|<frozen importlib._bootstrap_external>:_fill_cache:1483|1	
00000685	1.99881279	[18220] gil-taken|<frozen importlib._bootstrap_external>:_fill_cache:1483|1	
00000686	1.99883437	[18220] gil-taken|<frozen importlib._bootstrap_external>:_fill_cache:1483|1	
00000687	1.99888337	[18220] gil-taken|<frozen importlib._bootstrap_external>:_fill_cache:1483|1	
00000688	1.99889958	[18220] gil-taken|<frozen importlib._bootstrap_external>:_fill_cache:1483|1	
00000689	1.99895000	[18220] gil-taken|<frozen importlib._bootstrap_external>:_fill_cache:1483|1	
00000690	1.99896944	[18220] gil-taken|<frozen importlib._bootstrap_external>:_fill_cache:1483|1	
00000691	1.99901879	[18220] gil-taken|<frozen importlib._bootstrap_external>:_fill_cache:1483|1	
00000692	1.99903882	[18220] gil-taken|<frozen importlib._bootstrap_external>:_fill_cache:1483|1	
00000693	1.99908638	[18220] gil-taken|<frozen importlib._bootstrap_external>:_fill_cache:1483|1	
00000694	1.99910355	[18220] gil-taken|<frozen importlib._bootstrap_external>:_fill_cache:1483|1	
00000695	1.99915397	[18220] gil-taken|<frozen importlib._bootstrap_external>:_fill_cache:1483|1	
00000696	1.99917018	[18220] gil-taken|<frozen importlib._bootstrap_external>:_fill_cache:1483|1	
00000697	1.99921715	[18220] gil-taken|<frozen importlib._bootstrap_external>:_fill_cache:1483|1	
00000698	1.99923635	[18220] gil-taken|<frozen importlib._bootstrap_external>:_fill_cache:1483|1	
00000699	1.99928606	[18220] gil-taken|<frozen importlib._bootstrap_external>:_fill_cache:1483|1	
00000700	1.99930584	[18220] gil-taken|<frozen importlib._bootstrap_external>:_fill_cache:1483|1	
00000701	1.99935603	[18220] gil-taken|<frozen importlib._bootstrap_external>:_fill_cache:1483|1	
00000702	1.99937296	[18220] gil-taken|<frozen importlib._bootstrap_external>:_fill_cache:1483|1	
00000703	1.99942601	[18220] gil-taken|<frozen importlib._bootstrap_external>:_fill_cache:1483|1	
00000704	1.99944282	[18220] gil-taken|<frozen importlib._bootstrap_external>:_fill_cache:1483|1	
00000705	1.99949336	[18220] gil-taken|<frozen importlib._bootstrap_external>:_fill_cache:1483|1	
00000706	1.99951243	[18220] gil-taken|<frozen importlib._bootstrap_external>:_fill_cache:1483|1	
00000707	1.99956036	[18220] gil-taken|<frozen importlib._bootstrap_external>:_fill_cache:1483|1	
00000708	1.99958098	[18220] gil-taken|<frozen importlib._bootstrap_external>:_fill_cache:1483|1	
00000709	1.99963474	[18220] gil-taken|<frozen importlib._bootstrap_external>:_fill_cache:1483|1	
00000710	1.99965525	[18220] gil-taken|<frozen importlib._bootstrap_external>:_fill_cache:1483|1	
00000711	1.99971557	[18220] gil-taken|<frozen importlib._bootstrap_external>:_fill_cache:1483|1	
00000712	1.99973202	[18220] gil-taken|<frozen importlib._bootstrap_external>:_fill_cache:1483|1	
00000713	1.99977815	[18220] gil-taken|<frozen importlib._bootstrap_external>:_fill_cache:1483|1	
00000714	1.99979734	[18220] gil-taken|<frozen importlib._bootstrap_external>:_fill_cache:1483|1	
00000715	1.99984682	[18220] gil-taken|<frozen importlib._bootstrap_external>:_fill_cache:1483|1	
00000716	1.99986684	[18220] gil-taken|<frozen importlib._bootstrap_external>:_fill_cache:1483|1	
00000717	1.99991798	[18220] gil-taken|<frozen importlib._bootstrap_external>:_fill_cache:1483|1	
00000718	1.99993503	[18220] gil-taken|<frozen importlib._bootstrap_external>:_fill_cache:1483|1	
00000719	1.99999356	[18220] gil-taken|<frozen importlib._bootstrap_external>:_fill_cache:1483|1	
00000720	2.00001001	[18220] gil-taken|<frozen importlib._bootstrap_external>:_fill_cache:1483|1	
00000721	2.00006223	[18220] gil-taken|<frozen importlib._bootstrap_external>:_fill_cache:1483|1	
00000722	2.00008154	[18220] gil-taken|<frozen importlib._bootstrap_external>:_fill_cache:1483|1	
00000723	2.00013161	[18220] gil-taken|<frozen importlib._bootstrap_external>:_fill_cache:1483|1	
00000724	2.00015163	[18220] gil-taken|<frozen importlib._bootstrap_external>:_fill_cache:1483|1	
00000725	2.00020170	[18220] gil-taken|<frozen importlib._bootstrap_external>:_fill_cache:1483|1	
00000726	2.00021887	[18220] gil-taken|<frozen importlib._bootstrap_external>:_fill_cache:1483|1	
00000727	2.00027871	[18220] gil-taken|<frozen importlib._bootstrap_external>:_fill_cache:1483|1	
00000728	2.00029612	[18220] gil-taken|<frozen importlib._bootstrap_external>:_fill_cache:1483|1	
00000729	2.00034571	[18220] gil-taken|<frozen importlib._bootstrap_external>:_fill_cache:1483|1	
00000730	2.00036478	[18220] gil-taken|<frozen importlib._bootstrap_external>:_fill_cache:1483|1	
00000731	2.00041151	[18220] gil-taken|<frozen importlib._bootstrap_external>:_fill_cache:1483|1	
00000732	2.00043201	[18220] gil-taken|<frozen importlib._bootstrap_external>:_fill_cache:1483|1	
00000733	2.00048208	[18220] gil-taken|<frozen importlib._bootstrap_external>:_fill_cache:1483|1	
00000734	2.00049925	[18220] gil-taken|<frozen importlib._bootstrap_external>:_fill_cache:1483|1	
00000735	2.00054955	[18220] gil-taken|<frozen importlib._bootstrap_external>:_fill_cache:1483|1	
00000736	2.00056601	[18220] gil-taken|<frozen importlib._bootstrap_external>:_fill_cache:1483|1	
00000737	2.00061870	[18220] gil-taken|<frozen importlib._bootstrap_external>:_fill_cache:1483|1	
00000738	2.00070405	[18220] gil-taken|<frozen importlib._bootstrap_external>:_fill_cache:1483|1	
00000739	2.00075340	[18220] gil-taken|<frozen importlib._bootstrap_external>:_fill_cache:1483|1	
00000740	2.00078750	[18220] gil-taken|<frozen importlib._bootstrap_external>:_fill_cache:1483|1	
00000741	2.00081205	[18220] gil-taken|<frozen importlib._bootstrap_external>:_fill_cache:1483|1	
00000742	2.00085330	[18220] gil-taken|<frozen importlib._bootstrap_external>:_fill_cache:1483|1	
00000743	2.00086904	[18220] gil-taken|<frozen importlib._bootstrap_external>:_fill_cache:1483|1	
00000744	2.00091600	[18220] gil-taken|<frozen importlib._bootstrap_external>:_fill_cache:1483|1	
00000745	2.00098872	[18220] gil-taken|<frozen importlib._bootstrap_external>:_fill_cache:1483|1	
00000746	2.00106049	[18220] gil-taken|<frozen importlib._bootstrap_external>:_fill_cache:1483|1	
00000747	2.00111246	[18220] gil-taken|<frozen importlib._bootstrap_external>:_fill_cache:1483|1	
00000748	2.00112963	[18220] gil-taken|<frozen importlib._bootstrap_external>:_fill_cache:1483|1	
00000749	2.00117350	[18220] gil-taken|<frozen importlib._bootstrap_external>:_fill_cache:1483|1	
00000750	2.00124526	[18220] gil-taken|<frozen importlib._bootstrap_external>:_fill_cache:1483|1	
00000751	2.00130677	[18220] gil-taken|<frozen importlib._bootstrap_external>:_fill_cache:1483|1	
00000752	2.00132680	[18220] gil-taken|<frozen importlib._bootstrap_external>:_fill_cache:1483|1	
00000753	2.00137997	[18220] gil-taken|<frozen importlib._bootstrap_external>:_fill_cache:1483|1	
00000754	2.00140166	[18220] gil-taken|<frozen importlib._bootstrap_external>:_fill_cache:1483|1	
00000755	2.00142241	[18220] gil-taken|<frozen importlib._bootstrap_external>:_fill_cache:1483|1	
00000756	2.00143552	[18220] gil-taken|<frozen importlib._bootstrap_external>:_fill_cache:1483|1	
00000757	2.00149322	[18220] gil-taken|<frozen importlib._bootstrap_external>:_fill_cache:1483|1	
00000758	2.00150871	[18220] gil-taken|<frozen importlib._bootstrap_external>:_fill_cache:1483|1	
00000759	2.00156164	[18220] gil-taken|<frozen importlib._bootstrap_external>:_fill_cache:1483|1	
00000760	2.00157857	[18220] gil-taken|<frozen importlib._bootstrap_external>:_fill_cache:1483|1	
00000761	2.00163198	[18220] gil-taken|<frozen importlib._bootstrap_external>:_fill_cache:1483|1	
00000762	2.00165248	[18220] gil-taken|<frozen importlib._bootstrap_external>:_fill_cache:1483|1	
00000763	2.00170588	[18220] gil-taken|<frozen importlib._bootstrap_external>:_fill_cache:1483|1	
00000764	2.00172687	[18220] gil-taken|<frozen importlib._bootstrap_external>:_fill_cache:1483|1	
00000765	2.00178170	[18220] gil-taken|<frozen importlib._bootstrap_external>:_fill_cache:1483|1	
00000766	2.00180149	[18220] gil-taken|<frozen importlib._bootstrap_external>:_fill_cache:1483|1	
00000767	2.00185180	[18220] gil-taken|<frozen importlib._bootstrap_external>:_fill_cache:1483|1	
00000768	2.00187182	[18220] gil-taken|<frozen importlib._bootstrap_external>:_fill_cache:1483|1	
00000769	2.00192547	[18220] gil-taken|<frozen importlib._bootstrap_external>:_fill_cache:1483|1	
00000770	2.00194693	[18220] gil-taken|<frozen importlib._bootstrap_external>:_fill_cache:1483|1	
00000771	2.00196767	[18220] gil-taken|<frozen importlib._bootstrap_external>:_fill_cache:1483|1	
00000772	2.00198078	[18220] gil-taken|<frozen importlib._bootstrap_external>:_fill_cache:1483|1	
00000773	2.00202990	[18220] gil-taken|<frozen importlib._bootstrap_external>:_fill_cache:1483|1	
00000774	2.00204968	[18220] gil-taken|<frozen importlib._bootstrap_external>:_fill_cache:1483|1	
00000775	2.00209999	[18220] gil-taken|<frozen importlib._bootstrap_external>:_fill_cache:1483|1	
00000776	2.00211930	[18220] gil-taken|<frozen importlib._bootstrap_external>:_fill_cache:1483|1	
00000777	2.00216889	[18220] gil-taken|<frozen importlib._bootstrap_external>:_fill_cache:1483|1	
00000778	2.00219250	[18220] gil-taken|<frozen importlib._bootstrap_external>:_fill_cache:1483|1	
00000779	2.00224519	[18220] gil-taken|<frozen importlib._bootstrap_external>:_fill_cache:1483|1	
00000780	2.00226593	[18220] gil-taken|<frozen importlib._bootstrap_external>:_fill_cache:1483|1	
00000781	2.00231791	[18220] gil-taken|<frozen importlib._bootstrap_external>:_fill_cache:1483|1	
00000782	2.00233769	[18220] gil-taken|<frozen importlib._bootstrap_external>:_fill_cache:1483|1	
00000783	2.00238800	[18220] gil-taken|<frozen importlib._bootstrap_external>:_fill_cache:1483|1	
00000784	2.00240755	[18220] gil-taken|<frozen importlib._bootstrap_external>:_fill_cache:1483|1	
00000785	2.00242949	[18220] gil-taken|<frozen importlib._bootstrap_external>:_fill_cache:1483|1	
00000786	2.00244284	[18220] gil-taken|<frozen importlib._bootstrap_external>:_fill_cache:1483|1	
00000787	2.00249743	[18220] gil-taken|<frozen importlib._bootstrap_external>:_fill_cache:1483|1	
00000788	2.00251842	[18220] gil-taken|<frozen importlib._bootstrap_external>:_fill_cache:1483|1	
00000789	2.00256824	[18220] gil-taken|<frozen importlib._bootstrap_external>:_fill_cache:1483|1	
00000790	2.00258756	[18220] gil-taken|<frozen importlib._bootstrap_external>:_fill_cache:1483|1	
00000791	2.00263739	[18220] gil-taken|<frozen importlib._bootstrap_external>:_fill_cache:1483|1	
00000792	2.00265741	[18220] gil-taken|<frozen importlib._bootstrap_external>:_fill_cache:1483|1	
00000793	2.00267959	[18220] gil-taken|<frozen importlib._bootstrap_external>:_fill_cache:1483|1	
00000794	2.00269318	[18220] gil-taken|<frozen importlib._bootstrap_external>:_fill_cache:1483|1	
00000795	2.00271201	[18220] gil-taken|<frozen importlib._bootstrap_external>:_fill_cache:1483|1	
00000796	2.00273108	[18220] gil-taken|<frozen importlib._bootstrap_external>:_fill_cache:1483|1	
00000797	2.00274873	[18220] gil-taken|<frozen importlib._bootstrap_external>:_fill_cache:1483|1	
00000798	2.00276089	[18220] gil-taken|<frozen importlib._bootstrap_external>:_fill_cache:1483|1	
00000799	2.00280809	[18220] gil-taken|<frozen importlib._bootstrap_external>:_fill_cache:1483|1	
00000800	2.00283909	[18220] gil-taken|<frozen importlib._bootstrap_external>:_fill_cache:1483|1	
00000801	2.00375676	[18220] gil-taken|<frozen importlib._bootstrap_external>:_path_stat:87|1	
00000802	2.00384593	[18220] gil-taken|<frozen importlib._bootstrap_external>:_path_stat:87|1	
00000803	2.00395060	[18220] gil-taken|<frozen importlib._bootstrap_external>:_path_stat:87|1	
00000804	2.00402594	[18220] gil-taken|<frozen importlib._bootstrap_external>:_fill_cache:1483|1	
00000805	2.00407648	[18220] gil-taken|<frozen importlib._bootstrap_external>:_fill_cache:1483|1	
00000806	2.00409722	[18220] gil-taken|<frozen importlib._bootstrap_external>:_fill_cache:1483|1	
00000807	2.00414991	[18220] gil-taken|<frozen importlib._bootstrap_external>:_fill_cache:1483|1	
00000808	2.00417113	[18220] gil-taken|<frozen importlib._bootstrap_external>:_fill_cache:1483|1	
00000809	2.00422072	[18220] gil-taken|<frozen importlib._bootstrap_external>:_fill_cache:1483|1	
00000810	2.00424051	[18220] gil-taken|<frozen importlib._bootstrap_external>:_fill_cache:1483|1	
00000811	2.00429082	[18220] gil-taken|<frozen importlib._bootstrap_external>:_fill_cache:1483|1	
00000812	2.00431085	[18220] gil-taken|<frozen importlib._bootstrap_external>:_fill_cache:1483|1	
00000813	2.00433230	[18220] gil-taken|<frozen importlib._bootstrap_external>:_fill_cache:1483|1	
00000814	2.00438166	[18220] gil-taken|<frozen importlib._bootstrap_external>:_fill_cache:1483|1	
00000815	2.00440431	[18220] gil-taken|<frozen importlib._bootstrap_external>:_fill_cache:1483|1	
00000816	2.00445533	[18220] gil-taken|<frozen importlib._bootstrap_external>:_fill_cache:1483|1	
00000817	2.00447488	[18220] gil-taken|<frozen importlib._bootstrap_external>:_fill_cache:1483|1	
00000818	2.00452685	[18220] gil-taken|<frozen importlib._bootstrap_external>:_fill_cache:1483|1	
00000819	2.00454712	[18220] gil-taken|<frozen importlib._bootstrap_external>:_fill_cache:1483|1	
00000820	2.00459766	[18220] gil-taken|<frozen importlib._bootstrap_external>:_fill_cache:1483|1	
00000821	2.00461483	[18220] gil-taken|<frozen importlib._bootstrap_external>:_fill_cache:1483|1	
00000822	2.00466561	[18220] gil-taken|<frozen importlib._bootstrap_external>:_fill_cache:1483|1	
00000823	2.00468206	[18220] gil-taken|<frozen importlib._bootstrap_external>:_fill_cache:1483|1	
00000824	2.00474048	[18220] gil-taken|<frozen importlib._bootstrap_external>:_fill_cache:1483|1	
00000825	2.00476003	[18220] gil-taken|<frozen importlib._bootstrap_external>:_fill_cache:1483|1	
00000826	2.00480914	[18220] gil-taken|<frozen importlib._bootstrap_external>:_fill_cache:1483|1	
00000827	2.00482917	[18220] gil-taken|<frozen importlib._bootstrap_external>:_fill_cache:1483|1	
00000828	2.00488019	[18220] gil-taken|<frozen importlib._bootstrap_external>:_fill_cache:1483|1	
00000829	2.00489736	[18220] gil-taken|<frozen importlib._bootstrap_external>:_fill_cache:1483|1	
00000830	2.00494742	[18220] gil-taken|<frozen importlib._bootstrap_external>:_fill_cache:1483|1	
00000831	2.00496411	[18220] gil-taken|<frozen importlib._bootstrap_external>:_fill_cache:1483|1	
00000832	2.00501156	[18220] gil-taken|<frozen importlib._bootstrap_external>:_fill_cache:1483|1	
00000833	2.00503087	[18220] gil-taken|<frozen importlib._bootstrap_external>:_fill_cache:1483|1	
00000834	2.00508046	[18220] gil-taken|<frozen importlib._bootstrap_external>:_fill_cache:1483|1	
00000835	2.00510001	[18220] gil-taken|<frozen importlib._bootstrap_external>:_fill_cache:1483|1	
00000836	2.00535440	[18220] gil-taken|<frozen importlib._bootstrap_external>:_path_stat:87|1	
00000837	2.00542998	[18220] gil-taken|<frozen importlib._bootstrap_external>:_path_stat:87|1	
00000838	2.00552535	[18220] gil-taken|<frozen importlib._bootstrap_external>:_path_stat:87|1	
00000839	2.00557804	[18220] gil-taken|<frozen importlib._bootstrap_external>:_fill_cache:1483|1	
00000840	2.00563407	[18220] gil-taken|<frozen importlib._bootstrap_external>:_fill_cache:1483|1	
00000841	2.00565481	[18220] gil-taken|<frozen importlib._bootstrap_external>:_fill_cache:1483|1	
00000842	2.00570869	[18220] gil-taken|<frozen importlib._bootstrap_external>:_fill_cache:1483|1	
00000843	2.00572968	[18220] gil-taken|<frozen importlib._bootstrap_external>:_fill_cache:1483|1	
00000844	2.00577950	[18220] gil-taken|<frozen importlib._bootstrap_external>:_fill_cache:1483|1	
00000845	2.00579882	[18220] gil-taken|<frozen importlib._bootstrap_external>:_fill_cache:1483|1	
00000846	2.00584912	[18220] gil-taken|<frozen importlib._bootstrap_external>:_fill_cache:1483|1	
00000847	2.00587010	[18220] gil-taken|<frozen importlib._bootstrap_external>:_fill_cache:1483|1	
00000848	2.00589156	[18220] gil-taken|<frozen importlib._bootstrap_external>:_fill_cache:1483|1	
00000849	2.00590563	[18220] gil-taken|<frozen importlib._bootstrap_external>:_fill_cache:1483|1	
00000850	2.00595665	[18220] gil-taken|<frozen importlib._bootstrap_external>:_fill_cache:1483|1	
00000851	2.00597739	[18220] gil-taken|<frozen importlib._bootstrap_external>:_fill_cache:1483|1	
00000852	2.00602770	[18220] gil-taken|<frozen importlib._bootstrap_external>:_fill_cache:1483|1	
00000853	2.00604725	[18220] gil-taken|<frozen importlib._bootstrap_external>:_fill_cache:1483|1	
00000854	2.00609779	[18220] gil-taken|<frozen importlib._bootstrap_external>:_fill_cache:1483|1	
00000855	2.00611711	[18220] gil-taken|<frozen importlib._bootstrap_external>:_fill_cache:1483|1	
00000856	2.00613880	[18220] gil-taken|<frozen importlib._bootstrap_external>:_fill_cache:1483|1	
00000857	2.00619268	[18220] gil-taken|<frozen importlib._bootstrap_external>:_fill_cache:1483|1	
00000858	2.00620937	[18220] gil-taken|<frozen importlib._bootstrap_external>:_fill_cache:1483|1	
00000859	2.00625682	[18220] gil-taken|<frozen importlib._bootstrap_external>:_fill_cache:1483|1	
00000860	2.00627637	[18220] gil-taken|<frozen importlib._bootstrap_external>:_fill_cache:1483|1	
00000861	2.00632596	[18220] gil-taken|<frozen importlib._bootstrap_external>:_fill_cache:1483|1	
00000862	2.00634623	[18220] gil-taken|<frozen importlib._bootstrap_external>:_fill_cache:1483|1	
00000863	2.00639248	[18220] gil-taken|<frozen importlib._bootstrap_external>:_fill_cache:1483|1	
00000864	2.00640965	[18220] gil-taken|<frozen importlib._bootstrap_external>:_fill_cache:1483|1	
00000865	2.00646067	[18220] gil-taken|<frozen importlib._bootstrap_external>:_fill_cache:1483|1	
00000866	2.00647736	[18220] gil-taken|<frozen importlib._bootstrap_external>:_fill_cache:1483|1	
00000867	2.00653529	[18220] gil-taken|<frozen importlib._bootstrap_external>:_fill_cache:1483|1	
00000868	2.00655460	[18220] gil-taken|<frozen importlib._bootstrap_external>:_fill_cache:1483|1	
00000869	2.00660992	[18220] gil-taken|<frozen importlib._bootstrap_external>:_fill_cache:1483|1	
00000870	2.00663114	[18220] gil-taken|<frozen importlib._bootstrap_external>:_fill_cache:1483|1	
00000871	2.00668645	[18220] gil-taken|<frozen importlib._bootstrap_external>:_fill_cache:1483|1	
00000872	2.00670481	[18220] gil-taken|<frozen importlib._bootstrap_external>:_fill_cache:1483|1	
00000873	2.00675440	[18220] gil-taken|<frozen importlib._bootstrap_external>:_fill_cache:1483|1	
00000874	2.00677204	[18220] gil-taken|<frozen importlib._bootstrap_external>:_fill_cache:1483|1	
00000875	2.00682402	[18220] gil-taken|<frozen importlib._bootstrap_external>:_fill_cache:1483|1	
00000876	2.00684285	[18220] gil-taken|<frozen importlib._bootstrap_external>:_fill_cache:1483|1	
00000877	2.00686193	[18220] gil-taken|<frozen importlib._bootstrap_external>:_fill_cache:1483|1	
00000878	2.00691128	[18220] gil-taken|<frozen importlib._bootstrap_external>:_fill_cache:1483|1	
00000879	2.00711393	[18220] gil-taken|<frozen importlib._bootstrap_external>:_path_stat:87|1	
00000880	2.00717878	[18220] gil-taken|<frozen importlib._bootstrap_external>:_path_stat:87|1	
00000881	2.00725794	[18220] gil-taken|<frozen importlib._bootstrap_external>:_path_stat:87|1	
00000882	2.00731349	[18220] gil-taken|<frozen importlib._bootstrap_external>:_fill_cache:1483|1	
00000883	2.00736523	[18220] gil-taken|<frozen importlib._bootstrap_external>:_fill_cache:1483|1	
00000884	2.00738692	[18220] gil-taken|<frozen importlib._bootstrap_external>:_fill_cache:1483|1	
00000885	2.00744033	[18220] gil-taken|<frozen importlib._bootstrap_external>:_fill_cache:1483|1	
00000886	2.00745821	[18220] gil-taken|<frozen importlib._bootstrap_external>:_fill_cache:1483|1	
00000887	2.00750637	[18220] gil-taken|<frozen importlib._bootstrap_external>:_fill_cache:1483|1	
00000888	2.00752354	[18220] gil-taken|<frozen importlib._bootstrap_external>:_fill_cache:1483|1	
00000889	2.00757718	[18220] gil-taken|<frozen importlib._bootstrap_external>:_fill_cache:1483|1	
00000890	2.00762391	[18220] gil-taken|<frozen importlib._bootstrap_external>:_fill_cache:1483|1	
00000891	2.00763869	[18220] gil-taken|<frozen importlib._bootstrap_external>:_fill_cache:1483|1	
00000892	2.00769448	[18220] gil-taken|<frozen importlib._bootstrap_external>:_fill_cache:1483|1	
00000893	2.00792480	[18220] gil-taken|<frozen importlib._bootstrap_external>:_path_stat:87|1	
00000894	2.00801587	[18220] gil-taken|<frozen importlib._bootstrap_external>:_path_stat:87|1	
00000895	2.00811648	[18220] gil-taken|<frozen importlib._bootstrap_external>:_path_stat:87|1	
00000896	2.00821519	[18220] gil-taken|<frozen importlib._bootstrap_external>:_path_stat:87|1	
00000897	2.00830436	[18220] gil-taken|<frozen importlib._bootstrap_external>:_path_stat:87|1	
00000898	2.00847030	[18220] gil-taken|<frozen importlib._bootstrap_external>:_path_stat:87|1	
00000899	2.00854611	[18220] gil-taken|<frozen zipimport>:_read_directory:354|1	
00000900	2.00856543	[18220] gil-taken|<frozen zipimport>:_read_directory:354|1	
00000901	2.00861692	[18220] gil-taken|<frozen zipimport>:_read_directory:354|1	
00000902	2.00863528	[18220] gil-taken|<frozen zipimport>:_read_directory:354|1	
00000903	2.00870109	[18220] gil-taken|<frozen zipimport>:_read_directory:360|1	
00000904	2.00871944	[18220] gil-taken|<frozen zipimport>:_read_directory:361|1	
00000905	2.00880718	[18220] gil-taken|<frozen zipimport>:_read_directory:362|1	
00000906	2.00882578	[18220] gil-taken|<frozen zipimport>:_read_directory:371|1	
00000907	2.00887489	[18220] gil-taken|<frozen zipimport>:_read_directory:372|1	
00000908	2.00889230	[18220] gil-taken|<frozen zipimport>:_read_directory:379|1	
00000909	2.00893927	[18220] gil-taken|<frozen zipimport>:_read_directory:380|1	
00000910	2.00895572	[18220] gil-taken|<frozen zipimport>:_read_directory:380|1	
00000911	2.00900364	[18220] gil-taken|<frozen zipimport>:_read_directory:380|1	
00000912	2.00905395	[18220] gil-taken|<frozen zipimport>:_read_directory:466|1	
00000913	2.00911450	[18220] gil-taken|<frozen importlib._bootstrap_external>:_path_stat:87|1	
00000914	2.01114988	[18220] gil-taken|<frozen importlib._bootstrap_external>:_path_stat:87|1	
00000915	2.01124120	[18220] gil-taken|<frozen importlib._bootstrap_external>:_path_stat:87|1	
00000916	2.01131678	[18220] gil-taken|<frozen importlib._bootstrap_external>:_path_stat:87|1	
00000917	2.01146126	[18220] gil-taken|<frozen importlib._bootstrap_external>:_path_stat:87|1	
00000918	2.01154113	[18220] gil-taken|<frozen importlib._bootstrap_external>:get_data:972|1	
00000919	2.01156211	[18220] gil-taken|<frozen importlib._bootstrap_external>:get_data:972|1	
00000920	2.01161408	[18220] gil-taken|<frozen importlib._bootstrap_external>:get_data:972|1	
00000921	2.01163149	[18220] gil-taken|<frozen importlib._bootstrap_external>:get_data:972|1	
00000922	2.01168370	[18220] gil-taken|<frozen importlib._bootstrap_external>:get_data:973|1	
00000923	2.01174808	[18220] gil-taken|<frozen importlib._bootstrap_external>:get_data:973|1	
00000924	2.01176476	[18220] gil-taken|<frozen importlib._bootstrap_external>:get_data:973|1	
00000925	2.01182008	[18220] gil-taken|<frozen importlib._bootstrap_external>:get_data:973|1	
00000926	2.01232672	[18220] gil-taken|<frozen importlib._bootstrap_external>:_path_stat:87|1	
00000927	2.01241589	[18220] gil-taken|<frozen importlib._bootstrap_external>:_path_stat:87|1	
00000928	2.01249123	[18220] gil-taken|<frozen importlib._bootstrap_external>:_path_stat:87|1	
00000929	2.01263332	[18220] gil-taken|<frozen importlib._bootstrap_external>:_path_stat:87|1	
00000930	2.01270247	[18220] gil-taken|<frozen importlib._bootstrap_external>:get_data:972|1	
00000931	2.01272035	[18220] gil-taken|<frozen importlib._bootstrap_external>:get_data:972|1	
00000932	2.01277566	[18220] gil-taken|<frozen importlib._bootstrap_external>:get_data:972|1	
00000933	2.01279211	[18220] gil-taken|<frozen importlib._bootstrap_external>:get_data:972|1	
00000934	2.01284671	[18220] gil-taken|<frozen importlib._bootstrap_external>:get_data:973|1	
00000935	2.01286197	[18220] gil-taken|<frozen importlib._bootstrap_external>:get_data:973|1	
00000936	2.01293230	[18220] gil-taken|<frozen importlib._bootstrap_external>:get_data:973|1	
00000937	2.01295161	[18220] gil-taken|<frozen importlib._bootstrap_external>:get_data:973|1	
00000938	2.01408792	[18220] gil-taken|<frozen importlib._bootstrap_external>:_path_stat:87|1	
00000939	2.01418376	[18220] gil-taken|<frozen importlib._bootstrap_external>:_path_stat:87|1	
00000940	2.01425529	[18220] gil-taken|<frozen importlib._bootstrap_external>:_path_stat:87|1	
00000941	2.01438332	[18220] gil-taken|<frozen importlib._bootstrap_external>:_path_stat:87|1	
00000942	2.01445150	[18220] gil-taken|<frozen importlib._bootstrap_external>:get_data:972|1	
00000943	2.01446772	[18220] gil-taken|<frozen importlib._bootstrap_external>:get_data:972|1	
00000944	2.01451635	[18220] gil-taken|<frozen importlib._bootstrap_external>:get_data:972|1	
00000945	2.01452994	[18220] gil-taken|<frozen importlib._bootstrap_external>:get_data:972|1	
00000946	2.01459289	[18220] gil-taken|<frozen importlib._bootstrap_external>:get_data:973|1	
00000947	2.01460838	[18220] gil-taken|<frozen importlib._bootstrap_external>:get_data:973|1	
00000948	2.01467156	[18220] gil-taken|<frozen importlib._bootstrap_external>:get_data:973|1	
00000949	2.01468801	[18220] gil-taken|<frozen importlib._bootstrap_external>:get_data:973|1	
00000950	2.01536131	[18220] gil-taken|<frozen importlib._bootstrap_external>:_path_stat:87|1	
00000951	2.01544189	[18220] gil-taken|<frozen importlib._bootstrap_external>:_path_stat:87|1	
00000952	2.01551080	[18220] gil-taken|<frozen importlib._bootstrap_external>:_path_stat:87|1	
00000953	2.01575112	[18220] gil-taken|<frozen importlib._bootstrap_external>:_path_stat:87|1	
00000954	2.01588917	[18220] gil-taken|<frozen importlib._bootstrap_external>:get_data:972|1	
00000955	2.01602125	[18220] gil-taken|<frozen importlib._bootstrap_external>:get_data:972|1	
00000956	2.01617432	[18220] gil-taken|<frozen importlib._bootstrap_external>:get_data:972|1	
00000957	2.01632142	[18220] gil-taken|<frozen importlib._bootstrap_external>:get_data:972|1	
00000958	2.01648068	[18220] gil-taken|<frozen importlib._bootstrap_external>:get_data:973|1	
00000959	2.01662755	[18220] gil-taken|<frozen importlib._bootstrap_external>:get_data:973|1	
00000960	2.01681089	[18220] gil-taken|<frozen importlib._bootstrap_external>:get_data:973|1	
00000961	2.01699090	[18220] gil-taken|<frozen importlib._bootstrap_external>:get_data:973|1	
00000962	2.01737952	[18220] gil-taken|<frozen importlib._bootstrap_external>:_path_stat:87|1	
00000963	2.01747108	[18220] gil-taken|<frozen importlib._bootstrap_external>:_path_stat:87|1	
00000964	2.01754713	[18220] gil-taken|<frozen importlib._bootstrap_external>:_path_stat:87|1	
00000965	2.01768923	[18220] gil-taken|<frozen importlib._bootstrap_external>:_path_stat:87|1	
00000966	2.01775384	[18220] gil-taken|<frozen importlib._bootstrap_external>:get_data:972|1	
00000967	2.01777077	[18220] gil-taken|<frozen importlib._bootstrap_external>:get_data:972|1	
00000968	2.01782250	[18220] gil-taken|<frozen importlib._bootstrap_external>:get_data:972|1	
00000969	2.01787043	[18220] gil-taken|<frozen importlib._bootstrap_external>:get_data:972|1	
00000970	2.01791334	[18220] gil-taken|<frozen importlib._bootstrap_external>:get_data:973|1	
00000971	2.01795411	[18220] gil-taken|<frozen importlib._bootstrap_external>:get_data:973|1	
00000972	2.01797509	[18220] gil-taken|<frozen importlib._bootstrap_external>:get_data:973|1	
00000973	2.01800680	[18220] gil-taken|<frozen importlib._bootstrap_external>:get_data:973|1	
00000974	2.01955509	[18220] gil-taken|D:\repos\cpython-profiled\lib\threading.py:wait:302|1	
00000975	2.01985526	[18220] gil-taken|D:\repos\cpython-profiled\lib\threading.py:wait:302|1	
00000976	2.02013755	[18220] gil-taken|D:\repos\cpython-profiled\lib\threading.py:wait:302|1	
00000977	2.02038240	[18220] gil-taken|D:\repos\cpython-profiled\lib\threading.py:wait:302|1	
00000978	2.02058578	[18220] gil-taken|D:\repos\cpython-profiled\lib\threading.py:wait:302|1	
00000979	2.02063990	[18220] gil-taken|.\thread1.py:<module>:24|1	
00000980	2.02076387	[18220] gil-taken|.\thread1.py:<module>:24|1	
00000981	4.02594328	[18220] gil-taken|.\thread1.py:<module>:25|1	
00000982	4.02679205	[18220] gil-taken|D:\repos\cpython-profiled\lib\threading.py:wait:302|2	
00000983	4.02730608	[18220] gil-taken|D:\repos\cpython-profiled\lib\threading.py:wait:302|3	
00000984	4.02765083	[18220] gil-taken|D:\repos\cpython-profiled\lib\threading.py:wait:302|4	
00000985	4.02782917	[18220] gil-taken|D:\repos\cpython-profiled\lib\threading.py:wait:302|5	
00000986	4.02812672	[18220] gil-taken|D:\repos\cpython-profiled\lib\threading.py:wait:302|6	
00000987	4.21221447	[18220] gil-taken|.\thread1.py:task:14|6	
00000988	4.21240282	[18220] gil-taken|.\thread1.py:task:15|6	
00000989	4.21299124	[18220] gil-taken|.\thread1.py:task:15|6	
00000990	4.47593975	[18220] gil-taken|.\thread1.py:task:14|4	
00000991	4.47613859	[18220] gil-taken|.\thread1.py:task:15|4	
00000992	4.47655678	[18220] gil-taken|.\thread1.py:task:15|4	
00000993	4.53904343	[18220] gil-taken|.\thread1.py:task:14|2	
00000994	4.53944635	[18220] gil-taken|.\thread1.py:task:15|2	
00000995	4.53984547	[18220] gil-taken|.\thread1.py:task:15|2	
00000996	4.60104465	[18220] gil-taken|.\thread1.py:task:14|5	
00000997	4.60118151	[18220] gil-taken|.\thread1.py:task:15|5	
00000998	4.60162020	[18220] gil-taken|.\thread1.py:task:15|5	
00000999	4.60270739	[18220] gil-taken|D:\repos\cpython-profiled\lib\threading.py:_shutdown:1388|1	
00001000	4.74193716	[18220] gil-taken|.\thread1.py:task:14|3	
00001001	4.74207687	[18220] gil-taken|.\thread1.py:task:15|3	
00001002	4.74252462	[18220] gil-taken|.\thread1.py:task:15|3	
00001003	4.74383307	[18220] gil-taken|D:\repos\cpython-profiled\lib\threading.py:_shutdown:1388|1	
