00000021	42.55978394	[12900] gil-taken|<frozen importlib._bootstrap_external>:_path_stat:87|1	
00000022	42.55996323	[12900] gil-taken|<frozen importlib._bootstrap_external>:_path_stat:87|1	
00000023	42.56005859	[12900] gil-taken|<frozen importlib._bootstrap_external>:_path_stat:87|1	
00000024	42.56013870	[12900] gil-taken|<frozen importlib._bootstrap_external>:_path_stat:87|1	
00000025	42.56022263	[12900] gil-taken|<frozen importlib._bootstrap_external>:_path_stat:87|1	
00000026	42.56028748	[12900] gil-taken|<frozen importlib._bootstrap_external>:_path_stat:87|1	
00000027	42.56037903	[12900] gil-taken|<frozen importlib._bootstrap_external>:_path_stat:87|1	
00000028	42.56045151	[12900] gil-taken|<frozen importlib._bootstrap_external>:_path_stat:87|1	
00000029	42.56055832	[12900] gil-taken|<frozen importlib._bootstrap_external>:_path_stat:87|1	
00000030	42.56063461	[12900] gil-taken|<frozen importlib._bootstrap_external>:_fill_cache:1483|1	
00000031	42.56068039	[12900] gil-taken|<frozen importlib._bootstrap_external>:_fill_cache:1483|1	
00000032	42.56075668	[12900] gil-taken|<frozen importlib._bootstrap_external>:_fill_cache:1483|1	
00000033	42.56081009	[12900] gil-taken|<frozen importlib._bootstrap_external>:_fill_cache:1483|1	
00000034	42.56088257	[12900] gil-taken|<frozen importlib._bootstrap_external>:_fill_cache:1483|1	
00000035	42.56095505	[12900] gil-taken|<frozen importlib._bootstrap_external>:_fill_cache:1483|1	
00000036	42.56101990	[12900] gil-taken|<frozen importlib._bootstrap_external>:_fill_cache:1483|1	
00000037	42.56109238	[12900] gil-taken|<frozen importlib._bootstrap_external>:_fill_cache:1483|1	
00000038	42.56117249	[12900] gil-taken|<frozen importlib._bootstrap_external>:_fill_cache:1483|1	
00000039	42.56123734	[12900] gil-taken|<frozen importlib._bootstrap_external>:_fill_cache:1483|1	
00000040	42.56131363	[12900] gil-taken|<frozen importlib._bootstrap_external>:_fill_cache:1483|1	
00000041	42.56136322	[12900] gil-taken|<frozen importlib._bootstrap_external>:_fill_cache:1483|1	
00000042	42.56143188	[12900] gil-taken|<frozen importlib._bootstrap_external>:_fill_cache:1483|1	
00000043	42.56150436	[12900] gil-taken|<frozen importlib._bootstrap_external>:_fill_cache:1483|1	
00000044	42.56157303	[12900] gil-taken|<frozen importlib._bootstrap_external>:_fill_cache:1483|1	
00000045	42.56158447	[12900] gil-taken|<frozen importlib._bootstrap_external>:_fill_cache:1483|1	
00000046	42.56163406	[12900] gil-taken|<frozen importlib._bootstrap_external>:_fill_cache:1483|1	
00000047	42.56170654	[12900] gil-taken|<frozen importlib._bootstrap_external>:_fill_cache:1483|1	
00000048	42.56177902	[12900] gil-taken|<frozen importlib._bootstrap_external>:_fill_cache:1483|1	
00000049	42.56185150	[12900] gil-taken|<frozen importlib._bootstrap_external>:_fill_cache:1483|1	
00000050	42.56192780	[12900] gil-taken|<frozen importlib._bootstrap_external>:_fill_cache:1483|1	
00000051	42.56200027	[12900] gil-taken|<frozen importlib._bootstrap_external>:_fill_cache:1483|1	
00000052	42.56207275	[12900] gil-taken|<frozen importlib._bootstrap_external>:_fill_cache:1483|1	
00000053	42.56214523	[12900] gil-taken|<frozen importlib._bootstrap_external>:_fill_cache:1483|1	
00000054	42.56221390	[12900] gil-taken|<frozen importlib._bootstrap_external>:_fill_cache:1483|1	
00000055	42.56231308	[12900] gil-taken|<frozen importlib._bootstrap_external>:_fill_cache:1483|1	
00000056	42.56239700	[12900] gil-taken|<frozen importlib._bootstrap_external>:_fill_cache:1483|1	
00000057	42.56248474	[12900] gil-taken|<frozen importlib._bootstrap_external>:_fill_cache:1483|1	
00000058	42.56256104	[12900] gil-taken|<frozen importlib._bootstrap_external>:_fill_cache:1483|1	
00000059	42.56264496	[12900] gil-taken|<frozen importlib._bootstrap_external>:_fill_cache:1483|1	
00000060	42.56271744	[12900] gil-taken|<frozen importlib._bootstrap_external>:_fill_cache:1483|1	
00000061	42.56278992	[12900] gil-taken|<frozen importlib._bootstrap_external>:_fill_cache:1483|1	
00000062	42.56286240	[12900] gil-taken|<frozen importlib._bootstrap_external>:_fill_cache:1483|1	
00000063	42.56294250	[12900] gil-taken|<frozen importlib._bootstrap_external>:_fill_cache:1483|1	
00000064	42.56301498	[12900] gil-taken|<frozen importlib._bootstrap_external>:_fill_cache:1483|1	
00000065	42.56309128	[12900] gil-taken|<frozen importlib._bootstrap_external>:_fill_cache:1483|1	
00000066	42.56309891	[12900] gil-taken|<frozen importlib._bootstrap_external>:_fill_cache:1483|1	
00000067	42.56315231	[12900] gil-taken|<frozen importlib._bootstrap_external>:_fill_cache:1483|1	
00000068	42.56323624	[12900] gil-taken|<frozen importlib._bootstrap_external>:_fill_cache:1483|1	
00000069	42.56331253	[12900] gil-taken|<frozen importlib._bootstrap_external>:_fill_cache:1483|1	
00000070	42.56336212	[12900] gil-taken|<frozen importlib._bootstrap_external>:_fill_cache:1483|1	
00000071	42.56339264	[12900] gil-taken|<frozen importlib._bootstrap_external>:_fill_cache:1483|1	
00000072	42.56340790	[12900] gil-taken|<frozen importlib._bootstrap_external>:_fill_cache:1483|1	
00000073	42.56342697	[12900] gil-taken|<frozen importlib._bootstrap_external>:_fill_cache:1483|1	
00000074	42.56344223	[12900] gil-taken|<frozen importlib._bootstrap_external>:_fill_cache:1483|1	
00000075	42.56346130	[12900] gil-taken|<frozen importlib._bootstrap_external>:_fill_cache:1483|1	
00000076	42.56348419	[12900] gil-taken|<frozen importlib._bootstrap_external>:_fill_cache:1483|1	
00000077	42.56350327	[12900] gil-taken|<frozen importlib._bootstrap_external>:_fill_cache:1483|1	
00000078	42.56351852	[12900] gil-taken|<frozen importlib._bootstrap_external>:_fill_cache:1483|1	
00000079	42.56357193	[12900] gil-taken|<frozen importlib._bootstrap_external>:_fill_cache:1483|1	
00000080	42.56364059	[12900] gil-taken|<frozen importlib._bootstrap_external>:_fill_cache:1483|1	
00000081	42.56372452	[12900] gil-taken|<frozen importlib._bootstrap_external>:_fill_cache:1483|1	
00000082	42.56379700	[12900] gil-taken|<frozen importlib._bootstrap_external>:_fill_cache:1483|1	
00000083	42.56386948	[12900] gil-taken|<frozen importlib._bootstrap_external>:_fill_cache:1483|1	
00000084	42.56393814	[12900] gil-taken|<frozen importlib._bootstrap_external>:_fill_cache:1483|1	
00000085	42.56402206	[12900] gil-taken|<frozen importlib._bootstrap_external>:_fill_cache:1483|1	
00000086	42.56409454	[12900] gil-taken|<frozen importlib._bootstrap_external>:_fill_cache:1483|1	
00000087	42.56417084	[12900] gil-taken|<frozen importlib._bootstrap_external>:_fill_cache:1483|1	
00000088	42.56424713	[12900] gil-taken|<frozen importlib._bootstrap_external>:_fill_cache:1483|1	
00000089	42.56432343	[12900] gil-taken|<frozen importlib._bootstrap_external>:_fill_cache:1483|1	
00000090	42.56436539	[12900] gil-taken|<frozen importlib._bootstrap_external>:_fill_cache:1483|1	
00000091	42.56439209	[12900] gil-taken|<frozen importlib._bootstrap_external>:_fill_cache:1483|1	
00000092	42.56441116	[12900] gil-taken|<frozen importlib._bootstrap_external>:_fill_cache:1483|1	
00000093	42.56442642	[12900] gil-taken|<frozen importlib._bootstrap_external>:_fill_cache:1483|1	
00000094	42.56444550	[12900] gil-taken|<frozen importlib._bootstrap_external>:_fill_cache:1483|1	
00000095	42.56446075	[12900] gil-taken|<frozen importlib._bootstrap_external>:_fill_cache:1483|1	
00000096	42.56447983	[12900] gil-taken|<frozen importlib._bootstrap_external>:_fill_cache:1483|1	
00000097	42.56453705	[12900] gil-taken|<frozen importlib._bootstrap_external>:_fill_cache:1483|1	
00000098	42.56461334	[12900] gil-taken|<frozen importlib._bootstrap_external>:_fill_cache:1483|1	
00000099	42.56468201	[12900] gil-taken|<frozen importlib._bootstrap_external>:_fill_cache:1483|1	
00000100	42.56475449	[12900] gil-taken|<frozen importlib._bootstrap_external>:_fill_cache:1483|1	
00000101	42.56480789	[12900] gil-taken|<frozen importlib._bootstrap_external>:_fill_cache:1483|1	
00000102	42.56486130	[12900] gil-taken|<frozen importlib._bootstrap_external>:_fill_cache:1483|1	
00000103	42.56493378	[12900] gil-taken|<frozen importlib._bootstrap_external>:_fill_cache:1483|1	
00000104	42.56500626	[12900] gil-taken|<frozen importlib._bootstrap_external>:_fill_cache:1483|1	
00000105	42.56508255	[12900] gil-taken|<frozen importlib._bootstrap_external>:_fill_cache:1483|1	
00000106	42.56515503	[12900] gil-taken|<frozen importlib._bootstrap_external>:_fill_cache:1483|1	
00000107	42.56523514	[12900] gil-taken|<frozen importlib._bootstrap_external>:_fill_cache:1483|1	
00000108	42.56530762	[12900] gil-taken|<frozen importlib._bootstrap_external>:_fill_cache:1483|1	
00000109	42.56535721	[12900] gil-taken|<frozen importlib._bootstrap_external>:_fill_cache:1483|1	
00000110	42.56538391	[12900] gil-taken|<frozen importlib._bootstrap_external>:_fill_cache:1483|1	
00000111	42.56540298	[12900] gil-taken|<frozen importlib._bootstrap_external>:_fill_cache:1483|1	
00000112	42.56542206	[12900] gil-taken|<frozen importlib._bootstrap_external>:_fill_cache:1483|1	
00000113	42.56544113	[12900] gil-taken|<frozen importlib._bootstrap_external>:_fill_cache:1483|1	
00000114	42.56545639	[12900] gil-taken|<frozen importlib._bootstrap_external>:_fill_cache:1483|1	
00000115	42.56547546	[12900] gil-taken|<frozen importlib._bootstrap_external>:_fill_cache:1483|1	
00000116	42.56549454	[12900] gil-taken|<frozen importlib._bootstrap_external>:_fill_cache:1483|1	
00000117	42.56554413	[12900] gil-taken|<frozen importlib._bootstrap_external>:_fill_cache:1483|1	
00000118	42.56562424	[12900] gil-taken|<frozen importlib._bootstrap_external>:_fill_cache:1483|1	
00000119	42.56570816	[12900] gil-taken|<frozen importlib._bootstrap_external>:_fill_cache:1483|1	
00000120	42.56577682	[12900] gil-taken|<frozen importlib._bootstrap_external>:_fill_cache:1483|1	
00000121	42.56584549	[12900] gil-taken|<frozen importlib._bootstrap_external>:_fill_cache:1483|1	
00000122	42.56593323	[12900] gil-taken|<frozen importlib._bootstrap_external>:_fill_cache:1483|1	
00000123	42.56600952	[12900] gil-taken|<frozen importlib._bootstrap_external>:_fill_cache:1483|1	
00000124	42.56607819	[12900] gil-taken|<frozen importlib._bootstrap_external>:_fill_cache:1483|1	
00000125	42.56615067	[12900] gil-taken|<frozen importlib._bootstrap_external>:_fill_cache:1483|1	
00000126	42.56622696	[12900] gil-taken|<frozen importlib._bootstrap_external>:_fill_cache:1483|1	
00000127	42.56630325	[12900] gil-taken|<frozen importlib._bootstrap_external>:_fill_cache:1483|1	
00000128	42.56634903	[12900] gil-taken|<frozen importlib._bootstrap_external>:_fill_cache:1483|1	
00000129	42.56637192	[12900] gil-taken|<frozen importlib._bootstrap_external>:_fill_cache:1483|1	
00000130	42.56639099	[12900] gil-taken|<frozen importlib._bootstrap_external>:_fill_cache:1483|1	
00000131	42.56640625	[12900] gil-taken|<frozen importlib._bootstrap_external>:_fill_cache:1483|1	
00000132	42.56643677	[12900] gil-taken|<frozen importlib._bootstrap_external>:_fill_cache:1483|1	
00000133	42.56645584	[12900] gil-taken|<frozen importlib._bootstrap_external>:_fill_cache:1483|1	
00000134	42.56647873	[12900] gil-taken|<frozen importlib._bootstrap_external>:_fill_cache:1483|1	
00000135	42.56653595	[12900] gil-taken|<frozen importlib._bootstrap_external>:_fill_cache:1483|1	
00000136	42.56660843	[12900] gil-taken|<frozen importlib._bootstrap_external>:_fill_cache:1483|1	
00000137	42.56669617	[12900] gil-taken|<frozen importlib._bootstrap_external>:_fill_cache:1483|1	
00000138	42.56677246	[12900] gil-taken|<frozen importlib._bootstrap_external>:_fill_cache:1483|1	
00000139	42.56686401	[12900] gil-taken|<frozen importlib._bootstrap_external>:_fill_cache:1483|1	
00000140	42.56695175	[12900] gil-taken|<frozen importlib._bootstrap_external>:_fill_cache:1483|1	
00000141	42.56702042	[12900] gil-taken|<frozen importlib._bootstrap_external>:_fill_cache:1483|1	
00000142	42.56710815	[12900] gil-taken|<frozen importlib._bootstrap_external>:_fill_cache:1483|1	
00000143	42.56719208	[12900] gil-taken|<frozen importlib._bootstrap_external>:_fill_cache:1483|1	
00000144	42.56727982	[12900] gil-taken|<frozen importlib._bootstrap_external>:_fill_cache:1483|1	
00000145	42.56737137	[12900] gil-taken|<frozen importlib._bootstrap_external>:_fill_cache:1483|1	
00000146	42.56744003	[12900] gil-taken|<frozen importlib._bootstrap_external>:_fill_cache:1483|1	
00000147	42.56751251	[12900] gil-taken|<frozen importlib._bootstrap_external>:_fill_cache:1483|1	
00000148	42.56756210	[12900] gil-taken|<frozen importlib._bootstrap_external>:_fill_cache:1483|1	
00000149	42.56762695	[12900] gil-taken|<frozen importlib._bootstrap_external>:_fill_cache:1483|1	
00000150	42.56772232	[12900] gil-taken|<frozen importlib._bootstrap_external>:_fill_cache:1483|1	
00000151	42.56780624	[12900] gil-taken|<frozen importlib._bootstrap_external>:_fill_cache:1483|1	
00000152	42.56789017	[12900] gil-taken|<frozen importlib._bootstrap_external>:_fill_cache:1483|1	
00000153	42.56798172	[12900] gil-taken|<frozen importlib._bootstrap_external>:_fill_cache:1483|1	
00000154	42.56806183	[12900] gil-taken|<frozen importlib._bootstrap_external>:_fill_cache:1483|1	
00000155	42.56815338	[12900] gil-taken|<frozen importlib._bootstrap_external>:_fill_cache:1483|1	
00000156	42.56822586	[12900] gil-taken|<frozen importlib._bootstrap_external>:_fill_cache:1483|1	
00000157	42.56829453	[12900] gil-taken|<frozen importlib._bootstrap_external>:_fill_cache:1483|1	
00000158	42.56838226	[12900] gil-taken|<frozen importlib._bootstrap_external>:_fill_cache:1483|1	
00000159	42.56846237	[12900] gil-taken|<frozen importlib._bootstrap_external>:_fill_cache:1483|1	
00000160	42.56853104	[12900] gil-taken|<frozen importlib._bootstrap_external>:_fill_cache:1483|1	
00000161	42.56861877	[12900] gil-taken|<frozen importlib._bootstrap_external>:_fill_cache:1483|1	
00000162	42.56869125	[12900] gil-taken|<frozen importlib._bootstrap_external>:_fill_cache:1483|1	
00000163	42.56877899	[12900] gil-taken|<frozen importlib._bootstrap_external>:_fill_cache:1483|1	
00000164	42.56886292	[12900] gil-taken|<frozen importlib._bootstrap_external>:_fill_cache:1483|1	
00000165	42.56894684	[12900] gil-taken|<frozen importlib._bootstrap_external>:_fill_cache:1483|1	
00000166	42.56901932	[12900] gil-taken|<frozen importlib._bootstrap_external>:_fill_cache:1483|1	
00000167	42.56910706	[12900] gil-taken|<frozen importlib._bootstrap_external>:_fill_cache:1483|1	
00000168	42.56917572	[12900] gil-taken|<frozen importlib._bootstrap_external>:_fill_cache:1483|1	
00000169	42.56926346	[12900] gil-taken|<frozen importlib._bootstrap_external>:_fill_cache:1483|1	
00000170	42.56935501	[12900] gil-taken|<frozen importlib._bootstrap_external>:_fill_cache:1483|1	
00000171	42.56937790	[12900] gil-taken|<frozen importlib._bootstrap_external>:_fill_cache:1483|1	
00000172	42.56942749	[12900] gil-taken|<frozen importlib._bootstrap_external>:_fill_cache:1483|1	
00000173	42.56949615	[12900] gil-taken|<frozen importlib._bootstrap_external>:_fill_cache:1483|1	
00000174	42.56956863	[12900] gil-taken|<frozen importlib._bootstrap_external>:_fill_cache:1483|1	
00000175	42.56964111	[12900] gil-taken|<frozen importlib._bootstrap_external>:_fill_cache:1483|1	
00000176	42.56969452	[12900] gil-taken|<frozen importlib._bootstrap_external>:_fill_cache:1483|1	
00000177	42.56976700	[12900] gil-taken|<frozen importlib._bootstrap_external>:_fill_cache:1483|1	
00000178	42.56983948	[12900] gil-taken|<frozen importlib._bootstrap_external>:_fill_cache:1483|1	
00000179	42.56991196	[12900] gil-taken|<frozen importlib._bootstrap_external>:_fill_cache:1483|1	
00000180	42.57000351	[12900] gil-taken|<frozen importlib._bootstrap_external>:_fill_cache:1483|1	
00000181	42.57009125	[12900] gil-taken|<frozen importlib._bootstrap_external>:_fill_cache:1483|1	
00000182	42.57017517	[12900] gil-taken|<frozen importlib._bootstrap_external>:_fill_cache:1483|1	
00000183	42.57025909	[12900] gil-taken|<frozen importlib._bootstrap_external>:_fill_cache:1483|1	
00000184	42.57035065	[12900] gil-taken|<frozen importlib._bootstrap_external>:_fill_cache:1483|1	
00000185	42.57043076	[12900] gil-taken|<frozen importlib._bootstrap_external>:_fill_cache:1483|1	
00000186	42.57050323	[12900] gil-taken|<frozen importlib._bootstrap_external>:_fill_cache:1483|1	
00000187	42.57057953	[12900] gil-taken|<frozen importlib._bootstrap_external>:_fill_cache:1483|1	
00000188	42.57062531	[12900] gil-taken|<frozen importlib._bootstrap_external>:_fill_cache:1483|1	
00000189	42.57070160	[12900] gil-taken|<frozen importlib._bootstrap_external>:_fill_cache:1483|1	
00000190	42.57077408	[12900] gil-taken|<frozen importlib._bootstrap_external>:_fill_cache:1483|1	
00000191	42.57085419	[12900] gil-taken|<frozen importlib._bootstrap_external>:_fill_cache:1483|1	
00000192	42.57094193	[12900] gil-taken|<frozen importlib._bootstrap_external>:_fill_cache:1483|1	
00000193	42.57101440	[12900] gil-taken|<frozen importlib._bootstrap_external>:_fill_cache:1483|1	
00000194	42.57110596	[12900] gil-taken|<frozen importlib._bootstrap_external>:_fill_cache:1483|1	
00000195	42.57119751	[12900] gil-taken|<frozen importlib._bootstrap_external>:_fill_cache:1483|1	
00000196	42.57126617	[12900] gil-taken|<frozen importlib._bootstrap_external>:_fill_cache:1483|1	
00000197	42.57133865	[12900] gil-taken|<frozen importlib._bootstrap_external>:_fill_cache:1483|1	
00000198	42.57141113	[12900] gil-taken|<frozen importlib._bootstrap_external>:_fill_cache:1483|1	
00000199	42.57147980	[12900] gil-taken|<frozen importlib._bootstrap_external>:_fill_cache:1483|1	
00000200	42.57154083	[12900] gil-taken|<frozen importlib._bootstrap_external>:_fill_cache:1483|1	
00000201	42.57157516	[12900] gil-taken|<frozen importlib._bootstrap_external>:_fill_cache:1483|1	
00000202	42.57159424	[12900] gil-taken|<frozen importlib._bootstrap_external>:_fill_cache:1483|1	
00000203	42.57167053	[12900] gil-taken|<frozen importlib._bootstrap_external>:_fill_cache:1483|1	
00000204	42.57174301	[12900] gil-taken|<frozen importlib._bootstrap_external>:_fill_cache:1483|1	
00000205	42.57180786	[12900] gil-taken|<frozen importlib._bootstrap_external>:_fill_cache:1483|1	
00000206	42.57182693	[12900] gil-taken|<frozen importlib._bootstrap_external>:_fill_cache:1483|1	
00000207	42.57184219	[12900] gil-taken|<frozen importlib._bootstrap_external>:_fill_cache:1483|1	
00000208	42.57189560	[12900] gil-taken|<frozen importlib._bootstrap_external>:_fill_cache:1483|1	
00000209	42.57197571	[12900] gil-taken|<frozen importlib._bootstrap_external>:_fill_cache:1483|1	
00000210	42.57205963	[12900] gil-taken|<frozen importlib._bootstrap_external>:_fill_cache:1483|1	
00000211	42.57215500	[12900] gil-taken|<frozen importlib._bootstrap_external>:_fill_cache:1483|1	
00000212	42.57223511	[12900] gil-taken|<frozen importlib._bootstrap_external>:_fill_cache:1483|1	
00000213	42.57232666	[12900] gil-taken|<frozen importlib._bootstrap_external>:_fill_cache:1483|1	
00000214	42.57240295	[12900] gil-taken|<frozen importlib._bootstrap_external>:_fill_cache:1483|1	
00000215	42.57247925	[12900] gil-taken|<frozen importlib._bootstrap_external>:_fill_cache:1483|1	
00000216	42.57254791	[12900] gil-taken|<frozen importlib._bootstrap_external>:_fill_cache:1483|1	
00000217	42.57262802	[12900] gil-taken|<frozen importlib._bootstrap_external>:_fill_cache:1483|1	
00000218	42.57270813	[12900] gil-taken|<frozen importlib._bootstrap_external>:_fill_cache:1483|1	
00000219	42.57279587	[12900] gil-taken|<frozen importlib._bootstrap_external>:_fill_cache:1483|1	
00000220	42.57287216	[12900] gil-taken|<frozen importlib._bootstrap_external>:_fill_cache:1483|1	
00000221	42.57295227	[12900] gil-taken|<frozen importlib._bootstrap_external>:_fill_cache:1483|1	
00000222	42.57297134	[12900] gil-taken|<frozen importlib._bootstrap_external>:_fill_cache:1483|1	
00000223	42.57302856	[12900] gil-taken|<frozen importlib._bootstrap_external>:_fill_cache:1483|1	
00000224	42.57310867	[12900] gil-taken|<frozen importlib._bootstrap_external>:_fill_cache:1483|1	
00000225	42.57317734	[12900] gil-taken|<frozen importlib._bootstrap_external>:_fill_cache:1483|1	
00000226	42.57324982	[12900] gil-taken|<frozen importlib._bootstrap_external>:_fill_cache:1483|1	
00000227	42.57333755	[12900] gil-taken|<frozen importlib._bootstrap_external>:_fill_cache:1483|1	
00000228	42.57338333	[12900] gil-taken|<frozen importlib._bootstrap_external>:_fill_cache:1483|1	
00000229	42.57340622	[12900] gil-taken|<frozen importlib._bootstrap_external>:_fill_cache:1483|1	
00000230	42.57342529	[12900] gil-taken|<frozen importlib._bootstrap_external>:_fill_cache:1483|1	
00000231	42.57344055	[12900] gil-taken|<frozen importlib._bootstrap_external>:_fill_cache:1483|1	
00000232	42.57345963	[12900] gil-taken|<frozen importlib._bootstrap_external>:_fill_cache:1483|1	
00000233	42.57347488	[12900] gil-taken|<frozen importlib._bootstrap_external>:_fill_cache:1483|1	
00000234	42.57352829	[12900] gil-taken|<frozen importlib._bootstrap_external>:_fill_cache:1483|1	
00000235	42.57360458	[12900] gil-taken|<frozen importlib._bootstrap_external>:_fill_cache:1483|1	
00000236	42.57444763	[12900] gil-taken|<frozen importlib._bootstrap_external>:_path_stat:87|1	
00000237	42.57450104	[12900] gil-taken|<frozen importlib._bootstrap_external>:_path_stat:87|1	
00000238	42.57461929	[12900] gil-taken|<frozen importlib._bootstrap_external>:_path_stat:87|1	
00000239	42.57483292	[12900] gil-taken|<frozen importlib._bootstrap_external>:_path_stat:87|1	
00000240	42.57493591	[12900] gil-taken|<frozen importlib._bootstrap_external>:get_data:972|1	
00000241	42.57501602	[12900] gil-taken|<frozen importlib._bootstrap_external>:get_data:972|1	
00000242	42.57503128	[12900] gil-taken|<frozen importlib._bootstrap_external>:get_data:972|1	
00000243	42.57511139	[12900] gil-taken|<frozen importlib._bootstrap_external>:get_data:972|1	
00000244	42.57516098	[12900] gil-taken|<frozen importlib._bootstrap_external>:get_data:973|1	
00000245	42.57522964	[12900] gil-taken|<frozen importlib._bootstrap_external>:get_data:973|1	
00000246	42.57527542	[12900] gil-taken|<frozen importlib._bootstrap_external>:get_data:973|1	
00000247	42.57537079	[12900] gil-taken|<frozen importlib._bootstrap_external>:get_data:973|1	
00000248	42.57563019	[12900] gil-taken|<frozen importlib._bootstrap_external>:_path_stat:87|1	
00000249	42.57572556	[12900] gil-taken|<frozen importlib._bootstrap_external>:_path_stat:87|1	
00000250	42.57590103	[12900] gil-taken|<frozen importlib._bootstrap_external>:_path_stat:87|1	
00000251	42.57598495	[12900] gil-taken|<frozen importlib._bootstrap_external>:get_data:972|1	
00000252	42.57606888	[12900] gil-taken|<frozen importlib._bootstrap_external>:get_data:972|1	
00000253	42.57616425	[12900] gil-taken|<frozen importlib._bootstrap_external>:get_data:972|1	
00000254	42.57624054	[12900] gil-taken|<frozen importlib._bootstrap_external>:get_data:972|1	
00000255	42.57629013	[12900] gil-taken|<frozen importlib._bootstrap_external>:get_data:973|1	
00000256	42.57635117	[12900] gil-taken|<frozen importlib._bootstrap_external>:get_data:973|1	
00000257	42.57640457	[12900] gil-taken|<frozen importlib._bootstrap_external>:get_data:973|1	
00000258	42.57644653	[12900] gil-taken|<frozen importlib._bootstrap_external>:get_data:973|1	
00000259	42.57772064	[12900] gil-taken|<frozen importlib._bootstrap_external>:_path_stat:87|1	
00000260	42.57781219	[12900] gil-taken|<frozen importlib._bootstrap_external>:_path_stat:87|1	
00000261	42.57789993	[12900] gil-taken|<frozen importlib._bootstrap_external>:_path_stat:87|1	
00000262	42.57796478	[12900] gil-taken|<frozen importlib._bootstrap_external>:_fill_cache:1483|1	
00000263	42.57801819	[12900] gil-taken|<frozen importlib._bootstrap_external>:_fill_cache:1483|1	
00000264	42.57809448	[12900] gil-taken|<frozen importlib._bootstrap_external>:_fill_cache:1483|1	
00000265	42.57817459	[12900] gil-taken|<frozen importlib._bootstrap_external>:_fill_cache:1483|1	
00000266	42.57825470	[12900] gil-taken|<frozen importlib._bootstrap_external>:_fill_cache:1483|1	
00000267	42.57832336	[12900] gil-taken|<frozen importlib._bootstrap_external>:_fill_cache:1483|1	
00000268	42.57836914	[12900] gil-taken|<frozen importlib._bootstrap_external>:_fill_cache:1483|1	
00000269	42.57841110	[12900] gil-taken|<frozen importlib._bootstrap_external>:_fill_cache:1483|1	
00000270	42.57843018	[12900] gil-taken|<frozen importlib._bootstrap_external>:_fill_cache:1483|1	
00000271	42.57844925	[12900] gil-taken|<frozen importlib._bootstrap_external>:_fill_cache:1483|1	
00000272	42.57846451	[12900] gil-taken|<frozen importlib._bootstrap_external>:_fill_cache:1483|1	
00000273	42.57847977	[12900] gil-taken|<frozen importlib._bootstrap_external>:_fill_cache:1483|1	
00000274	42.57853317	[12900] gil-taken|<frozen importlib._bootstrap_external>:_fill_cache:1483|1	
00000275	42.57861328	[12900] gil-taken|<frozen importlib._bootstrap_external>:_fill_cache:1483|1	
00000276	42.57869339	[12900] gil-taken|<frozen importlib._bootstrap_external>:_fill_cache:1483|1	
00000277	42.57876968	[12900] gil-taken|<frozen importlib._bootstrap_external>:_fill_cache:1483|1	
00000278	42.57884216	[12900] gil-taken|<frozen importlib._bootstrap_external>:_fill_cache:1483|1	
00000279	42.57890701	[12900] gil-taken|<frozen importlib._bootstrap_external>:_fill_cache:1483|1	
00000280	42.57897949	[12900] gil-taken|<frozen importlib._bootstrap_external>:_fill_cache:1483|1	
00000281	42.57905197	[12900] gil-taken|<frozen importlib._bootstrap_external>:_fill_cache:1483|1	
00000282	42.57912445	[12900] gil-taken|<frozen importlib._bootstrap_external>:_fill_cache:1483|1	
00000283	42.57919693	[12900] gil-taken|<frozen importlib._bootstrap_external>:_fill_cache:1483|1	
00000284	42.57926941	[12900] gil-taken|<frozen importlib._bootstrap_external>:_fill_cache:1483|1	
00000285	42.57934189	[12900] gil-taken|<frozen importlib._bootstrap_external>:_fill_cache:1483|1	
00000286	42.57940674	[12900] gil-taken|<frozen importlib._bootstrap_external>:_fill_cache:1483|1	
00000287	42.57947540	[12900] gil-taken|<frozen importlib._bootstrap_external>:_fill_cache:1483|1	
00000288	42.57955170	[12900] gil-taken|<frozen importlib._bootstrap_external>:_fill_cache:1483|1	
00000289	42.57958984	[12900] gil-taken|<frozen importlib._bootstrap_external>:_fill_cache:1483|1	
00000290	42.57962036	[12900] gil-taken|<frozen importlib._bootstrap_external>:_fill_cache:1483|1	
00000291	42.57963562	[12900] gil-taken|<frozen importlib._bootstrap_external>:_fill_cache:1483|1	
00000292	42.57965088	[12900] gil-taken|<frozen importlib._bootstrap_external>:_fill_cache:1483|1	
00000293	42.57966614	[12900] gil-taken|<frozen importlib._bootstrap_external>:_fill_cache:1483|1	
00000294	42.57968140	[12900] gil-taken|<frozen importlib._bootstrap_external>:_fill_cache:1483|1	
00000295	42.57970047	[12900] gil-taken|<frozen importlib._bootstrap_external>:_fill_cache:1483|1	
00000296	42.57975006	[12900] gil-taken|<frozen importlib._bootstrap_external>:_fill_cache:1483|1	
00000297	42.57982254	[12900] gil-taken|<frozen importlib._bootstrap_external>:_fill_cache:1483|1	
00000298	42.57989502	[12900] gil-taken|<frozen importlib._bootstrap_external>:_fill_cache:1483|1	
00000299	42.57996750	[12900] gil-taken|<frozen importlib._bootstrap_external>:_fill_cache:1483|1	
00000300	42.58003998	[12900] gil-taken|<frozen importlib._bootstrap_external>:_fill_cache:1483|1	
00000301	42.58011627	[12900] gil-taken|<frozen importlib._bootstrap_external>:_fill_cache:1483|1	
00000302	42.58018494	[12900] gil-taken|<frozen importlib._bootstrap_external>:_fill_cache:1483|1	
00000303	42.58025742	[12900] gil-taken|<frozen importlib._bootstrap_external>:_fill_cache:1483|1	
00000304	42.58032227	[12900] gil-taken|<frozen importlib._bootstrap_external>:_fill_cache:1483|1	
00000305	42.58040237	[12900] gil-taken|<frozen importlib._bootstrap_external>:_fill_cache:1483|1	
00000306	42.58047104	[12900] gil-taken|<frozen importlib._bootstrap_external>:_fill_cache:1483|1	
00000307	42.58053589	[12900] gil-taken|<frozen importlib._bootstrap_external>:_fill_cache:1483|1	
00000308	42.58057785	[12900] gil-taken|<frozen importlib._bootstrap_external>:_fill_cache:1483|1	
00000309	42.58060455	[12900] gil-taken|<frozen importlib._bootstrap_external>:_fill_cache:1483|1	
00000310	42.58061981	[12900] gil-taken|<frozen importlib._bootstrap_external>:_fill_cache:1483|1	
00000311	42.58063507	[12900] gil-taken|<frozen importlib._bootstrap_external>:_fill_cache:1483|1	
00000312	42.58065414	[12900] gil-taken|<frozen importlib._bootstrap_external>:_fill_cache:1483|1	
00000313	42.58066940	[12900] gil-taken|<frozen importlib._bootstrap_external>:_fill_cache:1483|1	
00000314	42.58068466	[12900] gil-taken|<frozen importlib._bootstrap_external>:_fill_cache:1483|1	
00000315	42.58074188	[12900] gil-taken|<frozen importlib._bootstrap_external>:_fill_cache:1483|1	
00000316	42.58081436	[12900] gil-taken|<frozen importlib._bootstrap_external>:_fill_cache:1483|1	
00000317	42.58088303	[12900] gil-taken|<frozen importlib._bootstrap_external>:_fill_cache:1483|1	
00000318	42.58095551	[12900] gil-taken|<frozen importlib._bootstrap_external>:_fill_cache:1483|1	
00000319	42.58102036	[12900] gil-taken|<frozen importlib._bootstrap_external>:_fill_cache:1483|1	
00000320	42.58109283	[12900] gil-taken|<frozen importlib._bootstrap_external>:_fill_cache:1483|1	
00000321	42.58116531	[12900] gil-taken|<frozen importlib._bootstrap_external>:_fill_cache:1483|1	
00000322	42.58123779	[12900] gil-taken|<frozen importlib._bootstrap_external>:_fill_cache:1483|1	
00000323	42.58131027	[12900] gil-taken|<frozen importlib._bootstrap_external>:_fill_cache:1483|1	
00000324	42.58137894	[12900] gil-taken|<frozen importlib._bootstrap_external>:_fill_cache:1483|1	
00000325	42.58145142	[12900] gil-taken|<frozen importlib._bootstrap_external>:_fill_cache:1483|1	
00000326	42.58152390	[12900] gil-taken|<frozen importlib._bootstrap_external>:_fill_cache:1483|1	
00000327	42.58156967	[12900] gil-taken|<frozen importlib._bootstrap_external>:_fill_cache:1483|1	
00000328	42.58159256	[12900] gil-taken|<frozen importlib._bootstrap_external>:_fill_cache:1483|1	
00000329	42.58161163	[12900] gil-taken|<frozen importlib._bootstrap_external>:_fill_cache:1483|1	
00000330	42.58162689	[12900] gil-taken|<frozen importlib._bootstrap_external>:_fill_cache:1483|1	
00000331	42.58164215	[12900] gil-taken|<frozen importlib._bootstrap_external>:_fill_cache:1483|1	
00000332	42.58165741	[12900] gil-taken|<frozen importlib._bootstrap_external>:_fill_cache:1483|1	
00000333	42.58168793	[12900] gil-taken|<frozen importlib._bootstrap_external>:_fill_cache:1483|1	
00000334	42.58170700	[12900] gil-taken|<frozen importlib._bootstrap_external>:_fill_cache:1483|1	
00000335	42.58172607	[12900] gil-taken|<frozen importlib._bootstrap_external>:_fill_cache:1483|1	
00000336	42.58174133	[12900] gil-taken|<frozen importlib._bootstrap_external>:_fill_cache:1483|1	
00000337	42.58179092	[12900] gil-taken|<frozen importlib._bootstrap_external>:_fill_cache:1483|1	
00000338	42.58186340	[12900] gil-taken|<frozen importlib._bootstrap_external>:_fill_cache:1483|1	
00000339	42.58193207	[12900] gil-taken|<frozen importlib._bootstrap_external>:_fill_cache:1483|1	
00000340	42.58200455	[12900] gil-taken|<frozen importlib._bootstrap_external>:_fill_cache:1483|1	
00000341	42.58207321	[12900] gil-taken|<frozen importlib._bootstrap_external>:_fill_cache:1483|1	
00000342	42.58214569	[12900] gil-taken|<frozen importlib._bootstrap_external>:_fill_cache:1483|1	
00000343	42.58221817	[12900] gil-taken|<frozen importlib._bootstrap_external>:_fill_cache:1483|1	
00000344	42.58229065	[12900] gil-taken|<frozen importlib._bootstrap_external>:_fill_cache:1483|1	
00000345	42.58236313	[12900] gil-taken|<frozen importlib._bootstrap_external>:_fill_cache:1483|1	
00000346	42.58243561	[12900] gil-taken|<frozen importlib._bootstrap_external>:_fill_cache:1483|1	
00000347	42.58250809	[12900] gil-taken|<frozen importlib._bootstrap_external>:_fill_cache:1483|1	
00000348	42.58257675	[12900] gil-taken|<frozen importlib._bootstrap_external>:_fill_cache:1483|1	
00000349	42.58262253	[12900] gil-taken|<frozen importlib._bootstrap_external>:_fill_cache:1483|1	
00000350	42.58264542	[12900] gil-taken|<frozen importlib._bootstrap_external>:_fill_cache:1483|1	
00000351	42.58266068	[12900] gil-taken|<frozen importlib._bootstrap_external>:_fill_cache:1483|1	
00000352	42.58267975	[12900] gil-taken|<frozen importlib._bootstrap_external>:_fill_cache:1483|1	
00000353	42.58270264	[12900] gil-taken|<frozen importlib._bootstrap_external>:_fill_cache:1483|1	
00000354	42.58275604	[12900] gil-taken|<frozen importlib._bootstrap_external>:_fill_cache:1483|1	
00000355	42.58282852	[12900] gil-taken|<frozen importlib._bootstrap_external>:_fill_cache:1483|1	
00000356	42.58290482	[12900] gil-taken|<frozen importlib._bootstrap_external>:_fill_cache:1483|1	
00000357	42.58298111	[12900] gil-taken|<frozen importlib._bootstrap_external>:_fill_cache:1483|1	
00000358	42.58305740	[12900] gil-taken|<frozen importlib._bootstrap_external>:_fill_cache:1483|1	
00000359	42.58312607	[12900] gil-taken|<frozen importlib._bootstrap_external>:_fill_cache:1483|1	
00000360	42.58319855	[12900] gil-taken|<frozen importlib._bootstrap_external>:_fill_cache:1483|1	
00000361	42.58328247	[12900] gil-taken|<frozen importlib._bootstrap_external>:_fill_cache:1483|1	
00000362	42.58335495	[12900] gil-taken|<frozen importlib._bootstrap_external>:_fill_cache:1483|1	
00000363	42.58337402	[12900] gil-taken|<frozen importlib._bootstrap_external>:_fill_cache:1483|1	
00000364	42.58341599	[12900] gil-taken|<frozen importlib._bootstrap_external>:_fill_cache:1483|1	
00000365	42.58348083	[12900] gil-taken|<frozen importlib._bootstrap_external>:_fill_cache:1483|1	
00000366	42.58357239	[12900] gil-taken|<frozen importlib._bootstrap_external>:_fill_cache:1483|1	
00000367	42.58363342	[12900] gil-taken|<frozen importlib._bootstrap_external>:_fill_cache:1483|1	
00000368	42.58369827	[12900] gil-taken|<frozen importlib._bootstrap_external>:_fill_cache:1483|1	
00000369	42.58378220	[12900] gil-taken|<frozen importlib._bootstrap_external>:_fill_cache:1483|1	
00000370	42.58386993	[12900] gil-taken|<frozen importlib._bootstrap_external>:_fill_cache:1483|1	
00000371	42.58395386	[12900] gil-taken|<frozen importlib._bootstrap_external>:_fill_cache:1483|1	
00000372	42.58401871	[12900] gil-taken|<frozen importlib._bootstrap_external>:_fill_cache:1483|1	
00000373	42.58409119	[12900] gil-taken|<frozen importlib._bootstrap_external>:_fill_cache:1483|1	
00000374	42.58417511	[12900] gil-taken|<frozen importlib._bootstrap_external>:_fill_cache:1483|1	
00000375	42.58425903	[12900] gil-taken|<frozen importlib._bootstrap_external>:_fill_cache:1483|1	
00000376	42.58432388	[12900] gil-taken|<frozen importlib._bootstrap_external>:_fill_cache:1483|1	
00000377	42.58440018	[12900] gil-taken|<frozen importlib._bootstrap_external>:_fill_cache:1483|1	
00000378	42.58448410	[12900] gil-taken|<frozen importlib._bootstrap_external>:_fill_cache:1483|1	
00000379	42.58456421	[12900] gil-taken|<frozen importlib._bootstrap_external>:_fill_cache:1483|1	
00000380	42.58464432	[12900] gil-taken|<frozen importlib._bootstrap_external>:_fill_cache:1483|1	
00000381	42.58470535	[12900] gil-taken|<frozen importlib._bootstrap_external>:_fill_cache:1483|1	
00000382	42.58477020	[12900] gil-taken|<frozen importlib._bootstrap_external>:_fill_cache:1483|1	
00000383	42.58485794	[12900] gil-taken|<frozen importlib._bootstrap_external>:_fill_cache:1483|1	
00000384	42.58492661	[12900] gil-taken|<frozen importlib._bootstrap_external>:_fill_cache:1483|1	
00000385	42.58500290	[12900] gil-taken|<frozen importlib._bootstrap_external>:_fill_cache:1483|1	
00000386	42.58508301	[12900] gil-taken|<frozen importlib._bootstrap_external>:_fill_cache:1483|1	
00000387	42.58516312	[12900] gil-taken|<frozen importlib._bootstrap_external>:_fill_cache:1483|1	
00000388	42.58525467	[12900] gil-taken|<frozen importlib._bootstrap_external>:_fill_cache:1483|1	
00000389	42.58576584	[12900] gil-taken|<frozen importlib._bootstrap_external>:_path_stat:87|1	
00000390	42.58590698	[12900] gil-taken|<frozen importlib._bootstrap_external>:_path_stat:87|1	
00000391	42.58597946	[12900] gil-taken|<frozen importlib._bootstrap_external>:get_data:972|1	
00000392	42.58604813	[12900] gil-taken|<frozen importlib._bootstrap_external>:get_data:972|1	
00000393	42.58611679	[12900] gil-taken|<frozen importlib._bootstrap_external>:get_data:972|1	
00000394	42.58618164	[12900] gil-taken|<frozen importlib._bootstrap_external>:get_data:972|1	
00000395	42.58620071	[12900] gil-taken|<frozen importlib._bootstrap_external>:get_data:973|1	
00000396	42.58626938	[12900] gil-taken|<frozen importlib._bootstrap_external>:get_data:973|1	
00000397	42.58633423	[12900] gil-taken|<frozen importlib._bootstrap_external>:get_data:973|1	
00000398	42.58638763	[12900] gil-taken|<frozen importlib._bootstrap_external>:get_data:973|1	
00000399	42.58686066	[12900] gil-taken|<frozen importlib._bootstrap_external>:_path_stat:87|1	
00000400	42.58700943	[12900] gil-taken|<frozen importlib._bootstrap_external>:_path_stat:87|1	
00000401	42.58708191	[12900] gil-taken|<frozen importlib._bootstrap_external>:_path_stat:87|1	
00000402	42.58715057	[12900] gil-taken|<frozen importlib._bootstrap_external>:get_data:972|1	
00000403	42.58722687	[12900] gil-taken|<frozen importlib._bootstrap_external>:get_data:972|1	
00000404	42.58730316	[12900] gil-taken|<frozen importlib._bootstrap_external>:get_data:972|1	
00000405	42.58736801	[12900] gil-taken|<frozen importlib._bootstrap_external>:get_data:972|1	
00000406	42.58741379	[12900] gil-taken|<frozen importlib._bootstrap_external>:get_data:973|1	
00000407	42.58743286	[12900] gil-taken|<frozen importlib._bootstrap_external>:get_data:973|1	
00000408	42.58749771	[12900] gil-taken|<frozen importlib._bootstrap_external>:get_data:973|1	
00000409	42.58756638	[12900] gil-taken|<frozen importlib._bootstrap_external>:get_data:973|1	
00000410	42.58794403	[12900] gil-taken|<frozen importlib._bootstrap_external>:_path_stat:87|1	
00000411	42.58802414	[12900] gil-taken|<frozen importlib._bootstrap_external>:_path_stat:87|1	
00000412	42.58816528	[12900] gil-taken|<frozen importlib._bootstrap_external>:_path_stat:87|1	
00000413	42.58823013	[12900] gil-taken|<frozen importlib._bootstrap_external>:get_data:972|1	
00000414	42.58830261	[12900] gil-taken|<frozen importlib._bootstrap_external>:get_data:972|1	
00000415	42.58837891	[12900] gil-taken|<frozen importlib._bootstrap_external>:get_data:972|1	
00000416	42.58844376	[12900] gil-taken|<frozen importlib._bootstrap_external>:get_data:972|1	
00000417	42.58853531	[12900] gil-taken|<frozen importlib._bootstrap_external>:get_data:973|1	
00000418	42.58855057	[12900] gil-taken|<frozen importlib._bootstrap_external>:get_data:973|1	
00000419	42.58861542	[12900] gil-taken|<frozen importlib._bootstrap_external>:get_data:973|1	
00000420	42.58868027	[12900] gil-taken|<frozen importlib._bootstrap_external>:get_data:973|1	
00000421	42.58931732	[12900] gil-taken|<frozen importlib._bootstrap_external>:_path_stat:87|1	
00000422	42.58939743	[12900] gil-taken|<frozen importlib._bootstrap_external>:_path_stat:87|1	
00000423	42.58952332	[12900] gil-taken|<frozen importlib._bootstrap_external>:_path_stat:87|1	
00000424	42.58959198	[12900] gil-taken|<frozen importlib._bootstrap_external>:get_data:972|1	
00000425	42.58967590	[12900] gil-taken|<frozen importlib._bootstrap_external>:get_data:972|1	
00000426	42.58974838	[12900] gil-taken|<frozen importlib._bootstrap_external>:get_data:972|1	
00000427	42.58982086	[12900] gil-taken|<frozen importlib._bootstrap_external>:get_data:972|1	
00000428	42.58990860	[12900] gil-taken|<frozen importlib._bootstrap_external>:get_data:973|1	
00000429	42.58991241	[12900] gil-taken|<frozen importlib._bootstrap_external>:get_data:973|1	
00000430	42.58996964	[12900] gil-taken|<frozen importlib._bootstrap_external>:get_data:973|1	
00000431	42.59004974	[12900] gil-taken|<frozen importlib._bootstrap_external>:get_data:973|1	
00000432	42.59042358	[12900] gil-taken|<frozen importlib._bootstrap_external>:_path_stat:87|1	
00000433	42.59049606	[12900] gil-taken|<frozen importlib._bootstrap_external>:_path_stat:87|1	
00000434	42.59062576	[12900] gil-taken|<frozen importlib._bootstrap_external>:_path_stat:87|1	
00000435	42.59069061	[12900] gil-taken|<frozen importlib._bootstrap_external>:get_data:972|1	
00000436	42.59077835	[12900] gil-taken|<frozen importlib._bootstrap_external>:get_data:972|1	
00000437	42.59085846	[12900] gil-taken|<frozen importlib._bootstrap_external>:get_data:972|1	
00000438	42.59094620	[12900] gil-taken|<frozen importlib._bootstrap_external>:get_data:972|1	
00000439	42.59103012	[12900] gil-taken|<frozen importlib._bootstrap_external>:get_data:973|1	
00000440	42.59108353	[12900] gil-taken|<frozen importlib._bootstrap_external>:get_data:973|1	
00000441	42.59114838	[12900] gil-taken|<frozen importlib._bootstrap_external>:get_data:973|1	
00000442	42.59116364	[12900] gil-taken|<frozen importlib._bootstrap_external>:get_data:973|1	
00000443	42.59135818	[12900] gil-taken|<frozen importlib._bootstrap_external>:_path_stat:87|1	
00000444	42.59142685	[12900] gil-taken|<frozen importlib._bootstrap_external>:_path_stat:87|1	
00000445	42.59154892	[12900] gil-taken|<frozen importlib._bootstrap_external>:_path_stat:87|1	
00000446	42.59161377	[12900] gil-taken|<frozen importlib._bootstrap_external>:get_data:972|1	
00000447	42.59169769	[12900] gil-taken|<frozen importlib._bootstrap_external>:get_data:972|1	
00000448	42.59177017	[12900] gil-taken|<frozen importlib._bootstrap_external>:get_data:972|1	
00000449	42.59185410	[12900] gil-taken|<frozen importlib._bootstrap_external>:get_data:972|1	
00000450	42.59192657	[12900] gil-taken|<frozen importlib._bootstrap_external>:get_data:973|1	
00000451	42.59198380	[12900] gil-taken|<frozen importlib._bootstrap_external>:get_data:973|1	
00000452	42.59204865	[12900] gil-taken|<frozen importlib._bootstrap_external>:get_data:973|1	
00000453	42.59209824	[12900] gil-taken|<frozen importlib._bootstrap_external>:get_data:973|1	
00000454	42.59384537	[12900] gil-taken|<frozen importlib._bootstrap_external>:_path_stat:87|1	
00000455	42.59392166	[12900] gil-taken|<frozen importlib._bootstrap_external>:_path_stat:87|1	
00000456	42.59404373	[12900] gil-taken|<frozen importlib._bootstrap_external>:_path_stat:87|1	
00000457	42.59412003	[12900] gil-taken|<frozen importlib._bootstrap_external>:get_data:972|1	
00000458	42.59420013	[12900] gil-taken|<frozen importlib._bootstrap_external>:get_data:972|1	
00000459	42.59428787	[12900] gil-taken|<frozen importlib._bootstrap_external>:get_data:972|1	
00000460	42.59430695	[12900] gil-taken|<frozen importlib._bootstrap_external>:get_data:972|1	
00000461	42.59436798	[12900] gil-taken|<frozen importlib._bootstrap_external>:get_data:973|1	
00000462	42.59442139	[12900] gil-taken|<frozen importlib._bootstrap_external>:get_data:973|1	
00000463	42.59448624	[12900] gil-taken|<frozen importlib._bootstrap_external>:get_data:973|1	
00000464	42.59453964	[12900] gil-taken|<frozen importlib._bootstrap_external>:get_data:973|1	
00000465	42.59487152	[12900] gil-taken|<frozen importlib._bootstrap_external>:_path_stat:87|1	
00000466	42.59494019	[12900] gil-taken|<frozen importlib._bootstrap_external>:_path_stat:87|1	
00000467	42.59507370	[12900] gil-taken|<frozen importlib._bootstrap_external>:_path_stat:87|1	
00000468	42.59513855	[12900] gil-taken|<frozen importlib._bootstrap_external>:get_data:972|1	
00000469	42.59521484	[12900] gil-taken|<frozen importlib._bootstrap_external>:get_data:972|1	
00000470	42.59529114	[12900] gil-taken|<frozen importlib._bootstrap_external>:get_data:972|1	
00000471	42.59536362	[12900] gil-taken|<frozen importlib._bootstrap_external>:get_data:972|1	
00000472	42.59543610	[12900] gil-taken|<frozen importlib._bootstrap_external>:get_data:973|1	
00000473	42.59549332	[12900] gil-taken|<frozen importlib._bootstrap_external>:get_data:973|1	
00000474	42.59556580	[12900] gil-taken|<frozen importlib._bootstrap_external>:get_data:973|1	
00000475	42.59561539	[12900] gil-taken|<frozen importlib._bootstrap_external>:get_data:973|1	
00000476	42.59608459	[12900] gil-taken|<frozen importlib._bootstrap_external>:_path_stat:87|1	
00000477	42.59615707	[12900] gil-taken|<frozen importlib._bootstrap_external>:_path_stat:87|1	
00000478	42.59629440	[12900] gil-taken|<frozen importlib._bootstrap_external>:_path_stat:87|1	
00000479	42.59635925	[12900] gil-taken|<frozen importlib._bootstrap_external>:get_data:972|1	
00000480	42.59640503	[12900] gil-taken|<frozen importlib._bootstrap_external>:get_data:972|1	
00000481	42.59648132	[12900] gil-taken|<frozen importlib._bootstrap_external>:get_data:972|1	
00000482	42.59652328	[12900] gil-taken|<frozen importlib._bootstrap_external>:get_data:972|1	
00000483	42.59660339	[12900] gil-taken|<frozen importlib._bootstrap_external>:get_data:973|1	
00000484	42.59665680	[12900] gil-taken|<frozen importlib._bootstrap_external>:get_data:973|1	
00000485	42.59673309	[12900] gil-taken|<frozen importlib._bootstrap_external>:get_data:973|1	
00000486	42.59680557	[12900] gil-taken|<frozen importlib._bootstrap_external>:get_data:973|1	
00000487	42.59731674	[12900] gil-taken|<frozen importlib._bootstrap_external>:_path_stat:87|1	
00000488	42.59739304	[12900] gil-taken|<frozen importlib._bootstrap_external>:_path_stat:87|1	
00000489	42.59752655	[12900] gil-taken|<frozen importlib._bootstrap_external>:_path_stat:87|1	
00000490	42.59759140	[12900] gil-taken|<frozen importlib._bootstrap_external>:get_data:972|1	
00000491	42.59766006	[12900] gil-taken|<frozen importlib._bootstrap_external>:get_data:972|1	
00000492	42.59773254	[12900] gil-taken|<frozen importlib._bootstrap_external>:get_data:972|1	
00000493	42.59780502	[12900] gil-taken|<frozen importlib._bootstrap_external>:get_data:972|1	
00000494	42.59788132	[12900] gil-taken|<frozen importlib._bootstrap_external>:get_data:973|1	
00000495	42.59789658	[12900] gil-taken|<frozen importlib._bootstrap_external>:get_data:973|1	
00000496	42.59795761	[12900] gil-taken|<frozen importlib._bootstrap_external>:get_data:973|1	
00000497	42.59801102	[12900] gil-taken|<frozen importlib._bootstrap_external>:get_data:973|1	
00000498	42.59844208	[12900] gil-taken|<frozen importlib._bootstrap_external>:_path_stat:87|1	
00000499	42.59852982	[12900] gil-taken|<frozen importlib._bootstrap_external>:_path_stat:87|1	
00000500	42.59865189	[12900] gil-taken|<frozen importlib._bootstrap_external>:_path_stat:87|1	
00000501	42.59871674	[12900] gil-taken|<frozen importlib._bootstrap_external>:get_data:972|1	
00000502	42.59878922	[12900] gil-taken|<frozen importlib._bootstrap_external>:get_data:972|1	
00000503	42.59886551	[12900] gil-taken|<frozen importlib._bootstrap_external>:get_data:972|1	
00000504	42.59893036	[12900] gil-taken|<frozen importlib._bootstrap_external>:get_data:972|1	
00000505	42.59897995	[12900] gil-taken|<frozen importlib._bootstrap_external>:get_data:973|1	
00000506	42.59899902	[12900] gil-taken|<frozen importlib._bootstrap_external>:get_data:973|1	
00000507	42.59905243	[12900] gil-taken|<frozen importlib._bootstrap_external>:get_data:973|1	
00000508	42.59912491	[12900] gil-taken|<frozen importlib._bootstrap_external>:get_data:973|1	
00000509	42.59933090	[12900] gil-taken|D:\repos\cpython-profiled\lib\ntpath.py:<module>:643|1	
00000510	42.59982300	[12900] gil-taken|<frozen importlib._bootstrap_external>:_path_stat:87|1	
00000511	42.59989929	[12900] gil-taken|<frozen importlib._bootstrap_external>:_path_stat:87|1	
00000512	42.60003662	[12900] gil-taken|<frozen importlib._bootstrap_external>:_path_stat:87|1	
00000513	42.60010147	[12900] gil-taken|<frozen importlib._bootstrap_external>:get_data:972|1	
00000514	42.60017395	[12900] gil-taken|<frozen importlib._bootstrap_external>:get_data:972|1	
00000515	42.60024261	[12900] gil-taken|<frozen importlib._bootstrap_external>:get_data:972|1	
00000516	42.60026169	[12900] gil-taken|<frozen importlib._bootstrap_external>:get_data:972|1	
00000517	42.60031891	[12900] gil-taken|<frozen importlib._bootstrap_external>:get_data:973|1	
00000518	42.60037613	[12900] gil-taken|<frozen importlib._bootstrap_external>:get_data:973|1	
00000519	42.60039139	[12900] gil-taken|<frozen importlib._bootstrap_external>:get_data:973|1	
00000520	42.60045624	[12900] gil-taken|<frozen importlib._bootstrap_external>:get_data:973|1	
00000521	42.60273743	[12900] gil-taken|<frozen importlib._bootstrap_external>:_path_stat:87|1	
00000522	42.60282135	[12900] gil-taken|<frozen importlib._bootstrap_external>:_path_stat:87|1	
00000523	42.60295105	[12900] gil-taken|<frozen importlib._bootstrap_external>:_path_stat:87|1	
00000524	42.60301590	[12900] gil-taken|<frozen importlib._bootstrap_external>:get_data:972|1	
00000525	42.60308075	[12900] gil-taken|<frozen importlib._bootstrap_external>:get_data:972|1	
00000526	42.60315323	[12900] gil-taken|<frozen importlib._bootstrap_external>:get_data:972|1	
00000527	42.60319901	[12900] gil-taken|<frozen importlib._bootstrap_external>:get_data:972|1	
00000528	42.60326767	[12900] gil-taken|<frozen importlib._bootstrap_external>:get_data:973|1	
00000529	42.60329056	[12900] gil-taken|<frozen importlib._bootstrap_external>:get_data:973|1	
00000530	42.60334778	[12900] gil-taken|<frozen importlib._bootstrap_external>:get_data:973|1	
00000531	42.60336304	[12900] gil-taken|<frozen importlib._bootstrap_external>:get_data:973|1	
00000532	42.60385132	[12900] gil-taken|D:\repos\cpython-profiled\lib\genericpath.py:isfile:30|1	
00000533	42.60390091	[12900] gil-taken|D:\repos\cpython-profiled\lib\genericpath.py:isfile:30|1	
00000534	42.60403061	[12900] gil-taken|D:\repos\cpython-profiled\lib\genericpath.py:isdir:42|1	
00000535	42.60413742	[12900] gil-taken|D:\repos\cpython-profiled\lib\site.py:addsitedir:203|1	
00000536	42.60415268	[12900] gil-taken|D:\repos\cpython-profiled\lib\site.py:addsitedir:203|1	
00000537	42.60415649	[12900] gil-taken|D:\repos\cpython-profiled\lib\site.py:addsitedir:203|1	
00000538	42.60420609	[12900] gil-taken|D:\repos\cpython-profiled\lib\site.py:addsitedir:203|1	
00000539	42.60427856	[12900] gil-taken|D:\repos\cpython-profiled\lib\site.py:addsitedir:203|1	
00000540	42.60429764	[12900] gil-taken|D:\repos\cpython-profiled\lib\site.py:addsitedir:203|1	
00000541	42.60434341	[12900] gil-taken|D:\repos\cpython-profiled\lib\site.py:addsitedir:203|1	
00000542	42.60438919	[12900] gil-taken|D:\repos\cpython-profiled\lib\site.py:addsitedir:203|1	
00000543	42.60443878	[12900] gil-taken|D:\repos\cpython-profiled\lib\site.py:addsitedir:203|1	
00000544	42.60450745	[12900] gil-taken|D:\repos\cpython-profiled\lib\site.py:addsitedir:203|1	
00000545	42.60458374	[12900] gil-taken|D:\repos\cpython-profiled\lib\site.py:addsitedir:203|1	
00000546	42.60465240	[12900] gil-taken|D:\repos\cpython-profiled\lib\site.py:addsitedir:203|1	
00000547	42.60472107	[12900] gil-taken|D:\repos\cpython-profiled\lib\site.py:addsitedir:203|1	
00000548	42.60479355	[12900] gil-taken|D:\repos\cpython-profiled\lib\site.py:addsitedir:203|1	
00000549	42.60486221	[12900] gil-taken|D:\repos\cpython-profiled\lib\site.py:addsitedir:203|1	
00000550	42.60493088	[12900] gil-taken|D:\repos\cpython-profiled\lib\site.py:addsitedir:203|1	
00000551	42.60501099	[12900] gil-taken|D:\repos\cpython-profiled\lib\site.py:addsitedir:203|1	
00000552	42.60507965	[12900] gil-taken|D:\repos\cpython-profiled\lib\site.py:addsitedir:203|1	
00000553	42.60514832	[12900] gil-taken|D:\repos\cpython-profiled\lib\site.py:addsitedir:203|1	
00000554	42.60522079	[12900] gil-taken|D:\repos\cpython-profiled\lib\site.py:addsitedir:203|1	
00000555	42.60528946	[12900] gil-taken|D:\repos\cpython-profiled\lib\site.py:addsitedir:203|1	
00000556	42.60530853	[12900] gil-taken|D:\repos\cpython-profiled\lib\site.py:addsitedir:203|1	
00000557	42.60535812	[12900] gil-taken|D:\repos\cpython-profiled\lib\site.py:addsitedir:203|1	
00000558	42.60537338	[12900] gil-taken|D:\repos\cpython-profiled\lib\site.py:addsitedir:203|1	
00000559	42.60541916	[12900] gil-taken|D:\repos\cpython-profiled\lib\site.py:addsitedir:203|1	
00000560	42.60548782	[12900] gil-taken|D:\repos\cpython-profiled\lib\site.py:addsitedir:203|1	
00000561	42.60556412	[12900] gil-taken|D:\repos\cpython-profiled\lib\site.py:addsitedir:203|1	
00000562	42.60563660	[12900] gil-taken|D:\repos\cpython-profiled\lib\site.py:addsitedir:203|1	
00000563	42.60570908	[12900] gil-taken|D:\repos\cpython-profiled\lib\site.py:addsitedir:203|1	
00000564	42.60577774	[12900] gil-taken|D:\repos\cpython-profiled\lib\site.py:addsitedir:203|1	
00000565	42.60584259	[12900] gil-taken|D:\repos\cpython-profiled\lib\site.py:addsitedir:203|1	
00000566	42.60591507	[12900] gil-taken|D:\repos\cpython-profiled\lib\site.py:addsitedir:203|1	
00000567	42.60602570	[12900] gil-taken|D:\repos\cpython-profiled\lib\genericpath.py:isdir:42|1	
00000568	42.60609818	[12900] gil-taken|D:\repos\cpython-profiled\lib\site.py:addsitedir:203|1	
00000569	42.60623932	[12900] gil-taken|D:\repos\cpython-profiled\lib\site.py:addsitedir:203|1	
00000570	42.60638046	[12900] gil-taken|D:\repos\cpython-profiled\lib\site.py:addsitedir:203|1	
00000571	42.60664749	[12900] gil-taken|D:\repos\cpython-profiled\lib\site.py:addsitedir:203|1	
00000572	42.60686874	[12900] gil-taken|D:\repos\cpython-profiled\lib\site.py:addsitedir:203|1	
00000573	42.60706711	[12900] gil-taken|D:\repos\cpython-profiled\lib\site.py:addsitedir:203|1	
00000574	42.60718536	[12900] gil-taken|D:\repos\cpython-profiled\lib\site.py:addsitedir:203|1	
00000575	42.60731506	[12900] gil-taken|D:\repos\cpython-profiled\lib\site.py:addsitedir:203|1	
00000576	42.60744858	[12900] gil-taken|D:\repos\cpython-profiled\lib\site.py:addsitedir:203|1	
00000577	42.60758591	[12900] gil-taken|D:\repos\cpython-profiled\lib\site.py:addsitedir:203|1	
00000578	42.60771561	[12900] gil-taken|D:\repos\cpython-profiled\lib\site.py:addsitedir:203|1	
00000579	42.60784531	[12900] gil-taken|D:\repos\cpython-profiled\lib\site.py:addsitedir:203|1	
00000580	42.60797882	[12900] gil-taken|D:\repos\cpython-profiled\lib\site.py:addsitedir:203|1	
00000581	42.60811615	[12900] gil-taken|D:\repos\cpython-profiled\lib\site.py:addsitedir:203|1	
00000582	42.60823822	[12900] gil-taken|D:\repos\cpython-profiled\lib\site.py:addsitedir:203|1	
00000583	42.60836792	[12900] gil-taken|D:\repos\cpython-profiled\lib\site.py:addsitedir:203|1	
00000584	42.60849762	[12900] gil-taken|D:\repos\cpython-profiled\lib\site.py:addsitedir:203|1	
00000585	42.60862732	[12900] gil-taken|D:\repos\cpython-profiled\lib\site.py:addsitedir:203|1	
00000586	42.60869217	[12900] gil-taken|D:\repos\cpython-profiled\lib\site.py:addsitedir:203|1	
00000587	42.60877609	[12900] gil-taken|D:\repos\cpython-profiled\lib\site.py:addsitedir:203|1	
00000588	42.60884857	[12900] gil-taken|D:\repos\cpython-profiled\lib\site.py:addsitedir:203|1	
00000589	42.60891342	[12900] gil-taken|D:\repos\cpython-profiled\lib\site.py:addsitedir:203|1	
00000590	42.60898209	[12900] gil-taken|D:\repos\cpython-profiled\lib\site.py:addsitedir:203|1	
00000591	42.60904694	[12900] gil-taken|D:\repos\cpython-profiled\lib\site.py:addsitedir:203|1	
00000592	42.60911179	[12900] gil-taken|D:\repos\cpython-profiled\lib\site.py:addsitedir:203|1	
00000593	42.60917664	[12900] gil-taken|D:\repos\cpython-profiled\lib\site.py:addsitedir:203|1	
00000594	42.60924149	[12900] gil-taken|D:\repos\cpython-profiled\lib\site.py:addsitedir:203|1	
00000595	42.60930634	[12900] gil-taken|D:\repos\cpython-profiled\lib\site.py:addsitedir:203|1	
00000596	42.60937119	[12900] gil-taken|D:\repos\cpython-profiled\lib\site.py:addsitedir:203|1	
00000597	42.60943604	[12900] gil-taken|D:\repos\cpython-profiled\lib\site.py:addsitedir:203|1	
00000598	42.60950851	[12900] gil-taken|D:\repos\cpython-profiled\lib\site.py:addsitedir:203|1	
00000599	42.60956955	[12900] gil-taken|D:\repos\cpython-profiled\lib\site.py:addsitedir:203|1	
00000600	42.60963058	[12900] gil-taken|D:\repos\cpython-profiled\lib\site.py:addsitedir:203|1	
00000601	42.60971832	[12900] gil-taken|D:\repos\cpython-profiled\lib\site.py:addsitedir:203|1	
00000602	42.60980225	[12900] gil-taken|D:\repos\cpython-profiled\lib\site.py:addsitedir:203|1	
00000603	42.60986710	[12900] gil-taken|D:\repos\cpython-profiled\lib\site.py:addsitedir:203|1	
00000604	42.60994720	[12900] gil-taken|D:\repos\cpython-profiled\lib\site.py:addsitedir:203|1	
00000605	42.61001587	[12900] gil-taken|D:\repos\cpython-profiled\lib\site.py:addsitedir:203|1	
00000606	42.61009979	[12900] gil-taken|D:\repos\cpython-profiled\lib\site.py:addsitedir:203|1	
00000607	42.61018372	[12900] gil-taken|D:\repos\cpython-profiled\lib\site.py:addsitedir:203|1	
00000608	42.61026001	[12900] gil-taken|D:\repos\cpython-profiled\lib\genericpath.py:isdir:42|1	
00000609	42.61034775	[12900] gil-taken|D:\repos\cpython-profiled\lib\site.py:addsitedir:203|1	
00000610	42.61042404	[12900] gil-taken|D:\repos\cpython-profiled\lib\site.py:addsitedir:203|1	
00000611	42.61049652	[12900] gil-taken|D:\repos\cpython-profiled\lib\site.py:addsitedir:203|1	
00000612	42.61058426	[12900] gil-taken|D:\repos\cpython-profiled\lib\site.py:addsitedir:203|1	
00000613	42.61066437	[12900] gil-taken|D:\repos\cpython-profiled\lib\site.py:addsitedir:203|1	
00000614	42.61073303	[12900] gil-taken|D:\repos\cpython-profiled\lib\site.py:addsitedir:203|1	
00000615	42.61081696	[12900] gil-taken|D:\repos\cpython-profiled\lib\site.py:addsitedir:203|1	
00000616	42.61090088	[12900] gil-taken|D:\repos\cpython-profiled\lib\site.py:addsitedir:203|1	
00000617	42.61095810	[12900] gil-taken|D:\repos\cpython-profiled\lib\site.py:addsitedir:203|1	
00000618	42.61103058	[12900] gil-taken|D:\repos\cpython-profiled\lib\site.py:addsitedir:203|1	
00000619	42.61111450	[12900] gil-taken|D:\repos\cpython-profiled\lib\site.py:addsitedir:203|1	
00000620	42.61133575	[12900] gil-taken|<frozen importlib._bootstrap_external>:_path_stat:87|1	
00000621	42.61144257	[12900] gil-taken|<frozen importlib._bootstrap_external>:_path_stat:87|1	
00000622	42.61148834	[12900] gil-taken|<frozen importlib._bootstrap_external>:_path_stat:87|1	
00000623	42.61155701	[12900] gil-taken|<frozen importlib._bootstrap_external>:_path_stat:87|1	
00000624	42.61160660	[12900] gil-taken|<frozen importlib._bootstrap_external>:_fill_cache:1483|1	
00000625	42.61169434	[12900] gil-taken|<frozen importlib._bootstrap_external>:_fill_cache:1483|1	
00000626	42.61177444	[12900] gil-taken|<frozen importlib._bootstrap_external>:_fill_cache:1483|1	
00000627	42.61183929	[12900] gil-taken|<frozen importlib._bootstrap_external>:_fill_cache:1483|1	
00000628	42.61190033	[12900] gil-taken|<frozen importlib._bootstrap_external>:_fill_cache:1483|1	
00000629	42.61198807	[12900] gil-taken|<frozen importlib._bootstrap_external>:_fill_cache:1483|1	
00000630	42.61206818	[12900] gil-taken|<frozen importlib._bootstrap_external>:_fill_cache:1483|1	
00000631	42.61213303	[12900] gil-taken|<frozen importlib._bootstrap_external>:_fill_cache:1483|1	
00000632	42.61219406	[12900] gil-taken|<frozen importlib._bootstrap_external>:_fill_cache:1483|1	
00000633	42.61227036	[12900] gil-taken|<frozen importlib._bootstrap_external>:_fill_cache:1483|1	
00000634	42.61235046	[12900] gil-taken|<frozen importlib._bootstrap_external>:_fill_cache:1483|1	
00000635	42.61241913	[12900] gil-taken|<frozen importlib._bootstrap_external>:_fill_cache:1483|1	
00000636	42.61251068	[12900] gil-taken|<frozen importlib._bootstrap_external>:_fill_cache:1483|1	
00000637	42.61258698	[12900] gil-taken|<frozen importlib._bootstrap_external>:_fill_cache:1483|1	
00000638	42.61265945	[12900] gil-taken|<frozen importlib._bootstrap_external>:_fill_cache:1483|1	
00000639	42.61273193	[12900] gil-taken|<frozen importlib._bootstrap_external>:_fill_cache:1483|1	
00000640	42.61279678	[12900] gil-taken|<frozen importlib._bootstrap_external>:_fill_cache:1483|1	
00000641	42.61286545	[12900] gil-taken|<frozen importlib._bootstrap_external>:_fill_cache:1483|1	
00000642	42.61294556	[12900] gil-taken|<frozen importlib._bootstrap_external>:_fill_cache:1483|1	
00000643	42.61301422	[12900] gil-taken|<frozen importlib._bootstrap_external>:_fill_cache:1483|1	
00000644	42.61308289	[12900] gil-taken|<frozen importlib._bootstrap_external>:_fill_cache:1483|1	
00000645	42.61315918	[12900] gil-taken|<frozen importlib._bootstrap_external>:_fill_cache:1483|1	
00000646	42.61322403	[12900] gil-taken|<frozen importlib._bootstrap_external>:_fill_cache:1483|1	
00000647	42.61328506	[12900] gil-taken|<frozen importlib._bootstrap_external>:_fill_cache:1483|1	
00000648	42.61335373	[12900] gil-taken|<frozen importlib._bootstrap_external>:_fill_cache:1483|1	
00000649	42.61343765	[12900] gil-taken|<frozen importlib._bootstrap_external>:_fill_cache:1483|1	
00000650	42.61350632	[12900] gil-taken|<frozen importlib._bootstrap_external>:_fill_cache:1483|1	
00000651	42.61357117	[12900] gil-taken|<frozen importlib._bootstrap_external>:_fill_cache:1483|1	
00000652	42.61363983	[12900] gil-taken|<frozen importlib._bootstrap_external>:_fill_cache:1483|1	
00000653	42.61371994	[12900] gil-taken|<frozen importlib._bootstrap_external>:_fill_cache:1483|1	
00000654	42.61378098	[12900] gil-taken|<frozen importlib._bootstrap_external>:_fill_cache:1483|1	
00000655	42.61384583	[12900] gil-taken|<frozen importlib._bootstrap_external>:_fill_cache:1483|1	
00000656	42.61391830	[12900] gil-taken|<frozen importlib._bootstrap_external>:_fill_cache:1483|1	
00000657	42.61398315	[12900] gil-taken|<frozen importlib._bootstrap_external>:_fill_cache:1483|1	
00000658	42.61404800	[12900] gil-taken|<frozen importlib._bootstrap_external>:_fill_cache:1483|1	
00000659	42.61411667	[12900] gil-taken|<frozen importlib._bootstrap_external>:_fill_cache:1483|1	
00000660	42.61420059	[12900] gil-taken|<frozen importlib._bootstrap_external>:_fill_cache:1483|1	
00000661	42.61428070	[12900] gil-taken|<frozen importlib._bootstrap_external>:_fill_cache:1483|1	
00000662	42.61434555	[12900] gil-taken|<frozen importlib._bootstrap_external>:_fill_cache:1483|1	
00000663	42.61442947	[12900] gil-taken|<frozen importlib._bootstrap_external>:_fill_cache:1483|1	
00000664	42.61451340	[12900] gil-taken|<frozen importlib._bootstrap_external>:_fill_cache:1483|1	
00000665	42.61457443	[12900] gil-taken|<frozen importlib._bootstrap_external>:_fill_cache:1483|1	
00000666	42.61464310	[12900] gil-taken|<frozen importlib._bootstrap_external>:_fill_cache:1483|1	
00000667	42.61471176	[12900] gil-taken|<frozen importlib._bootstrap_external>:_fill_cache:1483|1	
00000668	42.61479187	[12900] gil-taken|<frozen importlib._bootstrap_external>:_fill_cache:1483|1	
00000669	42.61485291	[12900] gil-taken|<frozen importlib._bootstrap_external>:_fill_cache:1483|1	
00000670	42.61492157	[12900] gil-taken|<frozen importlib._bootstrap_external>:_fill_cache:1483|1	
00000671	42.61499023	[12900] gil-taken|<frozen importlib._bootstrap_external>:_fill_cache:1483|1	
00000672	42.61507034	[12900] gil-taken|<frozen importlib._bootstrap_external>:_fill_cache:1483|1	
00000673	42.61513138	[12900] gil-taken|<frozen importlib._bootstrap_external>:_fill_cache:1483|1	
00000674	42.61521530	[12900] gil-taken|<frozen importlib._bootstrap_external>:_fill_cache:1483|1	
00000675	42.61529541	[12900] gil-taken|<frozen importlib._bootstrap_external>:_fill_cache:1483|1	
00000676	42.61535645	[12900] gil-taken|<frozen importlib._bootstrap_external>:_fill_cache:1483|1	
00000677	42.61542511	[12900] gil-taken|<frozen importlib._bootstrap_external>:_fill_cache:1483|1	
00000678	42.61549759	[12900] gil-taken|<frozen importlib._bootstrap_external>:_fill_cache:1483|1	
00000679	42.61556244	[12900] gil-taken|<frozen importlib._bootstrap_external>:_fill_cache:1483|1	
00000680	42.61562729	[12900] gil-taken|<frozen importlib._bootstrap_external>:_fill_cache:1483|1	
00000681	42.61569214	[12900] gil-taken|<frozen importlib._bootstrap_external>:_fill_cache:1483|1	
00000682	42.61576462	[12900] gil-taken|<frozen importlib._bootstrap_external>:_fill_cache:1483|1	
00000683	42.61583710	[12900] gil-taken|<frozen importlib._bootstrap_external>:_fill_cache:1483|1	
00000684	42.61590195	[12900] gil-taken|<frozen importlib._bootstrap_external>:_fill_cache:1483|1	
00000685	42.61596298	[12900] gil-taken|<frozen importlib._bootstrap_external>:_fill_cache:1483|1	
00000686	42.61605835	[12900] gil-taken|<frozen importlib._bootstrap_external>:_fill_cache:1483|1	
00000687	42.61612320	[12900] gil-taken|<frozen importlib._bootstrap_external>:_fill_cache:1483|1	
00000688	42.61620331	[12900] gil-taken|<frozen importlib._bootstrap_external>:_fill_cache:1483|1	
00000689	42.61627197	[12900] gil-taken|<frozen importlib._bootstrap_external>:_fill_cache:1483|1	
00000690	42.61634827	[12900] gil-taken|<frozen importlib._bootstrap_external>:_fill_cache:1483|1	
00000691	42.61642838	[12900] gil-taken|<frozen importlib._bootstrap_external>:_fill_cache:1483|1	
00000692	42.61648941	[12900] gil-taken|<frozen importlib._bootstrap_external>:_fill_cache:1483|1	
00000693	42.61656189	[12900] gil-taken|<frozen importlib._bootstrap_external>:_fill_cache:1483|1	
00000694	42.61662292	[12900] gil-taken|<frozen importlib._bootstrap_external>:_fill_cache:1483|1	
00000695	42.61669159	[12900] gil-taken|<frozen importlib._bootstrap_external>:_fill_cache:1483|1	
00000696	42.61676788	[12900] gil-taken|<frozen importlib._bootstrap_external>:_fill_cache:1483|1	
00000697	42.61683655	[12900] gil-taken|<frozen importlib._bootstrap_external>:_fill_cache:1483|1	
00000698	42.61690521	[12900] gil-taken|<frozen importlib._bootstrap_external>:_fill_cache:1483|1	
00000699	42.61697388	[12900] gil-taken|<frozen importlib._bootstrap_external>:_fill_cache:1483|1	
00000700	42.61703873	[12900] gil-taken|<frozen importlib._bootstrap_external>:_fill_cache:1483|1	
00000701	42.61710739	[12900] gil-taken|<frozen importlib._bootstrap_external>:_fill_cache:1483|1	
00000702	42.61717606	[12900] gil-taken|<frozen importlib._bootstrap_external>:_fill_cache:1483|1	
00000703	42.61724091	[12900] gil-taken|<frozen importlib._bootstrap_external>:_fill_cache:1483|1	
00000704	42.61730957	[12900] gil-taken|<frozen importlib._bootstrap_external>:_fill_cache:1483|1	
00000705	42.61737442	[12900] gil-taken|<frozen importlib._bootstrap_external>:_fill_cache:1483|1	
00000706	42.61744690	[12900] gil-taken|<frozen importlib._bootstrap_external>:_fill_cache:1483|1	
00000707	42.61748505	[12900] gil-taken|<frozen importlib._bootstrap_external>:_fill_cache:1483|1	
00000708	42.61750412	[12900] gil-taken|<frozen importlib._bootstrap_external>:_fill_cache:1483|1	
00000709	42.61751556	[12900] gil-taken|<frozen importlib._bootstrap_external>:_fill_cache:1483|1	
00000710	42.61753082	[12900] gil-taken|<frozen importlib._bootstrap_external>:_fill_cache:1483|1	
00000711	42.61754227	[12900] gil-taken|<frozen importlib._bootstrap_external>:_fill_cache:1483|1	
00000712	42.61755753	[12900] gil-taken|<frozen importlib._bootstrap_external>:_fill_cache:1483|1	
00000713	42.61757278	[12900] gil-taken|<frozen importlib._bootstrap_external>:_fill_cache:1483|1	
00000714	42.61759567	[12900] gil-taken|<frozen importlib._bootstrap_external>:_fill_cache:1483|1	
00000715	42.61769867	[12900] gil-taken|<frozen importlib._bootstrap_external>:_fill_cache:1483|1	
00000716	42.61783218	[12900] gil-taken|<frozen importlib._bootstrap_external>:_fill_cache:1483|1	
00000717	42.61795425	[12900] gil-taken|<frozen importlib._bootstrap_external>:_fill_cache:1483|1	
00000718	42.61808014	[12900] gil-taken|<frozen importlib._bootstrap_external>:_fill_cache:1483|1	
00000719	42.61819077	[12900] gil-taken|<frozen importlib._bootstrap_external>:_fill_cache:1483|1	
00000720	42.61836624	[12900] gil-taken|<frozen importlib._bootstrap_external>:_fill_cache:1483|1	
00000721	42.61848831	[12900] gil-taken|<frozen importlib._bootstrap_external>:_fill_cache:1483|1	
00000722	42.61855316	[12900] gil-taken|<frozen importlib._bootstrap_external>:_fill_cache:1483|1	
00000723	42.61856842	[12900] gil-taken|<frozen importlib._bootstrap_external>:_fill_cache:1483|1	
00000724	42.61861801	[12900] gil-taken|<frozen importlib._bootstrap_external>:_fill_cache:1483|1	
00000725	42.61868286	[12900] gil-taken|<frozen importlib._bootstrap_external>:_fill_cache:1483|1	
00000726	42.61875153	[12900] gil-taken|<frozen importlib._bootstrap_external>:_fill_cache:1483|1	
00000727	42.61882782	[12900] gil-taken|<frozen importlib._bootstrap_external>:_fill_cache:1483|1	
00000728	42.61891937	[12900] gil-taken|<frozen importlib._bootstrap_external>:_fill_cache:1483|1	
00000729	42.61899948	[12900] gil-taken|<frozen importlib._bootstrap_external>:_fill_cache:1483|1	
00000730	42.61906052	[12900] gil-taken|<frozen importlib._bootstrap_external>:_fill_cache:1483|1	
00000731	42.61912918	[12900] gil-taken|<frozen importlib._bootstrap_external>:_fill_cache:1483|1	
00000732	42.61919403	[12900] gil-taken|<frozen importlib._bootstrap_external>:_fill_cache:1483|1	
00000733	42.61927414	[12900] gil-taken|<frozen importlib._bootstrap_external>:_fill_cache:1483|1	
00000734	42.61935425	[12900] gil-taken|<frozen importlib._bootstrap_external>:_fill_cache:1483|1	
00000735	42.61941528	[12900] gil-taken|<frozen importlib._bootstrap_external>:_fill_cache:1483|1	
00000736	42.61948013	[12900] gil-taken|<frozen importlib._bootstrap_external>:_fill_cache:1483|1	
00000737	42.61954498	[12900] gil-taken|<frozen importlib._bootstrap_external>:_fill_cache:1483|1	
00000738	42.61961365	[12900] gil-taken|<frozen importlib._bootstrap_external>:_fill_cache:1483|1	
00000739	42.61968231	[12900] gil-taken|<frozen importlib._bootstrap_external>:_fill_cache:1483|1	
00000740	42.61975098	[12900] gil-taken|<frozen importlib._bootstrap_external>:_fill_cache:1483|1	
00000741	42.61981583	[12900] gil-taken|<frozen importlib._bootstrap_external>:_fill_cache:1483|1	
00000742	42.61989975	[12900] gil-taken|<frozen importlib._bootstrap_external>:_fill_cache:1483|1	
00000743	42.61996460	[12900] gil-taken|<frozen importlib._bootstrap_external>:_fill_cache:1483|1	
00000744	42.62002563	[12900] gil-taken|<frozen importlib._bootstrap_external>:_fill_cache:1483|1	
00000745	42.62009048	[12900] gil-taken|<frozen importlib._bootstrap_external>:_fill_cache:1483|1	
00000746	42.62017822	[12900] gil-taken|<frozen importlib._bootstrap_external>:_fill_cache:1483|1	
00000747	42.62026596	[12900] gil-taken|<frozen importlib._bootstrap_external>:_fill_cache:1483|1	
00000748	42.62034607	[12900] gil-taken|<frozen importlib._bootstrap_external>:_fill_cache:1483|1	
00000749	42.62041092	[12900] gil-taken|<frozen importlib._bootstrap_external>:_fill_cache:1483|1	
00000750	42.62048340	[12900] gil-taken|<frozen importlib._bootstrap_external>:_fill_cache:1483|1	
00000751	42.62054443	[12900] gil-taken|<frozen importlib._bootstrap_external>:_fill_cache:1483|1	
00000752	42.62063217	[12900] gil-taken|<frozen importlib._bootstrap_external>:_fill_cache:1483|1	
00000753	42.62072372	[12900] gil-taken|<frozen importlib._bootstrap_external>:_fill_cache:1483|1	
00000754	42.62080383	[12900] gil-taken|<frozen importlib._bootstrap_external>:_fill_cache:1483|1	
00000755	42.62086868	[12900] gil-taken|<frozen importlib._bootstrap_external>:_fill_cache:1483|1	
00000756	42.62094879	[12900] gil-taken|<frozen importlib._bootstrap_external>:_fill_cache:1483|1	
00000757	42.62101364	[12900] gil-taken|<frozen importlib._bootstrap_external>:_fill_cache:1483|1	
00000758	42.62107468	[12900] gil-taken|<frozen importlib._bootstrap_external>:_fill_cache:1483|1	
00000759	42.62115860	[12900] gil-taken|<frozen importlib._bootstrap_external>:_fill_cache:1483|1	
00000760	42.62123871	[12900] gil-taken|<frozen importlib._bootstrap_external>:_fill_cache:1483|1	
00000761	42.62130737	[12900] gil-taken|<frozen importlib._bootstrap_external>:_fill_cache:1483|1	
00000762	42.62136459	[12900] gil-taken|<frozen importlib._bootstrap_external>:_fill_cache:1483|1	
00000763	42.62143326	[12900] gil-taken|<frozen importlib._bootstrap_external>:_fill_cache:1483|1	
00000764	42.62152100	[12900] gil-taken|<frozen importlib._bootstrap_external>:_fill_cache:1483|1	
00000765	42.62158585	[12900] gil-taken|<frozen importlib._bootstrap_external>:_fill_cache:1483|1	
00000766	42.62165070	[12900] gil-taken|<frozen importlib._bootstrap_external>:_fill_cache:1483|1	
00000767	42.62171555	[12900] gil-taken|<frozen importlib._bootstrap_external>:_fill_cache:1483|1	
00000768	42.62178040	[12900] gil-taken|<frozen importlib._bootstrap_external>:_fill_cache:1483|1	
00000769	42.62185287	[12900] gil-taken|<frozen importlib._bootstrap_external>:_fill_cache:1483|1	
00000770	42.62192917	[12900] gil-taken|<frozen importlib._bootstrap_external>:_fill_cache:1483|1	
00000771	42.62199020	[12900] gil-taken|<frozen importlib._bootstrap_external>:_fill_cache:1483|1	
00000772	42.62207031	[12900] gil-taken|<frozen importlib._bootstrap_external>:_fill_cache:1483|1	
00000773	42.62214661	[12900] gil-taken|<frozen importlib._bootstrap_external>:_fill_cache:1483|1	
00000774	42.62220764	[12900] gil-taken|<frozen importlib._bootstrap_external>:_fill_cache:1483|1	
00000775	42.62228775	[12900] gil-taken|<frozen importlib._bootstrap_external>:_fill_cache:1483|1	
00000776	42.62236404	[12900] gil-taken|<frozen importlib._bootstrap_external>:_fill_cache:1483|1	
00000777	42.62244415	[12900] gil-taken|<frozen importlib._bootstrap_external>:_fill_cache:1483|1	
00000778	42.62252808	[12900] gil-taken|<frozen importlib._bootstrap_external>:_fill_cache:1483|1	
00000779	42.62259674	[12900] gil-taken|<frozen importlib._bootstrap_external>:_fill_cache:1483|1	
00000780	42.62267303	[12900] gil-taken|<frozen importlib._bootstrap_external>:_fill_cache:1483|1	
00000781	42.62274551	[12900] gil-taken|<frozen importlib._bootstrap_external>:_fill_cache:1483|1	
00000782	42.62281418	[12900] gil-taken|<frozen importlib._bootstrap_external>:_fill_cache:1483|1	
00000783	42.62287521	[12900] gil-taken|<frozen importlib._bootstrap_external>:_fill_cache:1483|1	
00000784	42.62294388	[12900] gil-taken|<frozen importlib._bootstrap_external>:_fill_cache:1483|1	
00000785	42.62300110	[12900] gil-taken|<frozen importlib._bootstrap_external>:_fill_cache:1483|1	
00000786	42.62306595	[12900] gil-taken|<frozen importlib._bootstrap_external>:_fill_cache:1483|1	
00000787	42.62313461	[12900] gil-taken|<frozen importlib._bootstrap_external>:_fill_cache:1483|1	
00000788	42.62320709	[12900] gil-taken|<frozen importlib._bootstrap_external>:_fill_cache:1483|1	
00000789	42.62328339	[12900] gil-taken|<frozen importlib._bootstrap_external>:_fill_cache:1483|1	
00000790	42.62334824	[12900] gil-taken|<frozen importlib._bootstrap_external>:_fill_cache:1483|1	
00000791	42.62341309	[12900] gil-taken|<frozen importlib._bootstrap_external>:_fill_cache:1483|1	
00000792	42.62348175	[12900] gil-taken|<frozen importlib._bootstrap_external>:_fill_cache:1483|1	
00000793	42.62354660	[12900] gil-taken|<frozen importlib._bootstrap_external>:_fill_cache:1483|1	
00000794	42.62361145	[12900] gil-taken|<frozen importlib._bootstrap_external>:_fill_cache:1483|1	
00000795	42.62368393	[12900] gil-taken|<frozen importlib._bootstrap_external>:_fill_cache:1483|1	
00000796	42.62374878	[12900] gil-taken|<frozen importlib._bootstrap_external>:_fill_cache:1483|1	
00000797	42.62382507	[12900] gil-taken|<frozen importlib._bootstrap_external>:_fill_cache:1483|1	
00000798	42.62390900	[12900] gil-taken|<frozen importlib._bootstrap_external>:_fill_cache:1483|1	
00000799	42.62397003	[12900] gil-taken|<frozen importlib._bootstrap_external>:_fill_cache:1483|1	
00000800	42.62405777	[12900] gil-taken|<frozen importlib._bootstrap_external>:_fill_cache:1483|1	
00000801	42.62411880	[12900] gil-taken|<frozen importlib._bootstrap_external>:_fill_cache:1483|1	
00000802	42.62418365	[12900] gil-taken|<frozen importlib._bootstrap_external>:_fill_cache:1483|1	
00000803	42.62424469	[12900] gil-taken|<frozen importlib._bootstrap_external>:_fill_cache:1483|1	
00000804	42.62432861	[12900] gil-taken|<frozen importlib._bootstrap_external>:_fill_cache:1483|1	
00000805	42.62440872	[12900] gil-taken|<frozen importlib._bootstrap_external>:_fill_cache:1483|1	
00000806	42.62446976	[12900] gil-taken|<frozen importlib._bootstrap_external>:_fill_cache:1483|1	
00000807	42.62453842	[12900] gil-taken|<frozen importlib._bootstrap_external>:_fill_cache:1483|1	
00000808	42.62460327	[12900] gil-taken|<frozen importlib._bootstrap_external>:_fill_cache:1483|1	
00000809	42.62467575	[12900] gil-taken|<frozen importlib._bootstrap_external>:_fill_cache:1483|1	
00000810	42.62474060	[12900] gil-taken|<frozen importlib._bootstrap_external>:_fill_cache:1483|1	
00000811	42.62482452	[12900] gil-taken|<frozen importlib._bootstrap_external>:_fill_cache:1483|1	
00000812	42.62549591	[12900] gil-taken|<frozen importlib._bootstrap_external>:_path_stat:87|1	
00000813	42.62556458	[12900] gil-taken|<frozen importlib._bootstrap_external>:_path_stat:87|1	
00000814	42.62565613	[12900] gil-taken|<frozen importlib._bootstrap_external>:_path_stat:87|1	
00000815	42.62571335	[12900] gil-taken|<frozen importlib._bootstrap_external>:_fill_cache:1483|1	
00000816	42.62577820	[12900] gil-taken|<frozen importlib._bootstrap_external>:_fill_cache:1483|1	
00000817	42.62586594	[12900] gil-taken|<frozen importlib._bootstrap_external>:_fill_cache:1483|1	
00000818	42.62594604	[12900] gil-taken|<frozen importlib._bootstrap_external>:_fill_cache:1483|1	
00000819	42.62602615	[12900] gil-taken|<frozen importlib._bootstrap_external>:_fill_cache:1483|1	
00000820	42.62609100	[12900] gil-taken|<frozen importlib._bootstrap_external>:_fill_cache:1483|1	
00000821	42.62617111	[12900] gil-taken|<frozen importlib._bootstrap_external>:_fill_cache:1483|1	
00000822	42.62624741	[12900] gil-taken|<frozen importlib._bootstrap_external>:_fill_cache:1483|1	
00000823	42.62631226	[12900] gil-taken|<frozen importlib._bootstrap_external>:_fill_cache:1483|1	
00000824	42.62637329	[12900] gil-taken|<frozen importlib._bootstrap_external>:_fill_cache:1483|1	
00000825	42.62645721	[12900] gil-taken|<frozen importlib._bootstrap_external>:_fill_cache:1483|1	
00000826	42.62652588	[12900] gil-taken|<frozen importlib._bootstrap_external>:_fill_cache:1483|1	
00000827	42.62659836	[12900] gil-taken|<frozen importlib._bootstrap_external>:_fill_cache:1483|1	
00000828	42.62666702	[12900] gil-taken|<frozen importlib._bootstrap_external>:_fill_cache:1483|1	
00000829	42.62675476	[12900] gil-taken|<frozen importlib._bootstrap_external>:_fill_cache:1483|1	
00000830	42.62683868	[12900] gil-taken|<frozen importlib._bootstrap_external>:_fill_cache:1483|1	
00000831	42.62689972	[12900] gil-taken|<frozen importlib._bootstrap_external>:_fill_cache:1483|1	
00000832	42.62698746	[12900] gil-taken|<frozen importlib._bootstrap_external>:_fill_cache:1483|1	
00000833	42.62704849	[12900] gil-taken|<frozen importlib._bootstrap_external>:_fill_cache:1483|1	
00000834	42.62712860	[12900] gil-taken|<frozen importlib._bootstrap_external>:_fill_cache:1483|1	
00000835	42.62720108	[12900] gil-taken|<frozen importlib._bootstrap_external>:_fill_cache:1483|1	
00000836	42.62726593	[12900] gil-taken|<frozen importlib._bootstrap_external>:_fill_cache:1483|1	
00000837	42.62734604	[12900] gil-taken|<frozen importlib._bootstrap_external>:_fill_cache:1483|1	
00000838	42.62741470	[12900] gil-taken|<frozen importlib._bootstrap_external>:_fill_cache:1483|1	
00000839	42.62748337	[12900] gil-taken|<frozen importlib._bootstrap_external>:_fill_cache:1483|1	
00000840	42.62755585	[12900] gil-taken|<frozen importlib._bootstrap_external>:_fill_cache:1483|1	
00000841	42.62763596	[12900] gil-taken|<frozen importlib._bootstrap_external>:_fill_cache:1483|1	
00000842	42.62770081	[12900] gil-taken|<frozen importlib._bootstrap_external>:_fill_cache:1483|1	
00000843	42.62776184	[12900] gil-taken|<frozen importlib._bootstrap_external>:_fill_cache:1483|1	
00000844	42.62782669	[12900] gil-taken|<frozen importlib._bootstrap_external>:_fill_cache:1483|1	
00000845	42.62791443	[12900] gil-taken|<frozen importlib._bootstrap_external>:_fill_cache:1483|1	
00000846	42.62800217	[12900] gil-taken|<frozen importlib._bootstrap_external>:_fill_cache:1483|1	
00000847	42.62818146	[12900] gil-taken|<frozen importlib._bootstrap_external>:_path_stat:87|1	
00000848	42.62823868	[12900] gil-taken|<frozen importlib._bootstrap_external>:_path_stat:87|1	
00000849	42.62830734	[12900] gil-taken|<frozen importlib._bootstrap_external>:_path_stat:87|1	
00000850	42.62835693	[12900] gil-taken|<frozen importlib._bootstrap_external>:_fill_cache:1483|1	
00000851	42.62843704	[12900] gil-taken|<frozen importlib._bootstrap_external>:_fill_cache:1483|1	
00000852	42.62850571	[12900] gil-taken|<frozen importlib._bootstrap_external>:_fill_cache:1483|1	
00000853	42.62857437	[12900] gil-taken|<frozen importlib._bootstrap_external>:_fill_cache:1483|1	
00000854	42.62865829	[12900] gil-taken|<frozen importlib._bootstrap_external>:_fill_cache:1483|1	
00000855	42.62873459	[12900] gil-taken|<frozen importlib._bootstrap_external>:_fill_cache:1483|1	
00000856	42.62881088	[12900] gil-taken|<frozen importlib._bootstrap_external>:_fill_cache:1483|1	
00000857	42.62887573	[12900] gil-taken|<frozen importlib._bootstrap_external>:_fill_cache:1483|1	
00000858	42.62894440	[12900] gil-taken|<frozen importlib._bootstrap_external>:_fill_cache:1483|1	
00000859	42.62901306	[12900] gil-taken|<frozen importlib._bootstrap_external>:_fill_cache:1483|1	
00000860	42.62908173	[12900] gil-taken|<frozen importlib._bootstrap_external>:_fill_cache:1483|1	
00000861	42.62915039	[12900] gil-taken|<frozen importlib._bootstrap_external>:_fill_cache:1483|1	
00000862	42.62921524	[12900] gil-taken|<frozen importlib._bootstrap_external>:_fill_cache:1483|1	
00000863	42.62928772	[12900] gil-taken|<frozen importlib._bootstrap_external>:_fill_cache:1483|1	
00000864	42.62935257	[12900] gil-taken|<frozen importlib._bootstrap_external>:_fill_cache:1483|1	
00000865	42.62942886	[12900] gil-taken|<frozen importlib._bootstrap_external>:_fill_cache:1483|1	
00000866	42.62949371	[12900] gil-taken|<frozen importlib._bootstrap_external>:_fill_cache:1483|1	
00000867	42.62956619	[12900] gil-taken|<frozen importlib._bootstrap_external>:_fill_cache:1483|1	
00000868	42.62960815	[12900] gil-taken|<frozen importlib._bootstrap_external>:_fill_cache:1483|1	
00000869	42.62962723	[12900] gil-taken|<frozen importlib._bootstrap_external>:_fill_cache:1483|1	
00000870	42.62963867	[12900] gil-taken|<frozen importlib._bootstrap_external>:_fill_cache:1483|1	
00000871	42.62965012	[12900] gil-taken|<frozen importlib._bootstrap_external>:_fill_cache:1483|1	
00000872	42.62966537	[12900] gil-taken|<frozen importlib._bootstrap_external>:_fill_cache:1483|1	
00000873	42.62967682	[12900] gil-taken|<frozen importlib._bootstrap_external>:_fill_cache:1483|1	
00000874	42.62969208	[12900] gil-taken|<frozen importlib._bootstrap_external>:_fill_cache:1483|1	
00000875	42.62970734	[12900] gil-taken|<frozen importlib._bootstrap_external>:_fill_cache:1483|1	
00000876	42.62971878	[12900] gil-taken|<frozen importlib._bootstrap_external>:_fill_cache:1483|1	
00000877	42.62973785	[12900] gil-taken|<frozen importlib._bootstrap_external>:_fill_cache:1483|1	
00000878	42.62978745	[12900] gil-taken|<frozen importlib._bootstrap_external>:_fill_cache:1483|1	
00000879	42.62985611	[12900] gil-taken|<frozen importlib._bootstrap_external>:_fill_cache:1483|1	
00000880	42.62992859	[12900] gil-taken|<frozen importlib._bootstrap_external>:_fill_cache:1483|1	
00000881	42.62999344	[12900] gil-taken|<frozen importlib._bootstrap_external>:_fill_cache:1483|1	
00000882	42.63005829	[12900] gil-taken|<frozen importlib._bootstrap_external>:_fill_cache:1483|1	
00000883	42.63012314	[12900] gil-taken|<frozen importlib._bootstrap_external>:_fill_cache:1483|1	
00000884	42.63019180	[12900] gil-taken|<frozen importlib._bootstrap_external>:_fill_cache:1483|1	
00000885	42.63026047	[12900] gil-taken|<frozen importlib._bootstrap_external>:_fill_cache:1483|1	
00000886	42.63032532	[12900] gil-taken|<frozen importlib._bootstrap_external>:_fill_cache:1483|1	
00000887	42.63039398	[12900] gil-taken|<frozen importlib._bootstrap_external>:_fill_cache:1483|1	
00000888	42.63046265	[12900] gil-taken|<frozen importlib._bootstrap_external>:_fill_cache:1483|1	
00000889	42.63053131	[12900] gil-taken|<frozen importlib._bootstrap_external>:_fill_cache:1483|1	
00000890	42.63071060	[12900] gil-taken|<frozen importlib._bootstrap_external>:_path_stat:87|1	
00000891	42.63077927	[12900] gil-taken|<frozen importlib._bootstrap_external>:_path_stat:87|1	
00000892	42.63083649	[12900] gil-taken|<frozen importlib._bootstrap_external>:_path_stat:87|1	
00000893	42.63088226	[12900] gil-taken|<frozen importlib._bootstrap_external>:_fill_cache:1483|1	
00000894	42.63095856	[12900] gil-taken|<frozen importlib._bootstrap_external>:_fill_cache:1483|1	
00000895	42.63103104	[12900] gil-taken|<frozen importlib._bootstrap_external>:_fill_cache:1483|1	
00000896	42.63109589	[12900] gil-taken|<frozen importlib._bootstrap_external>:_fill_cache:1483|1	
00000897	42.63116455	[12900] gil-taken|<frozen importlib._bootstrap_external>:_fill_cache:1483|1	
00000898	42.63123322	[12900] gil-taken|<frozen importlib._bootstrap_external>:_fill_cache:1483|1	
00000899	42.63129807	[12900] gil-taken|<frozen importlib._bootstrap_external>:_fill_cache:1483|1	
00000900	42.63136673	[12900] gil-taken|<frozen importlib._bootstrap_external>:_fill_cache:1483|1	
00000901	42.63143158	[12900] gil-taken|<frozen importlib._bootstrap_external>:_fill_cache:1483|1	
00000902	42.63149261	[12900] gil-taken|<frozen importlib._bootstrap_external>:_fill_cache:1483|1	
00000903	42.63154602	[12900] gil-taken|<frozen importlib._bootstrap_external>:_fill_cache:1483|1	
00000904	42.63172913	[12900] gil-taken|<frozen importlib._bootstrap_external>:_path_stat:87|1	
00000905	42.63180923	[12900] gil-taken|<frozen importlib._bootstrap_external>:_path_stat:87|1	
00000906	42.63189316	[12900] gil-taken|<frozen importlib._bootstrap_external>:_path_stat:87|1	
00000907	42.63197327	[12900] gil-taken|<frozen importlib._bootstrap_external>:_path_stat:87|1	
00000908	42.63204956	[12900] gil-taken|<frozen importlib._bootstrap_external>:_path_stat:87|1	
00000909	42.63219070	[12900] gil-taken|<frozen importlib._bootstrap_external>:_path_stat:87|1	
00000910	42.63225937	[12900] gil-taken|<frozen zipimport>:_read_directory:354|1	
00000911	42.63232803	[12900] gil-taken|<frozen zipimport>:_read_directory:354|1	
00000912	42.63240051	[12900] gil-taken|<frozen zipimport>:_read_directory:354|1	
00000913	42.63244629	[12900] gil-taken|<frozen zipimport>:_read_directory:354|1	
00000914	42.63251877	[12900] gil-taken|<frozen zipimport>:_read_directory:360|1	
00000915	42.63258743	[12900] gil-taken|<frozen zipimport>:_read_directory:361|1	
00000916	42.63260651	[12900] gil-taken|<frozen zipimport>:_read_directory:362|1	
00000917	42.63262558	[12900] gil-taken|<frozen zipimport>:_read_directory:371|1	
00000918	42.63264465	[12900] gil-taken|<frozen zipimport>:_read_directory:372|1	
00000919	42.63266754	[12900] gil-taken|<frozen zipimport>:_read_directory:379|1	
00000920	42.63269424	[12900] gil-taken|<frozen zipimport>:_read_directory:380|1	
00000921	42.63271332	[12900] gil-taken|<frozen zipimport>:_read_directory:380|1	
00000922	42.63274765	[12900] gil-taken|<frozen zipimport>:_read_directory:380|1	
00000923	42.63280487	[12900] gil-taken|<frozen zipimport>:_read_directory:466|1	
00000924	42.63290405	[12900] gil-taken|<frozen importlib._bootstrap_external>:_path_stat:87|1	
00000925	42.63492966	[12900] gil-taken|<frozen importlib._bootstrap_external>:_path_stat:87|1	
00000926	42.63500977	[12900] gil-taken|<frozen importlib._bootstrap_external>:_path_stat:87|1	
00000927	42.63507843	[12900] gil-taken|<frozen importlib._bootstrap_external>:_path_stat:87|1	
00000928	42.63522720	[12900] gil-taken|<frozen importlib._bootstrap_external>:_path_stat:87|1	
00000929	42.63529587	[12900] gil-taken|<frozen importlib._bootstrap_external>:get_data:972|1	
00000930	42.63536453	[12900] gil-taken|<frozen importlib._bootstrap_external>:get_data:972|1	
00000931	42.63544083	[12900] gil-taken|<frozen importlib._bootstrap_external>:get_data:972|1	
00000932	42.63550568	[12900] gil-taken|<frozen importlib._bootstrap_external>:get_data:972|1	
00000933	42.63555908	[12900] gil-taken|<frozen importlib._bootstrap_external>:get_data:973|1	
00000934	42.63557053	[12900] gil-taken|<frozen importlib._bootstrap_external>:get_data:973|1	
00000935	42.63560104	[12900] gil-taken|<frozen importlib._bootstrap_external>:get_data:973|1	
00000936	42.63563156	[12900] gil-taken|<frozen importlib._bootstrap_external>:get_data:973|1	
00000937	42.63612747	[12900] gil-taken|<frozen importlib._bootstrap_external>:_path_stat:87|1	
00000938	42.63621140	[12900] gil-taken|<frozen importlib._bootstrap_external>:_path_stat:87|1	
00000939	42.63628006	[12900] gil-taken|<frozen importlib._bootstrap_external>:_path_stat:87|1	
00000940	42.63640976	[12900] gil-taken|<frozen importlib._bootstrap_external>:_path_stat:87|1	
00000941	42.63647842	[12900] gil-taken|<frozen importlib._bootstrap_external>:get_data:972|1	
00000942	42.63655472	[12900] gil-taken|<frozen importlib._bootstrap_external>:get_data:972|1	
00000943	42.63659668	[12900] gil-taken|<frozen importlib._bootstrap_external>:get_data:972|1	
00000944	42.63662338	[12900] gil-taken|<frozen importlib._bootstrap_external>:get_data:972|1	
00000945	42.63665009	[12900] gil-taken|<frozen importlib._bootstrap_external>:get_data:973|1	
00000946	42.63668442	[12900] gil-taken|<frozen importlib._bootstrap_external>:get_data:973|1	
00000947	42.63670349	[12900] gil-taken|<frozen importlib._bootstrap_external>:get_data:973|1	
00000948	42.63673782	[12900] gil-taken|<frozen importlib._bootstrap_external>:get_data:973|1	
00000949	42.63782883	[12900] gil-taken|<frozen importlib._bootstrap_external>:_path_stat:87|1	
00000950	42.63792419	[12900] gil-taken|<frozen importlib._bootstrap_external>:_path_stat:87|1	
00000951	42.63800049	[12900] gil-taken|<frozen importlib._bootstrap_external>:_path_stat:87|1	
00000952	42.63812637	[12900] gil-taken|<frozen importlib._bootstrap_external>:_path_stat:87|1	
00000953	42.63819504	[12900] gil-taken|<frozen importlib._bootstrap_external>:get_data:972|1	
00000954	42.63826752	[12900] gil-taken|<frozen importlib._bootstrap_external>:get_data:972|1	
00000955	42.63832855	[12900] gil-taken|<frozen importlib._bootstrap_external>:get_data:972|1	
00000956	42.63838196	[12900] gil-taken|<frozen importlib._bootstrap_external>:get_data:972|1	
00000957	42.63843155	[12900] gil-taken|<frozen importlib._bootstrap_external>:get_data:973|1	
00000958	42.63844299	[12900] gil-taken|<frozen importlib._bootstrap_external>:get_data:973|1	
00000959	42.63850403	[12900] gil-taken|<frozen importlib._bootstrap_external>:get_data:973|1	
00000960	42.63856888	[12900] gil-taken|<frozen importlib._bootstrap_external>:get_data:973|1	
00000961	42.63924026	[12900] gil-taken|<frozen importlib._bootstrap_external>:_path_stat:87|1	
00000962	42.63932419	[12900] gil-taken|<frozen importlib._bootstrap_external>:_path_stat:87|1	
00000963	42.63940048	[12900] gil-taken|<frozen importlib._bootstrap_external>:_path_stat:87|1	
00000964	42.63953781	[12900] gil-taken|<frozen importlib._bootstrap_external>:_path_stat:87|1	
00000965	42.63961029	[12900] gil-taken|<frozen importlib._bootstrap_external>:get_data:972|1	
00000966	42.63965607	[12900] gil-taken|<frozen importlib._bootstrap_external>:get_data:972|1	
00000967	42.63968277	[12900] gil-taken|<frozen importlib._bootstrap_external>:get_data:972|1	
00000968	42.63970947	[12900] gil-taken|<frozen importlib._bootstrap_external>:get_data:972|1	
00000969	42.63974762	[12900] gil-taken|<frozen importlib._bootstrap_external>:get_data:973|1	
00000970	42.63981247	[12900] gil-taken|<frozen importlib._bootstrap_external>:get_data:973|1	
00000971	42.63988495	[12900] gil-taken|<frozen importlib._bootstrap_external>:get_data:973|1	
00000972	42.63990402	[12900] gil-taken|<frozen importlib._bootstrap_external>:get_data:973|1	
00000973	42.64043808	[12900] gil-taken|<frozen importlib._bootstrap_external>:_path_stat:87|1	
00000974	42.64052200	[12900] gil-taken|<frozen importlib._bootstrap_external>:_path_stat:87|1	
00000975	42.64059067	[12900] gil-taken|<frozen importlib._bootstrap_external>:_path_stat:87|1	
00000976	42.64073181	[12900] gil-taken|<frozen importlib._bootstrap_external>:_path_stat:87|1	
00000977	42.64079666	[12900] gil-taken|<frozen importlib._bootstrap_external>:get_data:972|1	
00000978	42.64088821	[12900] gil-taken|<frozen importlib._bootstrap_external>:get_data:972|1	
00000979	42.64097214	[12900] gil-taken|<frozen importlib._bootstrap_external>:get_data:972|1	
00000980	42.64106369	[12900] gil-taken|<frozen importlib._bootstrap_external>:get_data:972|1	
00000981	42.64115143	[12900] gil-taken|<frozen importlib._bootstrap_external>:get_data:973|1	
00000982	42.64116287	[12900] gil-taken|<frozen importlib._bootstrap_external>:get_data:973|1	
00000983	42.64121246	[12900] gil-taken|<frozen importlib._bootstrap_external>:get_data:973|1	
00000984	42.64128494	[12900] gil-taken|<frozen importlib._bootstrap_external>:get_data:973|1	
00000985	42.64283371	[12900] gil-taken|D:\repos\cpython-profiled\lib\threading.py:wait:302|1	
00000986	42.64313126	[12900] gil-taken|D:\repos\cpython-profiled\lib\threading.py:wait:302|1	
00000987	42.64340973	[12900] gil-taken|D:\repos\cpython-profiled\lib\threading.py:wait:302|1	
00000988	42.64365005	[12900] gil-taken|D:\repos\cpython-profiled\lib\threading.py:wait:302|1	
00000989	42.64390564	[12900] gil-taken|D:\repos\cpython-profiled\lib\threading.py:wait:302|1	
00000990	42.64395523	[12900] gil-taken|.\thread1.py:<module>:24|1	
00000991	42.64461136	[12900] gil-taken|.\thread1.py:<module>:24|1	
00000993	44.65085983	[12900] gil-taken|.\thread1.py:<module>:25|1	
00000994	44.65154266	[12900] gil-taken|D:\repos\cpython-profiled\lib\threading.py:wait:302|2	
00000995	44.65188980	[12900] gil-taken|D:\repos\cpython-profiled\lib\threading.py:wait:302|3	
00000996	44.65222549	[12900] gil-taken|D:\repos\cpython-profiled\lib\threading.py:wait:302|6	
00000997	44.65256500	[12900] gil-taken|D:\repos\cpython-profiled\lib\threading.py:wait:302|5	
00000998	44.65286636	[12900] gil-taken|D:\repos\cpython-profiled\lib\threading.py:wait:302|4	
00000999	45.00868225	[12900] gil-taken|.\thread1.py:task:14|5	
00001000	45.02330399	[12900] gil-taken|.\thread1.py:task:15|5	
00001001	45.02769470	[12900] gil-taken|.\thread1.py:task:14|2	
00001002	45.02941132	[12900] gil-taken|.\thread1.py:task:15|5	
00001003	45.03126907	[12900] gil-taken|.\thread1.py:task:15|2	
00001004	45.03609848	[12900] gil-taken|.\thread1.py:task:15|2	
00001005	45.03794098	[12900] gil-taken|D:\repos\cpython-profiled\lib\threading.py:_shutdown:1388|1	
00001006	45.04212189	[12900] gil-taken|.\thread1.py:task:15|2	
00001007	45.11617661	[12900] gil-taken|.\thread1.py:task:14|4	
00001008	45.11626434	[12900] gil-taken|.\thread1.py:task:15|4	
00001009	45.11643982	[12900] gil-taken|.\thread1.py:task:15|4	
00001010	45.13150406	[12900] gil-taken|.\thread1.py:task:14|3	
00001011	45.13173676	[12900] gil-taken|.\thread1.py:task:15|3	
00001012	45.13222885	[12900] gil-taken|.\thread1.py:task:15|3	
00001013	45.13264465	[12900] gil-taken|D:\repos\cpython-profiled\lib\threading.py:_shutdown:1388|1	
00001014	45.21045303	[12900] gil-taken|.\thread1.py:task:14|6	
00001015	45.21053314	[12900] gil-taken|.\thread1.py:task:15|6	
00001016	45.21065521	[12900] gil-taken|.\thread1.py:task:15|6	
00001017	45.21070862	[12900] gil-taken|D:\repos\cpython-profiled\lib\threading.py:_shutdown:1388|1	
